[0.033s] Invoking command in '/home/stefan/projectsLinux/BeerBot/ros2_code/build/custom_interfaces': CMAKE_PREFIX_PATH=${CMAKE_PREFIX_PATH}:/opt/ros/foxy /usr/bin/cmake --build /home/stefan/projectsLinux/BeerBot/ros2_code/build/custom_interfaces -- -j8 -l8
[0.055s] -- Found ament_cmake: 0.9.9 (/opt/ros/foxy/share/ament_cmake/cmake)
[0.075s] -- Found PythonInterp: /usr/bin/python3 (found suitable version "3.8.10", minimum required is "3") 
[0.075s] -- Using PYTHON_EXECUTABLE: /usr/bin/python3
[0.226s] -- Found rclcpp: 2.4.1 (/opt/ros/foxy/share/rclcpp/cmake)
[0.350s] -- Using all available rosidl_typesupport_c: rosidl_typesupport_fastrtps_c;rosidl_typesupport_introspection_c
[0.352s] -- Found rosidl_adapter: 1.2.1 (/opt/ros/foxy/share/rosidl_adapter/cmake)
[2.016s] -- Using all available rosidl_typesupport_cpp: rosidl_typesupport_fastrtps_cpp;rosidl_typesupport_introspection_cpp
[2.058s] -- Found rmw_implementation_cmake: 1.0.3 (/opt/ros/foxy/share/rmw_implementation_cmake/cmake)
[2.059s] -- Using RMW implementation 'rmw_fastrtps_cpp' as default
[2.179s] -- Found rosidl_default_generators: 1.0.1 (/opt/ros/foxy/share/rosidl_default_generators/cmake)
[2.204s] -- Found PythonInterp: /usr/bin/python3 (found version "3.8.10") 
[2.338s] -- Found ament_cmake_ros: 0.9.2 (/opt/ros/foxy/share/ament_cmake_ros/cmake)
[4.696s] -- Using all available rosidl_typesupport_c: rosidl_typesupport_fastrtps_c;rosidl_typesupport_introspection_c
[4.702s] -- Using all available rosidl_typesupport_cpp: rosidl_typesupport_fastrtps_cpp;rosidl_typesupport_introspection_cpp
[4.721s] -- Found PythonInterp: /usr/bin/python3 (found suitable version "3.8.10", minimum required is "3.5") 
[4.721s] -- Found python_cmake_module: 0.8.1 (/opt/ros/foxy/share/python_cmake_module/cmake)
[4.738s] -- Using PYTHON_EXECUTABLE: /usr/bin/python3
[4.738s] -- Using PYTHON_INCLUDE_DIRS: /usr/include/python3.8
[4.739s] -- Using PYTHON_LIBRARIES: /usr/lib/x86_64-linux-gnu/libpython3.8.so
[4.755s] -- Configuring done
[4.781s] -- Generating done
[4.785s] -- Build files have been written to: /home/stefan/projectsLinux/BeerBot/ros2_code/build/custom_interfaces
[4.816s] [  3%] Built target custom_interfaces__cpp
[4.817s] [ 12%] Built target custom_interfaces__rosidl_generator_c
[4.834s] [ 51%] Built target custom_interfaces__rosidl_typesupport_introspection_c
[4.834s] [ 48%] Built target custom_interfaces__rosidl_typesupport_c
[4.834s] [ 51%] Built target custom_interfaces__rosidl_typesupport_introspection_cpp
[4.834s] [ 51%] Built target custom_interfaces__rosidl_typesupport_cpp
[4.837s] [ 61%] Built target custom_interfaces__rosidl_typesupport_fastrtps_cpp
[4.859s] [ 70%] Built target custom_interfaces__rosidl_typesupport_fastrtps_c
[4.875s] [ 70%] Built target custom_interfaces
[4.891s] [ 74%] Built target custom_interfaces__py
[4.911s] [ 80%] Built target custom_interfaces__python
[4.931s] [ 93%] Built target custom_interfaces__rosidl_typesupport_introspection_c__pyext
[4.931s] [ 93%] Built target custom_interfaces__rosidl_typesupport_fastrtps_c__pyext
[4.931s] [100%] Built target custom_interfaces__rosidl_typesupport_c__pyext
