[0.022s] Invoking command in '/home/stefan/projectsLinux/BeerBot/ros2_code/build/custom_interfaces': CMAKE_PREFIX_PATH=${CMAKE_PREFIX_PATH}:/home/stefan/ws/install/opencv_tests:/opt/ros/foxy /usr/bin/cmake --build /home/stefan/projectsLinux/BeerBot/ros2_code/build/custom_interfaces -- -j8 -l8
[0.043s] -- Found ament_cmake: 0.9.9 (/opt/ros/foxy/share/ament_cmake/cmake)
[0.065s] -- Found PythonInterp: /usr/bin/python3 (found suitable version "3.8.10", minimum required is "3") 
[0.065s] -- Using PYTHON_EXECUTABLE: /usr/bin/python3
[0.223s] -- Found rclcpp: 2.4.1 (/opt/ros/foxy/share/rclcpp/cmake)
[0.339s] -- Using all available rosidl_typesupport_c: rosidl_typesupport_fastrtps_c;rosidl_typesupport_introspection_c
[0.342s] -- Found rosidl_adapter: 1.2.1 (/opt/ros/foxy/share/rosidl_adapter/cmake)
[2.678s] -- Using all available rosidl_typesupport_cpp: rosidl_typesupport_fastrtps_cpp;rosidl_typesupport_introspection_cpp
[2.717s] -- Found rmw_implementation_cmake: 1.0.3 (/opt/ros/foxy/share/rmw_implementation_cmake/cmake)
[2.719s] -- Using RMW implementation 'rmw_fastrtps_cpp' as default
[2.839s] -- Found rosidl_default_generators: 1.0.1 (/opt/ros/foxy/share/rosidl_default_generators/cmake)
[2.869s] -- Found PythonInterp: /usr/bin/python3 (found version "3.8.10") 
[3.010s] -- Found ament_cmake_ros: 0.9.2 (/opt/ros/foxy/share/ament_cmake_ros/cmake)
[5.558s] -- Using all available rosidl_typesupport_c: rosidl_typesupport_fastrtps_c;rosidl_typesupport_introspection_c
[5.566s] -- Using all available rosidl_typesupport_cpp: rosidl_typesupport_fastrtps_cpp;rosidl_typesupport_introspection_cpp
[5.592s] -- Found PythonInterp: /usr/bin/python3 (found suitable version "3.8.10", minimum required is "3.5") 
[5.592s] -- Found python_cmake_module: 0.8.1 (/opt/ros/foxy/share/python_cmake_module/cmake)
[5.617s] -- Using PYTHON_EXECUTABLE: /usr/bin/python3
[5.617s] -- Using PYTHON_INCLUDE_DIRS: /usr/include/python3.8
[5.617s] -- Using PYTHON_LIBRARIES: /usr/lib/x86_64-linux-gnu/libpython3.8.so
[5.638s] -- Configuring done
[5.665s] -- Generating done
[5.670s] -- Build files have been written to: /home/stefan/projectsLinux/BeerBot/ros2_code/build/custom_interfaces
[5.701s] [  6%] Built target custom_interfaces__cpp
[5.701s] [ 12%] Built target custom_interfaces__rosidl_generator_c
[5.720s] [ 32%] Built target custom_interfaces__rosidl_typesupport_c
[5.720s] [ 32%] Built target custom_interfaces__rosidl_typesupport_introspection_cpp
[5.721s] [ 51%] Built target custom_interfaces__rosidl_typesupport_cpp
[5.721s] [ 51%] Built target custom_interfaces__rosidl_typesupport_introspection_c
[5.723s] [ 61%] Built target custom_interfaces__rosidl_typesupport_fastrtps_cpp
[5.744s] [ 70%] Built target custom_interfaces__rosidl_typesupport_fastrtps_c
[5.761s] [ 70%] Built target custom_interfaces
[5.780s] [ 74%] Built target custom_interfaces__py
[5.801s] [ 80%] Built target custom_interfaces__python
[5.823s] [ 87%] Built target custom_interfaces__rosidl_typesupport_fastrtps_c__pyext
[5.823s] [100%] Built target custom_interfaces__rosidl_typesupport_introspection_c__pyext
[5.823s] [100%] Built target custom_interfaces__rosidl_typesupport_c__pyext
[5.835s] Invoked command in '/home/stefan/projectsLinux/BeerBot/ros2_code/build/custom_interfaces' returned '0': CMAKE_PREFIX_PATH=${CMAKE_PREFIX_PATH}:/home/stefan/ws/install/opencv_tests:/opt/ros/foxy /usr/bin/cmake --build /home/stefan/projectsLinux/BeerBot/ros2_code/build/custom_interfaces -- -j8 -l8
[5.897s] Invoking command in '/home/stefan/projectsLinux/BeerBot/ros2_code/build/custom_interfaces': CMAKE_PREFIX_PATH=${CMAKE_PREFIX_PATH}:/home/stefan/ws/install/opencv_tests:/opt/ros/foxy /usr/bin/cmake --install /home/stefan/projectsLinux/BeerBot/ros2_code/build/custom_interfaces
[5.904s] -- Install configuration: ""
[5.905s] -- Up-to-date: /home/stefan/projectsLinux/BeerBot/ros2_code/install/custom_interfaces/share/ament_index/resource_index/rosidl_interfaces/custom_interfaces
[5.905s] -- Up-to-date: /home/stefan/projectsLinux/BeerBot/ros2_code/install/custom_interfaces/include/custom_interfaces
[5.905s] -- Up-to-date: /home/stefan/projectsLinux/BeerBot/ros2_code/install/custom_interfaces/include/custom_interfaces/msg
[5.905s] -- Up-to-date: /home/stefan/projectsLinux/BeerBot/ros2_code/install/custom_interfaces/include/custom_interfaces/msg/servo_data.h
[5.906s] -- Up-to-date: /home/stefan/projectsLinux/BeerBot/ros2_code/install/custom_interfaces/include/custom_interfaces/msg/rosidl_generator_c__visibility_control.h
[5.906s] -- Up-to-date: /home/stefan/projectsLinux/BeerBot/ros2_code/install/custom_interfaces/include/custom_interfaces/msg/detail
[5.907s] -- Up-to-date: /home/stefan/projectsLinux/BeerBot/ros2_code/install/custom_interfaces/include/custom_interfaces/msg/detail/servo_data__functions.c
[5.907s] -- Up-to-date: /home/stefan/projectsLinux/BeerBot/ros2_code/install/custom_interfaces/include/custom_interfaces/msg/detail/servo_data__functions.h
[5.907s] -- Up-to-date: /home/stefan/projectsLinux/BeerBot/ros2_code/install/custom_interfaces/include/custom_interfaces/msg/detail/servo_data__type_support.h
[5.907s] -- Up-to-date: /home/stefan/projectsLinux/BeerBot/ros2_code/install/custom_interfaces/include/custom_interfaces/msg/detail/servo_data__struct.h
[5.908s] -- Up-to-date: /home/stefan/projectsLinux/BeerBot/ros2_code/install/custom_interfaces/share/custom_interfaces/environment/library_path.sh
[5.908s] -- Installing: /home/stefan/projectsLinux/BeerBot/ros2_code/install/custom_interfaces/share/custom_interfaces/environment/library_path.dsv
[5.908s] -- Up-to-date: /home/stefan/projectsLinux/BeerBot/ros2_code/install/custom_interfaces/lib/libcustom_interfaces__rosidl_generator_c.so
[5.908s] -- Up-to-date: /home/stefan/projectsLinux/BeerBot/ros2_code/install/custom_interfaces/include/custom_interfaces
[5.908s] -- Up-to-date: /home/stefan/projectsLinux/BeerBot/ros2_code/install/custom_interfaces/include/custom_interfaces/msg
[5.909s] -- Up-to-date: /home/stefan/projectsLinux/BeerBot/ros2_code/install/custom_interfaces/include/custom_interfaces/msg/rosidl_typesupport_fastrtps_c__visibility_control.h
[5.909s] -- Up-to-date: /home/stefan/projectsLinux/BeerBot/ros2_code/install/custom_interfaces/include/custom_interfaces/msg/detail
[5.909s] -- Up-to-date: /home/stefan/projectsLinux/BeerBot/ros2_code/install/custom_interfaces/include/custom_interfaces/msg/detail/servo_data__rosidl_typesupport_fastrtps_c.h
[5.909s] -- Up-to-date: /home/stefan/projectsLinux/BeerBot/ros2_code/install/custom_interfaces/lib/libcustom_interfaces__rosidl_typesupport_fastrtps_c.so
[5.909s] -- Up-to-date: /home/stefan/projectsLinux/BeerBot/ros2_code/install/custom_interfaces/include/custom_interfaces
[5.909s] -- Up-to-date: /home/stefan/projectsLinux/BeerBot/ros2_code/install/custom_interfaces/include/custom_interfaces/msg
[5.909s] -- Up-to-date: /home/stefan/projectsLinux/BeerBot/ros2_code/install/custom_interfaces/include/custom_interfaces/msg/rosidl_typesupport_fastrtps_cpp__visibility_control.h
[5.909s] -- Up-to-date: /home/stefan/projectsLinux/BeerBot/ros2_code/install/custom_interfaces/include/custom_interfaces/msg/detail
[5.910s] -- Up-to-date: /home/stefan/projectsLinux/BeerBot/ros2_code/install/custom_interfaces/include/custom_interfaces/msg/detail/servo_data__rosidl_typesupport_fastrtps_cpp.hpp
[5.910s] -- Up-to-date: /home/stefan/projectsLinux/BeerBot/ros2_code/install/custom_interfaces/include/custom_interfaces/msg/detail/dds_fastrtps
[5.910s] -- Up-to-date: /home/stefan/projectsLinux/BeerBot/ros2_code/install/custom_interfaces/lib/libcustom_interfaces__rosidl_typesupport_fastrtps_cpp.so
[5.910s] -- Up-to-date: /home/stefan/projectsLinux/BeerBot/ros2_code/install/custom_interfaces/include/custom_interfaces
[5.910s] -- Up-to-date: /home/stefan/projectsLinux/BeerBot/ros2_code/install/custom_interfaces/include/custom_interfaces/msg
[5.910s] -- Up-to-date: /home/stefan/projectsLinux/BeerBot/ros2_code/install/custom_interfaces/include/custom_interfaces/msg/rosidl_typesupport_introspection_c__visibility_control.h
[5.910s] -- Up-to-date: /home/stefan/projectsLinux/BeerBot/ros2_code/install/custom_interfaces/include/custom_interfaces/msg/detail
[5.910s] -- Up-to-date: /home/stefan/projectsLinux/BeerBot/ros2_code/install/custom_interfaces/include/custom_interfaces/msg/detail/servo_data__rosidl_typesupport_introspection_c.h
[5.911s] -- Up-to-date: /home/stefan/projectsLinux/BeerBot/ros2_code/install/custom_interfaces/include/custom_interfaces/msg/detail/servo_data__type_support.c
[5.911s] -- Up-to-date: /home/stefan/projectsLinux/BeerBot/ros2_code/install/custom_interfaces/lib/libcustom_interfaces__rosidl_typesupport_introspection_c.so
[5.911s] -- Up-to-date: /home/stefan/projectsLinux/BeerBot/ros2_code/install/custom_interfaces/lib/libcustom_interfaces__rosidl_typesupport_c.so
[5.911s] -- Up-to-date: /home/stefan/projectsLinux/BeerBot/ros2_code/install/custom_interfaces/include/custom_interfaces
[5.911s] -- Up-to-date: /home/stefan/projectsLinux/BeerBot/ros2_code/install/custom_interfaces/include/custom_interfaces/msg
[5.911s] -- Up-to-date: /home/stefan/projectsLinux/BeerBot/ros2_code/install/custom_interfaces/include/custom_interfaces/msg/servo_data.hpp
[5.911s] -- Up-to-date: /home/stefan/projectsLinux/BeerBot/ros2_code/install/custom_interfaces/include/custom_interfaces/msg/detail
[5.911s] -- Up-to-date: /home/stefan/projectsLinux/BeerBot/ros2_code/install/custom_interfaces/include/custom_interfaces/msg/detail/servo_data__traits.hpp
[5.912s] -- Up-to-date: /home/stefan/projectsLinux/BeerBot/ros2_code/install/custom_interfaces/include/custom_interfaces/msg/detail/servo_data__struct.hpp
[5.912s] -- Up-to-date: /home/stefan/projectsLinux/BeerBot/ros2_code/install/custom_interfaces/include/custom_interfaces/msg/detail/servo_data__builder.hpp
[5.912s] -- Up-to-date: /home/stefan/projectsLinux/BeerBot/ros2_code/install/custom_interfaces/include/custom_interfaces
[5.912s] -- Up-to-date: /home/stefan/projectsLinux/BeerBot/ros2_code/install/custom_interfaces/include/custom_interfaces/msg
[5.912s] -- Up-to-date: /home/stefan/projectsLinux/BeerBot/ros2_code/install/custom_interfaces/include/custom_interfaces/msg/detail
[5.912s] -- Up-to-date: /home/stefan/projectsLinux/BeerBot/ros2_code/install/custom_interfaces/include/custom_interfaces/msg/detail/servo_data__type_support.cpp
[5.912s] -- Up-to-date: /home/stefan/projectsLinux/BeerBot/ros2_code/install/custom_interfaces/include/custom_interfaces/msg/detail/servo_data__rosidl_typesupport_introspection_cpp.hpp
[5.912s] -- Up-to-date: /home/stefan/projectsLinux/BeerBot/ros2_code/install/custom_interfaces/lib/libcustom_interfaces__rosidl_typesupport_introspection_cpp.so
[5.912s] -- Up-to-date: /home/stefan/projectsLinux/BeerBot/ros2_code/install/custom_interfaces/lib/libcustom_interfaces__rosidl_typesupport_cpp.so
[5.912s] -- Up-to-date: /home/stefan/projectsLinux/BeerBot/ros2_code/install/custom_interfaces/share/custom_interfaces/environment/pythonpath.sh
[5.912s] -- Installing: /home/stefan/projectsLinux/BeerBot/ros2_code/install/custom_interfaces/share/custom_interfaces/environment/pythonpath.dsv
[5.912s] -- Installing: /home/stefan/projectsLinux/BeerBot/ros2_code/install/custom_interfaces/lib/python3.8/site-packages/custom_interfaces/__init__.py
[5.937s] Compiling '/home/stefan/projectsLinux/BeerBot/ros2_code/install/custom_interfaces/lib/python3.8/site-packages/custom_interfaces/__init__.py'...
[5.941s] -- Up-to-date: /home/stefan/projectsLinux/BeerBot/ros2_code/install/custom_interfaces/lib/python3.8/site-packages/custom_interfaces/msg
[5.941s] -- Up-to-date: /home/stefan/projectsLinux/BeerBot/ros2_code/install/custom_interfaces/lib/python3.8/site-packages/custom_interfaces/msg/_servo_data_s.c
[5.942s] -- Up-to-date: /home/stefan/projectsLinux/BeerBot/ros2_code/install/custom_interfaces/lib/python3.8/site-packages/custom_interfaces/msg/__init__.py
[5.942s] -- Up-to-date: /home/stefan/projectsLinux/BeerBot/ros2_code/install/custom_interfaces/lib/python3.8/site-packages/custom_interfaces/msg/_servo_data.py
[5.942s] -- Up-to-date: /home/stefan/projectsLinux/BeerBot/ros2_code/install/custom_interfaces/lib/python3.8/site-packages/custom_interfaces/custom_interfaces_s__rosidl_typesupport_fastrtps_c.cpython-38-x86_64-linux-gnu.so
[5.942s] -- Up-to-date: /home/stefan/projectsLinux/BeerBot/ros2_code/install/custom_interfaces/lib/python3.8/site-packages/custom_interfaces/custom_interfaces_s__rosidl_typesupport_introspection_c.cpython-38-x86_64-linux-gnu.so
[5.943s] -- Up-to-date: /home/stefan/projectsLinux/BeerBot/ros2_code/install/custom_interfaces/lib/python3.8/site-packages/custom_interfaces/custom_interfaces_s__rosidl_typesupport_c.cpython-38-x86_64-linux-gnu.so
[5.943s] -- Up-to-date: /home/stefan/projectsLinux/BeerBot/ros2_code/install/custom_interfaces/lib/libcustom_interfaces__python.so
[5.943s] -- Up-to-date: /home/stefan/projectsLinux/BeerBot/ros2_code/install/custom_interfaces/share/custom_interfaces/msg/ServoData.idl
[5.943s] -- Up-to-date: /home/stefan/projectsLinux/BeerBot/ros2_code/install/custom_interfaces/share/custom_interfaces/msg/ServoData.msg
[5.943s] -- Up-to-date: /home/stefan/projectsLinux/BeerBot/ros2_code/install/custom_interfaces/share/ament_index/resource_index/package_run_dependencies/custom_interfaces
[5.944s] -- Installing: /home/stefan/projectsLinux/BeerBot/ros2_code/install/custom_interfaces/share/ament_index/resource_index/parent_prefix_path/custom_interfaces
[5.944s] -- Up-to-date: /home/stefan/projectsLinux/BeerBot/ros2_code/install/custom_interfaces/share/custom_interfaces/environment/ament_prefix_path.sh
[5.944s] -- Installing: /home/stefan/projectsLinux/BeerBot/ros2_code/install/custom_interfaces/share/custom_interfaces/environment/ament_prefix_path.dsv
[5.944s] -- Up-to-date: /home/stefan/projectsLinux/BeerBot/ros2_code/install/custom_interfaces/share/custom_interfaces/environment/path.sh
[5.944s] -- Installing: /home/stefan/projectsLinux/BeerBot/ros2_code/install/custom_interfaces/share/custom_interfaces/environment/path.dsv
[5.944s] -- Up-to-date: /home/stefan/projectsLinux/BeerBot/ros2_code/install/custom_interfaces/share/custom_interfaces/local_setup.bash
[5.945s] -- Up-to-date: /home/stefan/projectsLinux/BeerBot/ros2_code/install/custom_interfaces/share/custom_interfaces/local_setup.sh
[5.945s] -- Up-to-date: /home/stefan/projectsLinux/BeerBot/ros2_code/install/custom_interfaces/share/custom_interfaces/local_setup.zsh
[5.945s] -- Installing: /home/stefan/projectsLinux/BeerBot/ros2_code/install/custom_interfaces/share/custom_interfaces/local_setup.dsv
[5.945s] -- Installing: /home/stefan/projectsLinux/BeerBot/ros2_code/install/custom_interfaces/share/custom_interfaces/package.dsv
[5.945s] -- Up-to-date: /home/stefan/projectsLinux/BeerBot/ros2_code/install/custom_interfaces/share/ament_index/resource_index/packages/custom_interfaces
[5.945s] -- Up-to-date: /home/stefan/projectsLinux/BeerBot/ros2_code/install/custom_interfaces/share/custom_interfaces/cmake/custom_interfaces__rosidl_generator_cExport.cmake
[5.946s] -- Installing: /home/stefan/projectsLinux/BeerBot/ros2_code/install/custom_interfaces/share/custom_interfaces/cmake/custom_interfaces__rosidl_generator_cExport-noconfig.cmake
[5.946s] -- Up-to-date: /home/stefan/projectsLinux/BeerBot/ros2_code/install/custom_interfaces/share/custom_interfaces/cmake/custom_interfaces__rosidl_typesupport_introspection_cExport.cmake
[5.946s] -- Installing: /home/stefan/projectsLinux/BeerBot/ros2_code/install/custom_interfaces/share/custom_interfaces/cmake/custom_interfaces__rosidl_typesupport_introspection_cExport-noconfig.cmake
[5.946s] -- Up-to-date: /home/stefan/projectsLinux/BeerBot/ros2_code/install/custom_interfaces/share/custom_interfaces/cmake/custom_interfaces__rosidl_typesupport_cExport.cmake
[5.946s] -- Installing: /home/stefan/projectsLinux/BeerBot/ros2_code/install/custom_interfaces/share/custom_interfaces/cmake/custom_interfaces__rosidl_typesupport_cExport-noconfig.cmake
[5.946s] -- Up-to-date: /home/stefan/projectsLinux/BeerBot/ros2_code/install/custom_interfaces/share/custom_interfaces/cmake/custom_interfaces__rosidl_generator_cppExport.cmake
[5.946s] -- Up-to-date: /home/stefan/projectsLinux/BeerBot/ros2_code/install/custom_interfaces/share/custom_interfaces/cmake/custom_interfaces__rosidl_typesupport_introspection_cppExport.cmake
[5.946s] -- Installing: /home/stefan/projectsLinux/BeerBot/ros2_code/install/custom_interfaces/share/custom_interfaces/cmake/custom_interfaces__rosidl_typesupport_introspection_cppExport-noconfig.cmake
[5.947s] -- Up-to-date: /home/stefan/projectsLinux/BeerBot/ros2_code/install/custom_interfaces/share/custom_interfaces/cmake/custom_interfaces__rosidl_typesupport_cppExport.cmake
[5.947s] -- Installing: /home/stefan/projectsLinux/BeerBot/ros2_code/install/custom_interfaces/share/custom_interfaces/cmake/custom_interfaces__rosidl_typesupport_cppExport-noconfig.cmake
[5.947s] -- Up-to-date: /home/stefan/projectsLinux/BeerBot/ros2_code/install/custom_interfaces/share/custom_interfaces/cmake/rosidl_cmake-extras.cmake
[5.948s] -- Installing: /home/stefan/projectsLinux/BeerBot/ros2_code/install/custom_interfaces/share/custom_interfaces/cmake/ament_cmake_export_dependencies-extras.cmake
[5.948s] -- Up-to-date: /home/stefan/projectsLinux/BeerBot/ros2_code/install/custom_interfaces/share/custom_interfaces/cmake/ament_cmake_export_libraries-extras.cmake
[5.948s] -- Up-to-date: /home/stefan/projectsLinux/BeerBot/ros2_code/install/custom_interfaces/share/custom_interfaces/cmake/ament_cmake_export_targets-extras.cmake
[5.948s] -- Up-to-date: /home/stefan/projectsLinux/BeerBot/ros2_code/install/custom_interfaces/share/custom_interfaces/cmake/ament_cmake_export_include_directories-extras.cmake
[5.949s] -- Up-to-date: /home/stefan/projectsLinux/BeerBot/ros2_code/install/custom_interfaces/share/custom_interfaces/cmake/rosidl_cmake_export_typesupport_libraries-extras.cmake
[5.949s] -- Up-to-date: /home/stefan/projectsLinux/BeerBot/ros2_code/install/custom_interfaces/share/custom_interfaces/cmake/rosidl_cmake_export_typesupport_targets-extras.cmake
[5.950s] -- Up-to-date: /home/stefan/projectsLinux/BeerBot/ros2_code/install/custom_interfaces/share/custom_interfaces/cmake/custom_interfacesConfig.cmake
[5.950s] -- Up-to-date: /home/stefan/projectsLinux/BeerBot/ros2_code/install/custom_interfaces/share/custom_interfaces/cmake/custom_interfacesConfig-version.cmake
[5.952s] -- Up-to-date: /home/stefan/projectsLinux/BeerBot/ros2_code/install/custom_interfaces/share/custom_interfaces/package.xml
[5.954s] Invoked command in '/home/stefan/projectsLinux/BeerBot/ros2_code/build/custom_interfaces' returned '0': CMAKE_PREFIX_PATH=${CMAKE_PREFIX_PATH}:/home/stefan/ws/install/opencv_tests:/opt/ros/foxy /usr/bin/cmake --install /home/stefan/projectsLinux/BeerBot/ros2_code/build/custom_interfaces
