[0.014s] Invoking command in '/home/stefan/projectsLinux/BeerBot/ros2_code/build/template_code': CMAKE_PREFIX_PATH=${CMAKE_PREFIX_PATH}:/opt/ros/foxy /usr/bin/cmake --build /home/stefan/projectsLinux/BeerBot/ros2_code/build/template_code -- -j8 -l8
[0.034s] -- Found ament_cmake: 0.9.9 (/opt/ros/foxy/share/ament_cmake/cmake)
[0.052s] -- Using PYTHON_EXECUTABLE: /usr/bin/python3
[0.198s] -- Found rclcpp: 2.4.1 (/opt/ros/foxy/share/rclcpp/cmake)
[0.331s] -- Using all available rosidl_typesupport_c: rosidl_typesupport_fastrtps_c;rosidl_typesupport_introspection_c
[0.333s] -- Found rosidl_adapter: 1.2.1 (/opt/ros/foxy/share/rosidl_adapter/cmake)
[3.293s] -- Using all available rosidl_typesupport_cpp: rosidl_typesupport_fastrtps_cpp;rosidl_typesupport_introspection_cpp
[3.332s] -- Found rmw_implementation_cmake: 1.0.3 (/opt/ros/foxy/share/rmw_implementation_cmake/cmake)
[3.332s] -- Using RMW implementation 'rmw_fastrtps_cpp' as default
[3.449s] -- Found rosidl_default_generators: 1.0.1 (/opt/ros/foxy/share/rosidl_default_generators/cmake)
[3.543s] -- Configuring done
[3.549s] -- Generating done
[3.550s] -- Build files have been written to: /home/stefan/projectsLinux/BeerBot/ros2_code/build/template_code
[3.580s] [ 50%] [32mBuilding CXX object CMakeFiles/templateServo.dir/src/TemplateServo.cpp.o[0m
[3.586s] [01m[K/home/stefan/projectsLinux/BeerBot/ros2_code/src/template_code/src/TemplateServo.cpp:4:10:[m[K [01;31m[Kfatal error: [m[Kcustom_interfaces/msg/servo_data.hpp: No such file or directory
[3.587s]     4 | #include [01;31m[K"custom_interfaces/msg/servo_data.hpp"[m[K
[3.587s]       |          [01;31m[K^~~~~~~~~~~~~~~~~~~~~~~~~~~~~~~~~~~~~~[m[K
[3.587s] compilation terminated.
[3.589s] make[2]: *** [CMakeFiles/templateServo.dir/build.make:63: CMakeFiles/templateServo.dir/src/TemplateServo.cpp.o] Error 1
[3.590s] make[1]: *** [CMakeFiles/Makefile2:78: CMakeFiles/templateServo.dir/all] Error 2
[3.590s] make: *** [Makefile:141: all] Error 2
[3.592s] Invoked command in '/home/stefan/projectsLinux/BeerBot/ros2_code/build/template_code' returned '2': CMAKE_PREFIX_PATH=${CMAKE_PREFIX_PATH}:/opt/ros/foxy /usr/bin/cmake --build /home/stefan/projectsLinux/BeerBot/ros2_code/build/template_code -- -j8 -l8
