[0.157s] DEBUG:colcon:Command line arguments: ['/usr/bin/colcon', 'build']
[0.157s] DEBUG:colcon:Parsed command line arguments: Namespace(allow_overriding=[], ament_cmake_args=None, base_paths=['.'], build_base='build', catkin_cmake_args=None, catkin_skip_building_tests=False, cmake_args=None, cmake_clean_cache=False, cmake_clean_first=False, cmake_force_configure=False, cmake_target=None, cmake_target_skip_unavailable=False, continue_on_error=False, event_handlers=None, executor='parallel', ignore_user_meta=False, install_base='install', log_base=None, log_level=None, main=<bound method BuildVerb.main of <colcon_core.verb.build.BuildVerb object at 0x7feec1b11c70>>, merge_install=False, metas=['./colcon.meta'], packages_above=None, packages_above_and_dependencies=None, packages_above_depth=None, packages_end=None, packages_ignore=None, packages_ignore_regex=None, packages_select=None, packages_select_build_failed=False, packages_select_by_dep=None, packages_select_regex=None, packages_select_test_failures=False, packages_skip=None, packages_skip_build_finished=False, packages_skip_by_dep=None, packages_skip_regex=None, packages_skip_test_passed=False, packages_skip_up_to=None, packages_start=None, packages_up_to=None, packages_up_to_regex=None, parallel_workers=8, paths=None, symlink_install=False, test_result_base=None, verb_extension=<colcon_core.verb.build.BuildVerb object at 0x7feec1b11c70>, verb_name='build', verb_parser=<colcon_defaults.argument_parser.defaults.DefaultArgumentsDecorator object at 0x7feec1b1b220>)
[0.176s] Level 1:colcon.colcon_core.package_discovery:discover_packages(colcon_meta) check parameters
[0.176s] Level 1:colcon.colcon_core.package_discovery:discover_packages(recursive) check parameters
[0.176s] Level 1:colcon.colcon_core.package_discovery:discover_packages(ignore) check parameters
[0.176s] Level 1:colcon.colcon_core.package_discovery:discover_packages(path) check parameters
[0.176s] Level 1:colcon.colcon_core.package_discovery:discover_packages(colcon_meta) discover
[0.176s] Level 1:colcon.colcon_core.package_discovery:discover_packages(recursive) discover
[0.176s] INFO:colcon.colcon_core.package_discovery:Crawling recursively for packages in '/home/stefan/projectsLinux/BeerBot/ros2_code'
[0.176s] Level 1:colcon.colcon_core.package_identification:_identify(.) by extensions ['ignore', 'ignore_ament_install']
[0.176s] Level 1:colcon.colcon_core.package_identification:_identify(.) by extension 'ignore'
[0.176s] Level 1:colcon.colcon_core.package_identification:_identify(.) by extension 'ignore_ament_install'
[0.176s] Level 1:colcon.colcon_core.package_identification:_identify(.) by extensions ['colcon_pkg']
[0.176s] Level 1:colcon.colcon_core.package_identification:_identify(.) by extension 'colcon_pkg'
[0.176s] Level 1:colcon.colcon_core.package_identification:_identify(.) by extensions ['colcon_meta']
[0.176s] Level 1:colcon.colcon_core.package_identification:_identify(.) by extension 'colcon_meta'
[0.177s] Level 1:colcon.colcon_core.package_identification:_identify(.) by extensions ['ros']
[0.177s] Level 1:colcon.colcon_core.package_identification:_identify(.) by extension 'ros'
[0.229s] Level 1:colcon.colcon_core.package_identification:_identify(.) by extensions ['cmake', 'python']
[0.229s] Level 1:colcon.colcon_core.package_identification:_identify(.) by extension 'cmake'
[0.229s] Level 1:colcon.colcon_core.package_identification:_identify(.) by extension 'python'
[0.229s] Level 1:colcon.colcon_core.package_identification:_identify(.) by extensions ['python_setup_py']
[0.229s] Level 1:colcon.colcon_core.package_identification:_identify(.) by extension 'python_setup_py'
[0.229s] Level 1:colcon.colcon_core.package_identification:_identify(build) by extensions ['ignore', 'ignore_ament_install']
[0.229s] Level 1:colcon.colcon_core.package_identification:_identify(build) by extension 'ignore'
[0.229s] Level 1:colcon.colcon_core.package_identification:_identify(build) ignored
[0.230s] Level 1:colcon.colcon_core.package_identification:_identify(install) by extensions ['ignore', 'ignore_ament_install']
[0.230s] Level 1:colcon.colcon_core.package_identification:_identify(install) by extension 'ignore'
[0.230s] Level 1:colcon.colcon_core.package_identification:_identify(install) ignored
[0.230s] Level 1:colcon.colcon_core.package_identification:_identify(log) by extensions ['ignore', 'ignore_ament_install']
[0.230s] Level 1:colcon.colcon_core.package_identification:_identify(log) by extension 'ignore'
[0.230s] Level 1:colcon.colcon_core.package_identification:_identify(log) ignored
[0.230s] Level 1:colcon.colcon_core.package_identification:_identify(src) by extensions ['ignore', 'ignore_ament_install']
[0.230s] Level 1:colcon.colcon_core.package_identification:_identify(src) by extension 'ignore'
[0.230s] Level 1:colcon.colcon_core.package_identification:_identify(src) by extension 'ignore_ament_install'
[0.230s] Level 1:colcon.colcon_core.package_identification:_identify(src) by extensions ['colcon_pkg']
[0.230s] Level 1:colcon.colcon_core.package_identification:_identify(src) by extension 'colcon_pkg'
[0.231s] Level 1:colcon.colcon_core.package_identification:_identify(src) by extensions ['colcon_meta']
[0.231s] Level 1:colcon.colcon_core.package_identification:_identify(src) by extension 'colcon_meta'
[0.231s] Level 1:colcon.colcon_core.package_identification:_identify(src) by extensions ['ros']
[0.231s] Level 1:colcon.colcon_core.package_identification:_identify(src) by extension 'ros'
[0.231s] Level 1:colcon.colcon_core.package_identification:_identify(src) by extensions ['cmake', 'python']
[0.231s] Level 1:colcon.colcon_core.package_identification:_identify(src) by extension 'cmake'
[0.231s] Level 1:colcon.colcon_core.package_identification:_identify(src) by extension 'python'
[0.231s] Level 1:colcon.colcon_core.package_identification:_identify(src) by extensions ['python_setup_py']
[0.231s] Level 1:colcon.colcon_core.package_identification:_identify(src) by extension 'python_setup_py'
[0.231s] Level 1:colcon.colcon_core.package_identification:_identify(src/TEMPLATE_CODE) by extensions ['ignore', 'ignore_ament_install']
[0.231s] Level 1:colcon.colcon_core.package_identification:_identify(src/TEMPLATE_CODE) by extension 'ignore'
[0.231s] Level 1:colcon.colcon_core.package_identification:_identify(src/TEMPLATE_CODE) by extension 'ignore_ament_install'
[0.231s] Level 1:colcon.colcon_core.package_identification:_identify(src/TEMPLATE_CODE) by extensions ['colcon_pkg']
[0.231s] Level 1:colcon.colcon_core.package_identification:_identify(src/TEMPLATE_CODE) by extension 'colcon_pkg'
[0.231s] Level 1:colcon.colcon_core.package_identification:_identify(src/TEMPLATE_CODE) by extensions ['colcon_meta']
[0.231s] Level 1:colcon.colcon_core.package_identification:_identify(src/TEMPLATE_CODE) by extension 'colcon_meta'
[0.231s] Level 1:colcon.colcon_core.package_identification:_identify(src/TEMPLATE_CODE) by extensions ['ros']
[0.231s] Level 1:colcon.colcon_core.package_identification:_identify(src/TEMPLATE_CODE) by extension 'ros'
[0.234s] DEBUG:colcon.colcon_core.package_identification:Package 'src/TEMPLATE_CODE' with type 'ros.ament_cmake' and name 'cpp_pubsub'
[0.234s] Level 1:colcon.colcon_core.package_discovery:discover_packages(recursive) using defaults
[0.234s] Level 1:colcon.colcon_core.package_discovery:discover_packages(ignore) discover
[0.234s] Level 1:colcon.colcon_core.package_discovery:discover_packages(ignore) using defaults
[0.234s] Level 1:colcon.colcon_core.package_discovery:discover_packages(path) discover
[0.234s] Level 1:colcon.colcon_core.package_discovery:discover_packages(path) using defaults
[0.249s] Level 1:colcon.colcon_core.package_discovery:discover_packages(prefix_path) check parameters
[0.250s] Level 1:colcon.colcon_core.package_discovery:discover_packages(prefix_path) discover
[0.251s] WARNING:colcon.colcon_ros.prefix_path.ament:The path '/home/stefan/projectsLinux/ROS_start/install/turtlesim' in the environment variable AMENT_PREFIX_PATH doesn't exist
[0.251s] WARNING:colcon.colcon_ros.prefix_path.catkin:The path '/home/stefan/projectsLinux/ROS_start/install/turtlesim' in the environment variable CMAKE_PREFIX_PATH doesn't exist
[0.252s] DEBUG:colcon.colcon_installed_package_information.package_discovery:Found 1 installed packages in /home/stefan/projectsLinux/ROS_start/install
[0.253s] DEBUG:colcon.colcon_installed_package_information.package_discovery:Found 11 installed packages in /home/stefan/ws/install
[0.255s] DEBUG:colcon.colcon_installed_package_information.package_discovery:Found 244 installed packages in /opt/ros/foxy
[0.256s] Level 1:colcon.colcon_core.package_discovery:discover_packages(prefix_path) using defaults
[0.313s] Level 5:colcon.colcon_core.verb:set package 'cpp_pubsub' build argument 'cmake_args' from command line to 'None'
[0.313s] Level 5:colcon.colcon_core.verb:set package 'cpp_pubsub' build argument 'cmake_target' from command line to 'None'
[0.313s] Level 5:colcon.colcon_core.verb:set package 'cpp_pubsub' build argument 'cmake_target_skip_unavailable' from command line to 'False'
[0.313s] Level 5:colcon.colcon_core.verb:set package 'cpp_pubsub' build argument 'cmake_clean_cache' from command line to 'False'
[0.313s] Level 5:colcon.colcon_core.verb:set package 'cpp_pubsub' build argument 'cmake_clean_first' from command line to 'False'
[0.313s] Level 5:colcon.colcon_core.verb:set package 'cpp_pubsub' build argument 'cmake_force_configure' from command line to 'False'
[0.313s] Level 5:colcon.colcon_core.verb:set package 'cpp_pubsub' build argument 'ament_cmake_args' from command line to 'None'
[0.313s] Level 5:colcon.colcon_core.verb:set package 'cpp_pubsub' build argument 'catkin_cmake_args' from command line to 'None'
[0.313s] Level 5:colcon.colcon_core.verb:set package 'cpp_pubsub' build argument 'catkin_skip_building_tests' from command line to 'False'
[0.313s] DEBUG:colcon.colcon_core.verb:Building package 'cpp_pubsub' with the following arguments: {'ament_cmake_args': None, 'build_base': '/home/stefan/projectsLinux/BeerBot/ros2_code/build/cpp_pubsub', 'catkin_cmake_args': None, 'catkin_skip_building_tests': False, 'cmake_args': None, 'cmake_clean_cache': False, 'cmake_clean_first': False, 'cmake_force_configure': False, 'cmake_target': None, 'cmake_target_skip_unavailable': False, 'install_base': '/home/stefan/projectsLinux/BeerBot/ros2_code/install/cpp_pubsub', 'merge_install': False, 'path': '/home/stefan/projectsLinux/BeerBot/ros2_code/src/TEMPLATE_CODE', 'symlink_install': False, 'test_result_base': None}
[0.314s] INFO:colcon.colcon_core.executor:Executing jobs using 'parallel' executor
[0.319s] DEBUG:colcon.colcon_parallel_executor.executor.parallel:run_until_complete
[0.320s] INFO:colcon.colcon_ros.task.ament_cmake.build:Building ROS package in '/home/stefan/projectsLinux/BeerBot/ros2_code/src/TEMPLATE_CODE' with build type 'ament_cmake'
[0.320s] INFO:colcon.colcon_cmake.task.cmake.build:Building CMake package in '/home/stefan/projectsLinux/BeerBot/ros2_code/src/TEMPLATE_CODE'
[0.329s] INFO:colcon.colcon_core.plugin_system:Skipping extension 'colcon_core.shell.bat': Not used on non-Windows systems
[0.329s] INFO:colcon.colcon_core.shell:Skip shell extension 'powershell' for command environment: Not usable outside of PowerShell
[0.329s] DEBUG:colcon.colcon_core.shell:Skip shell extension 'dsv' for command environment
[0.346s] DEBUG:colcon.colcon_core.event_handler.log_command:Invoking command in '/home/stefan/projectsLinux/BeerBot/ros2_code/build/cpp_pubsub': CMAKE_PREFIX_PATH=${CMAKE_PREFIX_PATH}:/home/stefan/ws/install/opencv_tests:/opt/ros/foxy /usr/bin/cmake /home/stefan/projectsLinux/BeerBot/ros2_code/src/TEMPLATE_CODE -DCMAKE_INSTALL_PREFIX=/home/stefan/projectsLinux/BeerBot/ros2_code/install/cpp_pubsub
[4.490s] DEBUG:colcon.colcon_core.event_handler.log_command:Invoked command in '/home/stefan/projectsLinux/BeerBot/ros2_code/build/cpp_pubsub' returned '1': CMAKE_PREFIX_PATH=${CMAKE_PREFIX_PATH}:/home/stefan/ws/install/opencv_tests:/opt/ros/foxy /usr/bin/cmake /home/stefan/projectsLinux/BeerBot/ros2_code/src/TEMPLATE_CODE -DCMAKE_INSTALL_PREFIX=/home/stefan/projectsLinux/BeerBot/ros2_code/install/cpp_pubsub
[4.500s] Level 1:colcon.colcon_core.environment:create_environment_scripts_only(cpp_pubsub)
[4.504s] Level 1:colcon.colcon_core.environment:checking '/home/stefan/projectsLinux/BeerBot/ros2_code/install/cpp_pubsub' for CMake module files
[4.504s] Level 1:colcon.colcon_core.environment:checking '/home/stefan/projectsLinux/BeerBot/ros2_code/install/cpp_pubsub' for CMake config files
[4.504s] Level 1:colcon.colcon_core.environment:checking '/home/stefan/projectsLinux/BeerBot/ros2_code/install/cpp_pubsub/bin'
[4.505s] Level 1:colcon.colcon_core.environment:checking '/home/stefan/projectsLinux/BeerBot/ros2_code/install/cpp_pubsub/lib/pkgconfig/cpp_pubsub.pc'
[4.505s] Level 1:colcon.colcon_core.environment:checking '/home/stefan/projectsLinux/BeerBot/ros2_code/install/cpp_pubsub/lib/python3.8/site-packages'
[4.505s] Level 1:colcon.colcon_core.environment:checking '/home/stefan/projectsLinux/BeerBot/ros2_code/install/cpp_pubsub/bin'
[4.506s] INFO:colcon.colcon_core.shell:Creating package script '/home/stefan/projectsLinux/BeerBot/ros2_code/install/cpp_pubsub/share/cpp_pubsub/package.ps1'
[4.507s] INFO:colcon.colcon_core.shell:Creating package descriptor '/home/stefan/projectsLinux/BeerBot/ros2_code/install/cpp_pubsub/share/cpp_pubsub/package.dsv'
[4.507s] INFO:colcon.colcon_core.shell:Creating package script '/home/stefan/projectsLinux/BeerBot/ros2_code/install/cpp_pubsub/share/cpp_pubsub/package.sh'
[4.508s] INFO:colcon.colcon_core.shell:Creating package script '/home/stefan/projectsLinux/BeerBot/ros2_code/install/cpp_pubsub/share/cpp_pubsub/package.bash'
[4.508s] INFO:colcon.colcon_core.shell:Creating package script '/home/stefan/projectsLinux/BeerBot/ros2_code/install/cpp_pubsub/share/cpp_pubsub/package.zsh'
[4.509s] Level 1:colcon.colcon_core.environment:create_file_with_runtime_dependencies(/home/stefan/projectsLinux/BeerBot/ros2_code/install/cpp_pubsub/share/colcon-core/packages/cpp_pubsub)
[4.520s] DEBUG:colcon.colcon_parallel_executor.executor.parallel:closing loop
[4.520s] DEBUG:colcon.colcon_parallel_executor.executor.parallel:loop closed
[4.520s] DEBUG:colcon.colcon_parallel_executor.executor.parallel:run_until_complete finished with '1'
[4.521s] DEBUG:colcon.colcon_core.event_reactor:joining thread
[4.554s] INFO:colcon.colcon_core.plugin_system:Skipping extension 'colcon_notification.desktop_notification.notify_send': Could not find 'notify-send'
[4.554s] INFO:colcon.colcon_core.plugin_system:Skipping extension 'colcon_notification.desktop_notification.terminal_notifier': Not used on non-Darwin systems
[4.555s] INFO:colcon.colcon_core.plugin_system:Skipping extension 'colcon_notification.desktop_notification.win32': Not used on non-Windows systems
[4.555s] INFO:colcon.colcon_notification.desktop_notification:Sending desktop notification using 'notify2'
[4.560s] DEBUG:colcon.colcon_notification.desktop_notification.notify2:Failed to initialize notify2: org.freedesktop.DBus.Error.ServiceUnknown: The name org.freedesktop.Notifications was not provided by any .service files
[4.561s] DEBUG:colcon.colcon_core.event_reactor:joined thread
[4.563s] INFO:colcon.colcon_core.shell:Creating prefix script '/home/stefan/projectsLinux/BeerBot/ros2_code/install/local_setup.ps1'
[4.564s] INFO:colcon.colcon_core.shell:Creating prefix util module '/home/stefan/projectsLinux/BeerBot/ros2_code/install/_local_setup_util_ps1.py'
[4.565s] INFO:colcon.colcon_core.shell:Creating prefix chain script '/home/stefan/projectsLinux/BeerBot/ros2_code/install/setup.ps1'
[4.567s] INFO:colcon.colcon_core.shell:Creating prefix script '/home/stefan/projectsLinux/BeerBot/ros2_code/install/local_setup.sh'
[4.567s] INFO:colcon.colcon_core.shell:Creating prefix util module '/home/stefan/projectsLinux/BeerBot/ros2_code/install/_local_setup_util_sh.py'
[4.568s] INFO:colcon.colcon_core.shell:Creating prefix chain script '/home/stefan/projectsLinux/BeerBot/ros2_code/install/setup.sh'
[4.569s] INFO:colcon.colcon_core.shell:Creating prefix script '/home/stefan/projectsLinux/BeerBot/ros2_code/install/local_setup.bash'
[4.570s] INFO:colcon.colcon_core.shell:Creating prefix chain script '/home/stefan/projectsLinux/BeerBot/ros2_code/install/setup.bash'
[4.571s] INFO:colcon.colcon_core.shell:Creating prefix script '/home/stefan/projectsLinux/BeerBot/ros2_code/install/local_setup.zsh'
[4.572s] INFO:colcon.colcon_core.shell:Creating prefix chain script '/home/stefan/projectsLinux/BeerBot/ros2_code/install/setup.zsh'
