[0.028s] Invoking command in '/home/stefan/projectsLinux/BeerBot/ros2_code/build/custom_interfaces': CMAKE_PREFIX_PATH=${CMAKE_PREFIX_PATH}:/home/stefan/ws/install/opencv_tests:/opt/ros/foxy /usr/bin/cmake --build /home/stefan/projectsLinux/BeerBot/ros2_code/build/custom_interfaces -- -j8 -l8
[0.050s] -- Found ament_cmake: 0.9.9 (/opt/ros/foxy/share/ament_cmake/cmake)
[0.074s] -- Found PythonInterp: /usr/bin/python3 (found suitable version "3.8.10", minimum required is "3") 
[0.074s] -- Using PYTHON_EXECUTABLE: /usr/bin/python3
[0.238s] -- Found rclcpp: 2.4.1 (/opt/ros/foxy/share/rclcpp/cmake)
[0.334s] -- Using all available rosidl_typesupport_c: rosidl_typesupport_fastrtps_c;rosidl_typesupport_introspection_c
[0.336s] -- Found rosidl_adapter: 1.2.1 (/opt/ros/foxy/share/rosidl_adapter/cmake)
[1.974s] -- Using all available rosidl_typesupport_cpp: rosidl_typesupport_fastrtps_cpp;rosidl_typesupport_introspection_cpp
[2.014s] -- Found rmw_implementation_cmake: 1.0.3 (/opt/ros/foxy/share/rmw_implementation_cmake/cmake)
[2.016s] -- Using RMW implementation 'rmw_fastrtps_cpp' as default
[2.137s] -- Found rosidl_default_generators: 1.0.1 (/opt/ros/foxy/share/rosidl_default_generators/cmake)
[2.171s] -- Found PythonInterp: /usr/bin/python3 (found version "3.8.10") 
[2.322s] -- Found ament_cmake_ros: 0.9.2 (/opt/ros/foxy/share/ament_cmake_ros/cmake)
[4.715s] -- Using all available rosidl_typesupport_c: rosidl_typesupport_fastrtps_c;rosidl_typesupport_introspection_c
[4.723s] -- Using all available rosidl_typesupport_cpp: rosidl_typesupport_fastrtps_cpp;rosidl_typesupport_introspection_cpp
[4.747s] -- Found PythonInterp: /usr/bin/python3 (found suitable version "3.8.10", minimum required is "3.5") 
[4.748s] -- Found python_cmake_module: 0.8.1 (/opt/ros/foxy/share/python_cmake_module/cmake)
[4.770s] -- Using PYTHON_EXECUTABLE: /usr/bin/python3
[4.771s] -- Using PYTHON_INCLUDE_DIRS: /usr/include/python3.8
[4.771s] -- Using PYTHON_LIBRARIES: /usr/lib/x86_64-linux-gnu/libpython3.8.so
[4.784s] CMake Error at /opt/ros/foxy/share/rosidl_cmake/cmake/rosidl_target_interfaces.cmake:37 (message):
[4.785s]   rosidl_target_interfaces() the first argument 'test_sensor_msgs' must be a
[4.785s]   valid target name
[4.785s] Call Stack (most recent call first):
[4.785s]   CMakeLists.txt:25 (rosidl_target_interfaces)
[4.785s] 
[4.786s] 
[4.786s] -- Configuring incomplete, errors occurred!
[4.786s] See also "/home/stefan/projectsLinux/BeerBot/ros2_code/build/custom_interfaces/CMakeFiles/CMakeOutput.log".
[4.786s] See also "/home/stefan/projectsLinux/BeerBot/ros2_code/build/custom_interfaces/CMakeFiles/CMakeError.log".
[4.792s] make: *** [Makefile:748: cmake_check_build_system] Error 1
