[0.023s] Invoking command in '/home/stefan/projectsLinux/BeerBot/ros2_code/build/custom_interfaces': CMAKE_PREFIX_PATH=${CMAKE_PREFIX_PATH}:/opt/ros/foxy /usr/bin/cmake --build /home/stefan/projectsLinux/BeerBot/ros2_code/build/custom_interfaces -- -j8 -l8
[0.064s] [  9%] Built target custom_interfaces__cpp
[0.064s] [ 12%] Built target custom_interfaces__rosidl_generator_c
[0.083s] [ 41%] Built target custom_interfaces__rosidl_typesupport_cpp
[0.083s] [ 41%] Built target custom_interfaces__rosidl_typesupport_c
[0.083s] [ 41%] Built target custom_interfaces__rosidl_typesupport_introspection_cpp
[0.083s] [ 51%] Built target custom_interfaces__rosidl_typesupport_introspection_c
[0.085s] [ 61%] Built target custom_interfaces__rosidl_typesupport_fastrtps_cpp
[0.105s] [ 70%] Built target custom_interfaces__rosidl_typesupport_fastrtps_c
[0.122s] [ 70%] Built target custom_interfaces
[0.139s] [ 74%] Built target custom_interfaces__py
[0.161s] [ 80%] Built target custom_interfaces__python
[0.182s] [ 93%] Built target custom_interfaces__rosidl_typesupport_introspection_c__pyext
[0.182s] [ 93%] Built target custom_interfaces__rosidl_typesupport_fastrtps_c__pyext
[0.182s] [100%] Built target custom_interfaces__rosidl_typesupport_c__pyext
[0.192s] Invoked command in '/home/stefan/projectsLinux/BeerBot/ros2_code/build/custom_interfaces' returned '0': CMAKE_PREFIX_PATH=${CMAKE_PREFIX_PATH}:/opt/ros/foxy /usr/bin/cmake --build /home/stefan/projectsLinux/BeerBot/ros2_code/build/custom_interfaces -- -j8 -l8
[0.244s] Invoking command in '/home/stefan/projectsLinux/BeerBot/ros2_code/build/custom_interfaces': CMAKE_PREFIX_PATH=${CMAKE_PREFIX_PATH}:/opt/ros/foxy /usr/bin/cmake --install /home/stefan/projectsLinux/BeerBot/ros2_code/build/custom_interfaces
[0.251s] -- Install configuration: ""
[0.251s] -- Up-to-date: /home/stefan/projectsLinux/BeerBot/ros2_code/install/custom_interfaces/share/ament_index/resource_index/rosidl_interfaces/custom_interfaces
[0.252s] -- Up-to-date: /home/stefan/projectsLinux/BeerBot/ros2_code/install/custom_interfaces/include/custom_interfaces
[0.252s] -- Up-to-date: /home/stefan/projectsLinux/BeerBot/ros2_code/install/custom_interfaces/include/custom_interfaces/msg
[0.252s] -- Up-to-date: /home/stefan/projectsLinux/BeerBot/ros2_code/install/custom_interfaces/include/custom_interfaces/msg/servo_data.h
[0.252s] -- Up-to-date: /home/stefan/projectsLinux/BeerBot/ros2_code/install/custom_interfaces/include/custom_interfaces/msg/rosidl_generator_c__visibility_control.h
[0.253s] -- Up-to-date: /home/stefan/projectsLinux/BeerBot/ros2_code/install/custom_interfaces/include/custom_interfaces/msg/detail
[0.253s] -- Up-to-date: /home/stefan/projectsLinux/BeerBot/ros2_code/install/custom_interfaces/include/custom_interfaces/msg/detail/servo_data__functions.c
[0.253s] -- Up-to-date: /home/stefan/projectsLinux/BeerBot/ros2_code/install/custom_interfaces/include/custom_interfaces/msg/detail/servo_data__functions.h
[0.253s] -- Up-to-date: /home/stefan/projectsLinux/BeerBot/ros2_code/install/custom_interfaces/include/custom_interfaces/msg/detail/servo_data__type_support.h
[0.254s] -- Up-to-date: /home/stefan/projectsLinux/BeerBot/ros2_code/install/custom_interfaces/include/custom_interfaces/msg/detail/servo_data__struct.h
[0.254s] -- Up-to-date: /home/stefan/projectsLinux/BeerBot/ros2_code/install/custom_interfaces/share/custom_interfaces/environment/library_path.sh
[0.254s] -- Up-to-date: /home/stefan/projectsLinux/BeerBot/ros2_code/install/custom_interfaces/share/custom_interfaces/environment/library_path.dsv
[0.254s] -- Up-to-date: /home/stefan/projectsLinux/BeerBot/ros2_code/install/custom_interfaces/lib/libcustom_interfaces__rosidl_generator_c.so
[0.254s] -- Up-to-date: /home/stefan/projectsLinux/BeerBot/ros2_code/install/custom_interfaces/include/custom_interfaces
[0.255s] -- Up-to-date: /home/stefan/projectsLinux/BeerBot/ros2_code/install/custom_interfaces/include/custom_interfaces/msg
[0.255s] -- Up-to-date: /home/stefan/projectsLinux/BeerBot/ros2_code/install/custom_interfaces/include/custom_interfaces/msg/rosidl_typesupport_fastrtps_c__visibility_control.h
[0.255s] -- Up-to-date: /home/stefan/projectsLinux/BeerBot/ros2_code/install/custom_interfaces/include/custom_interfaces/msg/detail
[0.255s] -- Up-to-date: /home/stefan/projectsLinux/BeerBot/ros2_code/install/custom_interfaces/include/custom_interfaces/msg/detail/servo_data__rosidl_typesupport_fastrtps_c.h
[0.255s] -- Up-to-date: /home/stefan/projectsLinux/BeerBot/ros2_code/install/custom_interfaces/lib/libcustom_interfaces__rosidl_typesupport_fastrtps_c.so
[0.255s] -- Up-to-date: /home/stefan/projectsLinux/BeerBot/ros2_code/install/custom_interfaces/include/custom_interfaces
[0.256s] -- Up-to-date: /home/stefan/projectsLinux/BeerBot/ros2_code/install/custom_interfaces/include/custom_interfaces/msg
[0.256s] -- Up-to-date: /home/stefan/projectsLinux/BeerBot/ros2_code/install/custom_interfaces/include/custom_interfaces/msg/rosidl_typesupport_fastrtps_cpp__visibility_control.h
[0.256s] -- Up-to-date: /home/stefan/projectsLinux/BeerBot/ros2_code/install/custom_interfaces/include/custom_interfaces/msg/detail
[0.256s] -- Up-to-date: /home/stefan/projectsLinux/BeerBot/ros2_code/install/custom_interfaces/include/custom_interfaces/msg/detail/servo_data__rosidl_typesupport_fastrtps_cpp.hpp
[0.256s] -- Up-to-date: /home/stefan/projectsLinux/BeerBot/ros2_code/install/custom_interfaces/include/custom_interfaces/msg/detail/dds_fastrtps
[0.256s] -- Up-to-date: /home/stefan/projectsLinux/BeerBot/ros2_code/install/custom_interfaces/lib/libcustom_interfaces__rosidl_typesupport_fastrtps_cpp.so
[0.256s] -- Up-to-date: /home/stefan/projectsLinux/BeerBot/ros2_code/install/custom_interfaces/include/custom_interfaces
[0.257s] -- Up-to-date: /home/stefan/projectsLinux/BeerBot/ros2_code/install/custom_interfaces/include/custom_interfaces/msg
[0.257s] -- Up-to-date: /home/stefan/projectsLinux/BeerBot/ros2_code/install/custom_interfaces/include/custom_interfaces/msg/rosidl_typesupport_introspection_c__visibility_control.h
[0.257s] -- Up-to-date: /home/stefan/projectsLinux/BeerBot/ros2_code/install/custom_interfaces/include/custom_interfaces/msg/detail
[0.257s] -- Up-to-date: /home/stefan/projectsLinux/BeerBot/ros2_code/install/custom_interfaces/include/custom_interfaces/msg/detail/servo_data__rosidl_typesupport_introspection_c.h
[0.257s] -- Up-to-date: /home/stefan/projectsLinux/BeerBot/ros2_code/install/custom_interfaces/include/custom_interfaces/msg/detail/servo_data__type_support.c
[0.257s] -- Up-to-date: /home/stefan/projectsLinux/BeerBot/ros2_code/install/custom_interfaces/lib/libcustom_interfaces__rosidl_typesupport_introspection_c.so
[0.257s] -- Up-to-date: /home/stefan/projectsLinux/BeerBot/ros2_code/install/custom_interfaces/lib/libcustom_interfaces__rosidl_typesupport_c.so
[0.257s] -- Up-to-date: /home/stefan/projectsLinux/BeerBot/ros2_code/install/custom_interfaces/include/custom_interfaces
[0.257s] -- Up-to-date: /home/stefan/projectsLinux/BeerBot/ros2_code/install/custom_interfaces/include/custom_interfaces/msg
[0.257s] -- Up-to-date: /home/stefan/projectsLinux/BeerBot/ros2_code/install/custom_interfaces/include/custom_interfaces/msg/servo_data.hpp
[0.257s] -- Up-to-date: /home/stefan/projectsLinux/BeerBot/ros2_code/install/custom_interfaces/include/custom_interfaces/msg/detail
[0.257s] -- Up-to-date: /home/stefan/projectsLinux/BeerBot/ros2_code/install/custom_interfaces/include/custom_interfaces/msg/detail/servo_data__traits.hpp
[0.257s] -- Up-to-date: /home/stefan/projectsLinux/BeerBot/ros2_code/install/custom_interfaces/include/custom_interfaces/msg/detail/servo_data__struct.hpp
[0.257s] -- Up-to-date: /home/stefan/projectsLinux/BeerBot/ros2_code/install/custom_interfaces/include/custom_interfaces/msg/detail/servo_data__builder.hpp
[0.257s] -- Up-to-date: /home/stefan/projectsLinux/BeerBot/ros2_code/install/custom_interfaces/include/custom_interfaces
[0.258s] -- Up-to-date: /home/stefan/projectsLinux/BeerBot/ros2_code/install/custom_interfaces/include/custom_interfaces/msg
[0.258s] -- Up-to-date: /home/stefan/projectsLinux/BeerBot/ros2_code/install/custom_interfaces/include/custom_interfaces/msg/detail
[0.258s] -- Up-to-date: /home/stefan/projectsLinux/BeerBot/ros2_code/install/custom_interfaces/include/custom_interfaces/msg/detail/servo_data__type_support.cpp
[0.258s] -- Up-to-date: /home/stefan/projectsLinux/BeerBot/ros2_code/install/custom_interfaces/include/custom_interfaces/msg/detail/servo_data__rosidl_typesupport_introspection_cpp.hpp
[0.258s] -- Up-to-date: /home/stefan/projectsLinux/BeerBot/ros2_code/install/custom_interfaces/lib/libcustom_interfaces__rosidl_typesupport_introspection_cpp.so
[0.258s] -- Up-to-date: /home/stefan/projectsLinux/BeerBot/ros2_code/install/custom_interfaces/lib/libcustom_interfaces__rosidl_typesupport_cpp.so
[0.258s] -- Up-to-date: /home/stefan/projectsLinux/BeerBot/ros2_code/install/custom_interfaces/share/custom_interfaces/environment/pythonpath.sh
[0.258s] -- Up-to-date: /home/stefan/projectsLinux/BeerBot/ros2_code/install/custom_interfaces/share/custom_interfaces/environment/pythonpath.dsv
[0.258s] -- Up-to-date: /home/stefan/projectsLinux/BeerBot/ros2_code/install/custom_interfaces/lib/python3.8/site-packages/custom_interfaces/__init__.py
[0.284s] -- Up-to-date: /home/stefan/projectsLinux/BeerBot/ros2_code/install/custom_interfaces/lib/python3.8/site-packages/custom_interfaces/msg
[0.285s] -- Up-to-date: /home/stefan/projectsLinux/BeerBot/ros2_code/install/custom_interfaces/lib/python3.8/site-packages/custom_interfaces/msg/_servo_data_s.c
[0.285s] -- Up-to-date: /home/stefan/projectsLinux/BeerBot/ros2_code/install/custom_interfaces/lib/python3.8/site-packages/custom_interfaces/msg/__init__.py
[0.285s] -- Up-to-date: /home/stefan/projectsLinux/BeerBot/ros2_code/install/custom_interfaces/lib/python3.8/site-packages/custom_interfaces/msg/_servo_data.py
[0.285s] -- Up-to-date: /home/stefan/projectsLinux/BeerBot/ros2_code/install/custom_interfaces/lib/python3.8/site-packages/custom_interfaces/custom_interfaces_s__rosidl_typesupport_fastrtps_c.cpython-38-x86_64-linux-gnu.so
[0.285s] -- Up-to-date: /home/stefan/projectsLinux/BeerBot/ros2_code/install/custom_interfaces/lib/python3.8/site-packages/custom_interfaces/custom_interfaces_s__rosidl_typesupport_introspection_c.cpython-38-x86_64-linux-gnu.so
[0.286s] -- Up-to-date: /home/stefan/projectsLinux/BeerBot/ros2_code/install/custom_interfaces/lib/python3.8/site-packages/custom_interfaces/custom_interfaces_s__rosidl_typesupport_c.cpython-38-x86_64-linux-gnu.so
[0.286s] -- Up-to-date: /home/stefan/projectsLinux/BeerBot/ros2_code/install/custom_interfaces/lib/libcustom_interfaces__python.so
[0.287s] -- Up-to-date: /home/stefan/projectsLinux/BeerBot/ros2_code/install/custom_interfaces/share/custom_interfaces/msg/ServoData.idl
[0.287s] -- Up-to-date: /home/stefan/projectsLinux/BeerBot/ros2_code/install/custom_interfaces/share/custom_interfaces/msg/ServoData.msg
[0.290s] Invoked command in '/home/stefan/projectsLinux/BeerBot/ros2_code/build/custom_interfaces' returned '0': CMAKE_PREFIX_PATH=${CMAKE_PREFIX_PATH}:/opt/ros/foxy /usr/bin/cmake --install /home/stefan/projectsLinux/BeerBot/ros2_code/build/custom_interfaces
