[ 12%] Built target custom_interfaces__rosidl_generator_c
[ 12%] Built target custom_interfaces__cpp
[ 51%] Built target custom_interfaces__rosidl_typesupport_c
[ 51%] Built target custom_interfaces__rosidl_typesupport_cpp
[ 51%] Built target custom_interfaces__rosidl_typesupport_introspection_cpp
[ 51%] Built target custom_interfaces__rosidl_typesupport_introspection_c
[ 61%] Built target custom_interfaces__rosidl_typesupport_fastrtps_cpp
[ 70%] Built target custom_interfaces__rosidl_typesupport_fastrtps_c
[ 70%] Built target custom_interfaces
[ 74%] Built target custom_interfaces__py
[ 80%] Built target custom_interfaces__python
[ 93%] Built target custom_interfaces__rosidl_typesupport_fastrtps_c__pyext
[ 93%] Built target custom_interfaces__rosidl_typesupport_introspection_c__pyext
[100%] Built target custom_interfaces__rosidl_typesupport_c__pyext
-- Install configuration: ""
-- Up-to-date: /home/stefan/projectsLinux/BeerBot/ros2_code/install/custom_interfaces/share/ament_index/resource_index/rosidl_interfaces/custom_interfaces
-- Up-to-date: /home/stefan/projectsLinux/BeerBot/ros2_code/install/custom_interfaces/include/custom_interfaces
-- Up-to-date: /home/stefan/projectsLinux/BeerBot/ros2_code/install/custom_interfaces/include/custom_interfaces/msg
-- Up-to-date: /home/stefan/projectsLinux/BeerBot/ros2_code/install/custom_interfaces/include/custom_interfaces/msg/servo_data.h
-- Up-to-date: /home/stefan/projectsLinux/BeerBot/ros2_code/install/custom_interfaces/include/custom_interfaces/msg/rosidl_generator_c__visibility_control.h
-- Up-to-date: /home/stefan/projectsLinux/BeerBot/ros2_code/install/custom_interfaces/include/custom_interfaces/msg/detail
-- Up-to-date: /home/stefan/projectsLinux/BeerBot/ros2_code/install/custom_interfaces/include/custom_interfaces/msg/detail/servo_data__functions.c
-- Up-to-date: /home/stefan/projectsLinux/BeerBot/ros2_code/install/custom_interfaces/include/custom_interfaces/msg/detail/servo_data__functions.h
-- Up-to-date: /home/stefan/projectsLinux/BeerBot/ros2_code/install/custom_interfaces/include/custom_interfaces/msg/detail/servo_data__type_support.h
-- Up-to-date: /home/stefan/projectsLinux/BeerBot/ros2_code/install/custom_interfaces/include/custom_interfaces/msg/detail/servo_data__struct.h
-- Up-to-date: /home/stefan/projectsLinux/BeerBot/ros2_code/install/custom_interfaces/share/custom_interfaces/environment/library_path.sh
-- Installing: /home/stefan/projectsLinux/BeerBot/ros2_code/install/custom_interfaces/share/custom_interfaces/environment/library_path.dsv
-- Up-to-date: /home/stefan/projectsLinux/BeerBot/ros2_code/install/custom_interfaces/lib/libcustom_interfaces__rosidl_generator_c.so
-- Up-to-date: /home/stefan/projectsLinux/BeerBot/ros2_code/install/custom_interfaces/include/custom_interfaces
-- Up-to-date: /home/stefan/projectsLinux/BeerBot/ros2_code/install/custom_interfaces/include/custom_interfaces/msg
-- Up-to-date: /home/stefan/projectsLinux/BeerBot/ros2_code/install/custom_interfaces/include/custom_interfaces/msg/rosidl_typesupport_fastrtps_c__visibility_control.h
-- Up-to-date: /home/stefan/projectsLinux/BeerBot/ros2_code/install/custom_interfaces/include/custom_interfaces/msg/detail
-- Up-to-date: /home/stefan/projectsLinux/BeerBot/ros2_code/install/custom_interfaces/include/custom_interfaces/msg/detail/servo_data__rosidl_typesupport_fastrtps_c.h
-- Up-to-date: /home/stefan/projectsLinux/BeerBot/ros2_code/install/custom_interfaces/lib/libcustom_interfaces__rosidl_typesupport_fastrtps_c.so
-- Up-to-date: /home/stefan/projectsLinux/BeerBot/ros2_code/install/custom_interfaces/include/custom_interfaces
-- Up-to-date: /home/stefan/projectsLinux/BeerBot/ros2_code/install/custom_interfaces/include/custom_interfaces/msg
-- Up-to-date: /home/stefan/projectsLinux/BeerBot/ros2_code/install/custom_interfaces/include/custom_interfaces/msg/rosidl_typesupport_fastrtps_cpp__visibility_control.h
-- Up-to-date: /home/stefan/projectsLinux/BeerBot/ros2_code/install/custom_interfaces/include/custom_interfaces/msg/detail
-- Up-to-date: /home/stefan/projectsLinux/BeerBot/ros2_code/install/custom_interfaces/include/custom_interfaces/msg/detail/servo_data__rosidl_typesupport_fastrtps_cpp.hpp
-- Up-to-date: /home/stefan/projectsLinux/BeerBot/ros2_code/install/custom_interfaces/include/custom_interfaces/msg/detail/dds_fastrtps
-- Up-to-date: /home/stefan/projectsLinux/BeerBot/ros2_code/install/custom_interfaces/lib/libcustom_interfaces__rosidl_typesupport_fastrtps_cpp.so
-- Up-to-date: /home/stefan/projectsLinux/BeerBot/ros2_code/install/custom_interfaces/include/custom_interfaces
-- Up-to-date: /home/stefan/projectsLinux/BeerBot/ros2_code/install/custom_interfaces/include/custom_interfaces/msg
-- Up-to-date: /home/stefan/projectsLinux/BeerBot/ros2_code/install/custom_interfaces/include/custom_interfaces/msg/rosidl_typesupport_introspection_c__visibility_control.h
-- Up-to-date: /home/stefan/projectsLinux/BeerBot/ros2_code/install/custom_interfaces/include/custom_interfaces/msg/detail
-- Up-to-date: /home/stefan/projectsLinux/BeerBot/ros2_code/install/custom_interfaces/include/custom_interfaces/msg/detail/servo_data__rosidl_typesupport_introspection_c.h
-- Up-to-date: /home/stefan/projectsLinux/BeerBot/ros2_code/install/custom_interfaces/include/custom_interfaces/msg/detail/servo_data__type_support.c
-- Up-to-date: /home/stefan/projectsLinux/BeerBot/ros2_code/install/custom_interfaces/lib/libcustom_interfaces__rosidl_typesupport_introspection_c.so
-- Up-to-date: /home/stefan/projectsLinux/BeerBot/ros2_code/install/custom_interfaces/lib/libcustom_interfaces__rosidl_typesupport_c.so
-- Up-to-date: /home/stefan/projectsLinux/BeerBot/ros2_code/install/custom_interfaces/include/custom_interfaces
-- Up-to-date: /home/stefan/projectsLinux/BeerBot/ros2_code/install/custom_interfaces/include/custom_interfaces/msg
-- Up-to-date: /home/stefan/projectsLinux/BeerBot/ros2_code/install/custom_interfaces/include/custom_interfaces/msg/servo_data.hpp
-- Up-to-date: /home/stefan/projectsLinux/BeerBot/ros2_code/install/custom_interfaces/include/custom_interfaces/msg/detail
-- Up-to-date: /home/stefan/projectsLinux/BeerBot/ros2_code/install/custom_interfaces/include/custom_interfaces/msg/detail/servo_data__traits.hpp
-- Up-to-date: /home/stefan/projectsLinux/BeerBot/ros2_code/install/custom_interfaces/include/custom_interfaces/msg/detail/servo_data__struct.hpp
-- Up-to-date: /home/stefan/projectsLinux/BeerBot/ros2_code/install/custom_interfaces/include/custom_interfaces/msg/detail/servo_data__builder.hpp
-- Up-to-date: /home/stefan/projectsLinux/BeerBot/ros2_code/install/custom_interfaces/include/custom_interfaces
-- Up-to-date: /home/stefan/projectsLinux/BeerBot/ros2_code/install/custom_interfaces/include/custom_interfaces/msg
-- Up-to-date: /home/stefan/projectsLinux/BeerBot/ros2_code/install/custom_interfaces/include/custom_interfaces/msg/detail
-- Up-to-date: /home/stefan/projectsLinux/BeerBot/ros2_code/install/custom_interfaces/include/custom_interfaces/msg/detail/servo_data__type_support.cpp
-- Up-to-date: /home/stefan/projectsLinux/BeerBot/ros2_code/install/custom_interfaces/include/custom_interfaces/msg/detail/servo_data__rosidl_typesupport_introspection_cpp.hpp
-- Up-to-date: /home/stefan/projectsLinux/BeerBot/ros2_code/install/custom_interfaces/lib/libcustom_interfaces__rosidl_typesupport_introspection_cpp.so
-- Up-to-date: /home/stefan/projectsLinux/BeerBot/ros2_code/install/custom_interfaces/lib/libcustom_interfaces__rosidl_typesupport_cpp.so
-- Up-to-date: /home/stefan/projectsLinux/BeerBot/ros2_code/install/custom_interfaces/share/custom_interfaces/environment/pythonpath.sh
-- Installing: /home/stefan/projectsLinux/BeerBot/ros2_code/install/custom_interfaces/share/custom_interfaces/environment/pythonpath.dsv
-- Installing: /home/stefan/projectsLinux/BeerBot/ros2_code/install/custom_interfaces/lib/python3.8/site-packages/custom_interfaces/__init__.py
Compiling '/home/stefan/projectsLinux/BeerBot/ros2_code/install/custom_interfaces/lib/python3.8/site-packages/custom_interfaces/__init__.py'...
-- Up-to-date: /home/stefan/projectsLinux/BeerBot/ros2_code/install/custom_interfaces/lib/python3.8/site-packages/custom_interfaces/msg
-- Up-to-date: /home/stefan/projectsLinux/BeerBot/ros2_code/install/custom_interfaces/lib/python3.8/site-packages/custom_interfaces/msg/_servo_data_s.c
-- Up-to-date: /home/stefan/projectsLinux/BeerBot/ros2_code/install/custom_interfaces/lib/python3.8/site-packages/custom_interfaces/msg/__init__.py
-- Up-to-date: /home/stefan/projectsLinux/BeerBot/ros2_code/install/custom_interfaces/lib/python3.8/site-packages/custom_interfaces/msg/_servo_data.py
-- Up-to-date: /home/stefan/projectsLinux/BeerBot/ros2_code/install/custom_interfaces/lib/python3.8/site-packages/custom_interfaces/custom_interfaces_s__rosidl_typesupport_fastrtps_c.cpython-38-x86_64-linux-gnu.so
-- Up-to-date: /home/stefan/projectsLinux/BeerBot/ros2_code/install/custom_interfaces/lib/python3.8/site-packages/custom_interfaces/custom_interfaces_s__rosidl_typesupport_introspection_c.cpython-38-x86_64-linux-gnu.so
-- Up-to-date: /home/stefan/projectsLinux/BeerBot/ros2_code/install/custom_interfaces/lib/python3.8/site-packages/custom_interfaces/custom_interfaces_s__rosidl_typesupport_c.cpython-38-x86_64-linux-gnu.so
-- Up-to-date: /home/stefan/projectsLinux/BeerBot/ros2_code/install/custom_interfaces/lib/libcustom_interfaces__python.so
-- Up-to-date: /home/stefan/projectsLinux/BeerBot/ros2_code/install/custom_interfaces/share/custom_interfaces/msg/ServoData.idl
-- Up-to-date: /home/stefan/projectsLinux/BeerBot/ros2_code/install/custom_interfaces/share/custom_interfaces/msg/ServoData.msg
-- Installing: /home/stefan/projectsLinux/BeerBot/ros2_code/install/custom_interfaces/share/ament_index/resource_index/package_run_dependencies/custom_interfaces
-- Installing: /home/stefan/projectsLinux/BeerBot/ros2_code/install/custom_interfaces/share/ament_index/resource_index/parent_prefix_path/custom_interfaces
-- Installing: /home/stefan/projectsLinux/BeerBot/ros2_code/install/custom_interfaces/share/custom_interfaces/environment/ament_prefix_path.sh
-- Installing: /home/stefan/projectsLinux/BeerBot/ros2_code/install/custom_interfaces/share/custom_interfaces/environment/ament_prefix_path.dsv
-- Installing: /home/stefan/projectsLinux/BeerBot/ros2_code/install/custom_interfaces/share/custom_interfaces/environment/path.sh
-- Installing: /home/stefan/projectsLinux/BeerBot/ros2_code/install/custom_interfaces/share/custom_interfaces/environment/path.dsv
-- Installing: /home/stefan/projectsLinux/BeerBot/ros2_code/install/custom_interfaces/share/custom_interfaces/local_setup.bash
-- Installing: /home/stefan/projectsLinux/BeerBot/ros2_code/install/custom_interfaces/share/custom_interfaces/local_setup.sh
-- Installing: /home/stefan/projectsLinux/BeerBot/ros2_code/install/custom_interfaces/share/custom_interfaces/local_setup.zsh
-- Installing: /home/stefan/projectsLinux/BeerBot/ros2_code/install/custom_interfaces/share/custom_interfaces/local_setup.dsv
-- Installing: /home/stefan/projectsLinux/BeerBot/ros2_code/install/custom_interfaces/share/custom_interfaces/package.dsv
-- Installing: /home/stefan/projectsLinux/BeerBot/ros2_code/install/custom_interfaces/share/ament_index/resource_index/packages/custom_interfaces
-- Installing: /home/stefan/projectsLinux/BeerBot/ros2_code/install/custom_interfaces/share/custom_interfaces/cmake/custom_interfaces__rosidl_generator_cExport.cmake
-- Installing: /home/stefan/projectsLinux/BeerBot/ros2_code/install/custom_interfaces/share/custom_interfaces/cmake/custom_interfaces__rosidl_generator_cExport-noconfig.cmake
-- Installing: /home/stefan/projectsLinux/BeerBot/ros2_code/install/custom_interfaces/share/custom_interfaces/cmake/custom_interfaces__rosidl_typesupport_introspection_cExport.cmake
-- Installing: /home/stefan/projectsLinux/BeerBot/ros2_code/install/custom_interfaces/share/custom_interfaces/cmake/custom_interfaces__rosidl_typesupport_introspection_cExport-noconfig.cmake
-- Installing: /home/stefan/projectsLinux/BeerBot/ros2_code/install/custom_interfaces/share/custom_interfaces/cmake/custom_interfaces__rosidl_typesupport_cExport.cmake
-- Installing: /home/stefan/projectsLinux/BeerBot/ros2_code/install/custom_interfaces/share/custom_interfaces/cmake/custom_interfaces__rosidl_typesupport_cExport-noconfig.cmake
-- Installing: /home/stefan/projectsLinux/BeerBot/ros2_code/install/custom_interfaces/share/custom_interfaces/cmake/custom_interfaces__rosidl_generator_cppExport.cmake
-- Installing: /home/stefan/projectsLinux/BeerBot/ros2_code/install/custom_interfaces/share/custom_interfaces/cmake/custom_interfaces__rosidl_typesupport_introspection_cppExport.cmake
-- Installing: /home/stefan/projectsLinux/BeerBot/ros2_code/install/custom_interfaces/share/custom_interfaces/cmake/custom_interfaces__rosidl_typesupport_introspection_cppExport-noconfig.cmake
-- Installing: /home/stefan/projectsLinux/BeerBot/ros2_code/install/custom_interfaces/share/custom_interfaces/cmake/custom_interfaces__rosidl_typesupport_cppExport.cmake
-- Installing: /home/stefan/projectsLinux/BeerBot/ros2_code/install/custom_interfaces/share/custom_interfaces/cmake/custom_interfaces__rosidl_typesupport_cppExport-noconfig.cmake
-- Installing: /home/stefan/projectsLinux/BeerBot/ros2_code/install/custom_interfaces/share/custom_interfaces/cmake/rosidl_cmake-extras.cmake
-- Installing: /home/stefan/projectsLinux/BeerBot/ros2_code/install/custom_interfaces/share/custom_interfaces/cmake/ament_cmake_export_dependencies-extras.cmake
-- Installing: /home/stefan/projectsLinux/BeerBot/ros2_code/install/custom_interfaces/share/custom_interfaces/cmake/ament_cmake_export_libraries-extras.cmake
-- Installing: /home/stefan/projectsLinux/BeerBot/ros2_code/install/custom_interfaces/share/custom_interfaces/cmake/ament_cmake_export_targets-extras.cmake
-- Installing: /home/stefan/projectsLinux/BeerBot/ros2_code/install/custom_interfaces/share/custom_interfaces/cmake/ament_cmake_export_include_directories-extras.cmake
-- Installing: /home/stefan/projectsLinux/BeerBot/ros2_code/install/custom_interfaces/share/custom_interfaces/cmake/rosidl_cmake_export_typesupport_libraries-extras.cmake
-- Installing: /home/stefan/projectsLinux/BeerBot/ros2_code/install/custom_interfaces/share/custom_interfaces/cmake/rosidl_cmake_export_typesupport_targets-extras.cmake
-- Installing: /home/stefan/projectsLinux/BeerBot/ros2_code/install/custom_interfaces/share/custom_interfaces/cmake/custom_interfacesConfig.cmake
-- Installing: /home/stefan/projectsLinux/BeerBot/ros2_code/install/custom_interfaces/share/custom_interfaces/cmake/custom_interfacesConfig-version.cmake
-- Installing: /home/stefan/projectsLinux/BeerBot/ros2_code/install/custom_interfaces/share/custom_interfaces/package.xml
