[0.020s] Invoking command in '/home/stefan/projectsLinux/BeerBot/ros2_code/build/custom_interfaces': CMAKE_PREFIX_PATH=${CMAKE_PREFIX_PATH}:/home/stefan/ws/install/opencv_tests:/opt/ros/foxy /usr/bin/cmake --build /home/stefan/projectsLinux/BeerBot/ros2_code/build/custom_interfaces -- -j8 -l8
[0.062s] [ 12%] Built target custom_interfaces__rosidl_generator_c
[0.063s] [ 12%] Built target custom_interfaces__cpp
[0.080s] [ 51%] Built target custom_interfaces__rosidl_typesupport_c
[0.081s] [ 51%] Built target custom_interfaces__rosidl_typesupport_cpp
[0.081s] [ 51%] Built target custom_interfaces__rosidl_typesupport_introspection_cpp
[0.081s] [ 51%] Built target custom_interfaces__rosidl_typesupport_introspection_c
[0.084s] [ 61%] Built target custom_interfaces__rosidl_typesupport_fastrtps_cpp
[0.107s] [ 70%] Built target custom_interfaces__rosidl_typesupport_fastrtps_c
[0.125s] [ 70%] Built target custom_interfaces
[0.143s] [ 74%] Built target custom_interfaces__py
[0.166s] [ 80%] Built target custom_interfaces__python
[0.187s] [ 93%] Built target custom_interfaces__rosidl_typesupport_fastrtps_c__pyext
[0.187s] [ 93%] Built target custom_interfaces__rosidl_typesupport_introspection_c__pyext
[0.187s] [100%] Built target custom_interfaces__rosidl_typesupport_c__pyext
[0.196s] Invoked command in '/home/stefan/projectsLinux/BeerBot/ros2_code/build/custom_interfaces' returned '0': CMAKE_PREFIX_PATH=${CMAKE_PREFIX_PATH}:/home/stefan/ws/install/opencv_tests:/opt/ros/foxy /usr/bin/cmake --build /home/stefan/projectsLinux/BeerBot/ros2_code/build/custom_interfaces -- -j8 -l8
[0.260s] Invoking command in '/home/stefan/projectsLinux/BeerBot/ros2_code/build/custom_interfaces': CMAKE_PREFIX_PATH=${CMAKE_PREFIX_PATH}:/home/stefan/ws/install/opencv_tests:/opt/ros/foxy /usr/bin/cmake --install /home/stefan/projectsLinux/BeerBot/ros2_code/build/custom_interfaces
[0.267s] -- Install configuration: ""
[0.267s] -- Up-to-date: /home/stefan/projectsLinux/BeerBot/ros2_code/install/custom_interfaces/share/ament_index/resource_index/rosidl_interfaces/custom_interfaces
[0.267s] -- Up-to-date: /home/stefan/projectsLinux/BeerBot/ros2_code/install/custom_interfaces/include/custom_interfaces
[0.268s] -- Up-to-date: /home/stefan/projectsLinux/BeerBot/ros2_code/install/custom_interfaces/include/custom_interfaces/msg
[0.268s] -- Up-to-date: /home/stefan/projectsLinux/BeerBot/ros2_code/install/custom_interfaces/include/custom_interfaces/msg/servo_data.h
[0.268s] -- Up-to-date: /home/stefan/projectsLinux/BeerBot/ros2_code/install/custom_interfaces/include/custom_interfaces/msg/rosidl_generator_c__visibility_control.h
[0.268s] -- Up-to-date: /home/stefan/projectsLinux/BeerBot/ros2_code/install/custom_interfaces/include/custom_interfaces/msg/detail
[0.268s] -- Up-to-date: /home/stefan/projectsLinux/BeerBot/ros2_code/install/custom_interfaces/include/custom_interfaces/msg/detail/servo_data__functions.c
[0.268s] -- Up-to-date: /home/stefan/projectsLinux/BeerBot/ros2_code/install/custom_interfaces/include/custom_interfaces/msg/detail/servo_data__functions.h
[0.269s] -- Up-to-date: /home/stefan/projectsLinux/BeerBot/ros2_code/install/custom_interfaces/include/custom_interfaces/msg/detail/servo_data__type_support.h
[0.269s] -- Up-to-date: /home/stefan/projectsLinux/BeerBot/ros2_code/install/custom_interfaces/include/custom_interfaces/msg/detail/servo_data__struct.h
[0.269s] -- Up-to-date: /home/stefan/projectsLinux/BeerBot/ros2_code/install/custom_interfaces/share/custom_interfaces/environment/library_path.sh
[0.269s] -- Installing: /home/stefan/projectsLinux/BeerBot/ros2_code/install/custom_interfaces/share/custom_interfaces/environment/library_path.dsv
[0.269s] -- Up-to-date: /home/stefan/projectsLinux/BeerBot/ros2_code/install/custom_interfaces/lib/libcustom_interfaces__rosidl_generator_c.so
[0.269s] -- Up-to-date: /home/stefan/projectsLinux/BeerBot/ros2_code/install/custom_interfaces/include/custom_interfaces
[0.270s] -- Up-to-date: /home/stefan/projectsLinux/BeerBot/ros2_code/install/custom_interfaces/include/custom_interfaces/msg
[0.270s] -- Up-to-date: /home/stefan/projectsLinux/BeerBot/ros2_code/install/custom_interfaces/include/custom_interfaces/msg/rosidl_typesupport_fastrtps_c__visibility_control.h
[0.270s] -- Up-to-date: /home/stefan/projectsLinux/BeerBot/ros2_code/install/custom_interfaces/include/custom_interfaces/msg/detail
[0.270s] -- Up-to-date: /home/stefan/projectsLinux/BeerBot/ros2_code/install/custom_interfaces/include/custom_interfaces/msg/detail/servo_data__rosidl_typesupport_fastrtps_c.h
[0.270s] -- Up-to-date: /home/stefan/projectsLinux/BeerBot/ros2_code/install/custom_interfaces/lib/libcustom_interfaces__rosidl_typesupport_fastrtps_c.so
[0.270s] -- Up-to-date: /home/stefan/projectsLinux/BeerBot/ros2_code/install/custom_interfaces/include/custom_interfaces
[0.271s] -- Up-to-date: /home/stefan/projectsLinux/BeerBot/ros2_code/install/custom_interfaces/include/custom_interfaces/msg
[0.271s] -- Up-to-date: /home/stefan/projectsLinux/BeerBot/ros2_code/install/custom_interfaces/include/custom_interfaces/msg/rosidl_typesupport_fastrtps_cpp__visibility_control.h
[0.271s] -- Up-to-date: /home/stefan/projectsLinux/BeerBot/ros2_code/install/custom_interfaces/include/custom_interfaces/msg/detail
[0.271s] -- Up-to-date: /home/stefan/projectsLinux/BeerBot/ros2_code/install/custom_interfaces/include/custom_interfaces/msg/detail/servo_data__rosidl_typesupport_fastrtps_cpp.hpp
[0.271s] -- Up-to-date: /home/stefan/projectsLinux/BeerBot/ros2_code/install/custom_interfaces/include/custom_interfaces/msg/detail/dds_fastrtps
[0.271s] -- Up-to-date: /home/stefan/projectsLinux/BeerBot/ros2_code/install/custom_interfaces/lib/libcustom_interfaces__rosidl_typesupport_fastrtps_cpp.so
[0.271s] -- Up-to-date: /home/stefan/projectsLinux/BeerBot/ros2_code/install/custom_interfaces/include/custom_interfaces
[0.271s] -- Up-to-date: /home/stefan/projectsLinux/BeerBot/ros2_code/install/custom_interfaces/include/custom_interfaces/msg
[0.271s] -- Up-to-date: /home/stefan/projectsLinux/BeerBot/ros2_code/install/custom_interfaces/include/custom_interfaces/msg/rosidl_typesupport_introspection_c__visibility_control.h
[0.271s] -- Up-to-date: /home/stefan/projectsLinux/BeerBot/ros2_code/install/custom_interfaces/include/custom_interfaces/msg/detail
[0.271s] -- Up-to-date: /home/stefan/projectsLinux/BeerBot/ros2_code/install/custom_interfaces/include/custom_interfaces/msg/detail/servo_data__rosidl_typesupport_introspection_c.h
[0.271s] -- Up-to-date: /home/stefan/projectsLinux/BeerBot/ros2_code/install/custom_interfaces/include/custom_interfaces/msg/detail/servo_data__type_support.c
[0.271s] -- Up-to-date: /home/stefan/projectsLinux/BeerBot/ros2_code/install/custom_interfaces/lib/libcustom_interfaces__rosidl_typesupport_introspection_c.so
[0.271s] -- Up-to-date: /home/stefan/projectsLinux/BeerBot/ros2_code/install/custom_interfaces/lib/libcustom_interfaces__rosidl_typesupport_c.so
[0.271s] -- Up-to-date: /home/stefan/projectsLinux/BeerBot/ros2_code/install/custom_interfaces/include/custom_interfaces
[0.272s] -- Up-to-date: /home/stefan/projectsLinux/BeerBot/ros2_code/install/custom_interfaces/include/custom_interfaces/msg
[0.272s] -- Up-to-date: /home/stefan/projectsLinux/BeerBot/ros2_code/install/custom_interfaces/include/custom_interfaces/msg/servo_data.hpp
[0.272s] -- Up-to-date: /home/stefan/projectsLinux/BeerBot/ros2_code/install/custom_interfaces/include/custom_interfaces/msg/detail
[0.272s] -- Up-to-date: /home/stefan/projectsLinux/BeerBot/ros2_code/install/custom_interfaces/include/custom_interfaces/msg/detail/servo_data__traits.hpp
[0.272s] -- Up-to-date: /home/stefan/projectsLinux/BeerBot/ros2_code/install/custom_interfaces/include/custom_interfaces/msg/detail/servo_data__struct.hpp
[0.272s] -- Up-to-date: /home/stefan/projectsLinux/BeerBot/ros2_code/install/custom_interfaces/include/custom_interfaces/msg/detail/servo_data__builder.hpp
[0.272s] -- Up-to-date: /home/stefan/projectsLinux/BeerBot/ros2_code/install/custom_interfaces/include/custom_interfaces
[0.272s] -- Up-to-date: /home/stefan/projectsLinux/BeerBot/ros2_code/install/custom_interfaces/include/custom_interfaces/msg
[0.272s] -- Up-to-date: /home/stefan/projectsLinux/BeerBot/ros2_code/install/custom_interfaces/include/custom_interfaces/msg/detail
[0.272s] -- Up-to-date: /home/stefan/projectsLinux/BeerBot/ros2_code/install/custom_interfaces/include/custom_interfaces/msg/detail/servo_data__type_support.cpp
[0.272s] -- Up-to-date: /home/stefan/projectsLinux/BeerBot/ros2_code/install/custom_interfaces/include/custom_interfaces/msg/detail/servo_data__rosidl_typesupport_introspection_cpp.hpp
[0.272s] -- Up-to-date: /home/stefan/projectsLinux/BeerBot/ros2_code/install/custom_interfaces/lib/libcustom_interfaces__rosidl_typesupport_introspection_cpp.so
[0.272s] -- Up-to-date: /home/stefan/projectsLinux/BeerBot/ros2_code/install/custom_interfaces/lib/libcustom_interfaces__rosidl_typesupport_cpp.so
[0.272s] -- Up-to-date: /home/stefan/projectsLinux/BeerBot/ros2_code/install/custom_interfaces/share/custom_interfaces/environment/pythonpath.sh
[0.272s] -- Installing: /home/stefan/projectsLinux/BeerBot/ros2_code/install/custom_interfaces/share/custom_interfaces/environment/pythonpath.dsv
[0.272s] -- Installing: /home/stefan/projectsLinux/BeerBot/ros2_code/install/custom_interfaces/lib/python3.8/site-packages/custom_interfaces/__init__.py
[0.297s] Compiling '/home/stefan/projectsLinux/BeerBot/ros2_code/install/custom_interfaces/lib/python3.8/site-packages/custom_interfaces/__init__.py'...
[0.300s] -- Up-to-date: /home/stefan/projectsLinux/BeerBot/ros2_code/install/custom_interfaces/lib/python3.8/site-packages/custom_interfaces/msg
[0.300s] -- Up-to-date: /home/stefan/projectsLinux/BeerBot/ros2_code/install/custom_interfaces/lib/python3.8/site-packages/custom_interfaces/msg/_servo_data_s.c
[0.300s] -- Up-to-date: /home/stefan/projectsLinux/BeerBot/ros2_code/install/custom_interfaces/lib/python3.8/site-packages/custom_interfaces/msg/__init__.py
[0.300s] -- Up-to-date: /home/stefan/projectsLinux/BeerBot/ros2_code/install/custom_interfaces/lib/python3.8/site-packages/custom_interfaces/msg/_servo_data.py
[0.301s] -- Up-to-date: /home/stefan/projectsLinux/BeerBot/ros2_code/install/custom_interfaces/lib/python3.8/site-packages/custom_interfaces/custom_interfaces_s__rosidl_typesupport_fastrtps_c.cpython-38-x86_64-linux-gnu.so
[0.302s] -- Up-to-date: /home/stefan/projectsLinux/BeerBot/ros2_code/install/custom_interfaces/lib/python3.8/site-packages/custom_interfaces/custom_interfaces_s__rosidl_typesupport_introspection_c.cpython-38-x86_64-linux-gnu.so
[0.303s] -- Up-to-date: /home/stefan/projectsLinux/BeerBot/ros2_code/install/custom_interfaces/lib/python3.8/site-packages/custom_interfaces/custom_interfaces_s__rosidl_typesupport_c.cpython-38-x86_64-linux-gnu.so
[0.303s] -- Up-to-date: /home/stefan/projectsLinux/BeerBot/ros2_code/install/custom_interfaces/lib/libcustom_interfaces__python.so
[0.303s] -- Up-to-date: /home/stefan/projectsLinux/BeerBot/ros2_code/install/custom_interfaces/share/custom_interfaces/msg/ServoData.idl
[0.303s] -- Up-to-date: /home/stefan/projectsLinux/BeerBot/ros2_code/install/custom_interfaces/share/custom_interfaces/msg/ServoData.msg
[0.304s] -- Installing: /home/stefan/projectsLinux/BeerBot/ros2_code/install/custom_interfaces/share/ament_index/resource_index/package_run_dependencies/custom_interfaces
[0.304s] -- Installing: /home/stefan/projectsLinux/BeerBot/ros2_code/install/custom_interfaces/share/ament_index/resource_index/parent_prefix_path/custom_interfaces
[0.304s] -- Installing: /home/stefan/projectsLinux/BeerBot/ros2_code/install/custom_interfaces/share/custom_interfaces/environment/ament_prefix_path.sh
[0.304s] -- Installing: /home/stefan/projectsLinux/BeerBot/ros2_code/install/custom_interfaces/share/custom_interfaces/environment/ament_prefix_path.dsv
[0.304s] -- Installing: /home/stefan/projectsLinux/BeerBot/ros2_code/install/custom_interfaces/share/custom_interfaces/environment/path.sh
[0.305s] -- Installing: /home/stefan/projectsLinux/BeerBot/ros2_code/install/custom_interfaces/share/custom_interfaces/environment/path.dsv
[0.305s] -- Installing: /home/stefan/projectsLinux/BeerBot/ros2_code/install/custom_interfaces/share/custom_interfaces/local_setup.bash
[0.305s] -- Installing: /home/stefan/projectsLinux/BeerBot/ros2_code/install/custom_interfaces/share/custom_interfaces/local_setup.sh
[0.306s] -- Installing: /home/stefan/projectsLinux/BeerBot/ros2_code/install/custom_interfaces/share/custom_interfaces/local_setup.zsh
[0.306s] -- Installing: /home/stefan/projectsLinux/BeerBot/ros2_code/install/custom_interfaces/share/custom_interfaces/local_setup.dsv
[0.306s] -- Installing: /home/stefan/projectsLinux/BeerBot/ros2_code/install/custom_interfaces/share/custom_interfaces/package.dsv
[0.306s] -- Installing: /home/stefan/projectsLinux/BeerBot/ros2_code/install/custom_interfaces/share/ament_index/resource_index/packages/custom_interfaces
[0.307s] -- Installing: /home/stefan/projectsLinux/BeerBot/ros2_code/install/custom_interfaces/share/custom_interfaces/cmake/custom_interfaces__rosidl_generator_cExport.cmake
[0.307s] -- Installing: /home/stefan/projectsLinux/BeerBot/ros2_code/install/custom_interfaces/share/custom_interfaces/cmake/custom_interfaces__rosidl_generator_cExport-noconfig.cmake
[0.307s] -- Installing: /home/stefan/projectsLinux/BeerBot/ros2_code/install/custom_interfaces/share/custom_interfaces/cmake/custom_interfaces__rosidl_typesupport_introspection_cExport.cmake
[0.307s] -- Installing: /home/stefan/projectsLinux/BeerBot/ros2_code/install/custom_interfaces/share/custom_interfaces/cmake/custom_interfaces__rosidl_typesupport_introspection_cExport-noconfig.cmake
[0.308s] -- Installing: /home/stefan/projectsLinux/BeerBot/ros2_code/install/custom_interfaces/share/custom_interfaces/cmake/custom_interfaces__rosidl_typesupport_cExport.cmake
[0.308s] -- Installing: /home/stefan/projectsLinux/BeerBot/ros2_code/install/custom_interfaces/share/custom_interfaces/cmake/custom_interfaces__rosidl_typesupport_cExport-noconfig.cmake
[0.308s] -- Installing: /home/stefan/projectsLinux/BeerBot/ros2_code/install/custom_interfaces/share/custom_interfaces/cmake/custom_interfaces__rosidl_generator_cppExport.cmake
[0.308s] -- Installing: /home/stefan/projectsLinux/BeerBot/ros2_code/install/custom_interfaces/share/custom_interfaces/cmake/custom_interfaces__rosidl_typesupport_introspection_cppExport.cmake
[0.308s] -- Installing: /home/stefan/projectsLinux/BeerBot/ros2_code/install/custom_interfaces/share/custom_interfaces/cmake/custom_interfaces__rosidl_typesupport_introspection_cppExport-noconfig.cmake
[0.308s] -- Installing: /home/stefan/projectsLinux/BeerBot/ros2_code/install/custom_interfaces/share/custom_interfaces/cmake/custom_interfaces__rosidl_typesupport_cppExport.cmake
[0.308s] -- Installing: /home/stefan/projectsLinux/BeerBot/ros2_code/install/custom_interfaces/share/custom_interfaces/cmake/custom_interfaces__rosidl_typesupport_cppExport-noconfig.cmake
[0.309s] -- Installing: /home/stefan/projectsLinux/BeerBot/ros2_code/install/custom_interfaces/share/custom_interfaces/cmake/rosidl_cmake-extras.cmake
[0.309s] -- Installing: /home/stefan/projectsLinux/BeerBot/ros2_code/install/custom_interfaces/share/custom_interfaces/cmake/ament_cmake_export_dependencies-extras.cmake
[0.309s] -- Installing: /home/stefan/projectsLinux/BeerBot/ros2_code/install/custom_interfaces/share/custom_interfaces/cmake/ament_cmake_export_libraries-extras.cmake
[0.309s] -- Installing: /home/stefan/projectsLinux/BeerBot/ros2_code/install/custom_interfaces/share/custom_interfaces/cmake/ament_cmake_export_targets-extras.cmake
[0.309s] -- Installing: /home/stefan/projectsLinux/BeerBot/ros2_code/install/custom_interfaces/share/custom_interfaces/cmake/ament_cmake_export_include_directories-extras.cmake
[0.309s] -- Installing: /home/stefan/projectsLinux/BeerBot/ros2_code/install/custom_interfaces/share/custom_interfaces/cmake/rosidl_cmake_export_typesupport_libraries-extras.cmake
[0.309s] -- Installing: /home/stefan/projectsLinux/BeerBot/ros2_code/install/custom_interfaces/share/custom_interfaces/cmake/rosidl_cmake_export_typesupport_targets-extras.cmake
[0.309s] -- Installing: /home/stefan/projectsLinux/BeerBot/ros2_code/install/custom_interfaces/share/custom_interfaces/cmake/custom_interfacesConfig.cmake
[0.309s] -- Installing: /home/stefan/projectsLinux/BeerBot/ros2_code/install/custom_interfaces/share/custom_interfaces/cmake/custom_interfacesConfig-version.cmake
[0.309s] -- Installing: /home/stefan/projectsLinux/BeerBot/ros2_code/install/custom_interfaces/share/custom_interfaces/package.xml
[0.312s] Invoked command in '/home/stefan/projectsLinux/BeerBot/ros2_code/build/custom_interfaces' returned '0': CMAKE_PREFIX_PATH=${CMAKE_PREFIX_PATH}:/home/stefan/ws/install/opencv_tests:/opt/ros/foxy /usr/bin/cmake --install /home/stefan/projectsLinux/BeerBot/ros2_code/build/custom_interfaces
