[0.030s] Invoking command in '/home/stefan/projectsLinux/BeerBot/ros2_code/build/custom_interfaces': CMAKE_PREFIX_PATH=${CMAKE_PREFIX_PATH}:/home/stefan/ws/install/opencv_tests:/opt/ros/foxy /usr/bin/cmake /home/stefan/projectsLinux/BeerBot/ros2_code/src/custom_interfaces -DCMAKE_INSTALL_PREFIX=/home/stefan/projectsLinux/BeerBot/ros2_code/install/custom_interfaces
[0.156s] -- The C compiler identification is GNU 9.4.0
[0.343s] -- The CXX compiler identification is GNU 9.4.0
[0.426s] -- Check for working C compiler: /usr/bin/cc
[0.548s] -- Check for working C compiler: /usr/bin/cc -- works
[0.549s] -- Detecting C compiler ABI info
[0.662s] -- Detecting C compiler ABI info - done
[0.672s] -- Detecting C compile features
[0.672s] -- Detecting C compile features - done
[0.675s] -- Check for working CXX compiler: /usr/bin/c++
[0.792s] -- Check for working CXX compiler: /usr/bin/c++ -- works
[0.793s] -- Detecting CXX compiler ABI info
[0.938s] -- Detecting CXX compiler ABI info - done
[0.949s] -- Detecting CXX compile features
[0.950s] -- Detecting CXX compile features - done
[0.952s] -- Found ament_cmake: 0.9.9 (/opt/ros/foxy/share/ament_cmake/cmake)
[0.984s] -- Found PythonInterp: /usr/bin/python3 (found suitable version "3.8.10", minimum required is "3") 
[0.984s] -- Using PYTHON_EXECUTABLE: /usr/bin/python3
[1.171s] -- Found rclcpp: 2.4.1 (/opt/ros/foxy/share/rclcpp/cmake)
[1.301s] -- Using all available rosidl_typesupport_c: rosidl_typesupport_fastrtps_c;rosidl_typesupport_introspection_c
[1.308s] -- Found rosidl_adapter: 1.2.1 (/opt/ros/foxy/share/rosidl_adapter/cmake)
[2.189s] -- Found OpenSSL: /usr/lib/x86_64-linux-gnu/libcrypto.so (found version "1.1.1f")  
[3.056s] -- Found FastRTPS: /opt/ros/foxy/include  
[4.482s] -- Using all available rosidl_typesupport_cpp: rosidl_typesupport_fastrtps_cpp;rosidl_typesupport_introspection_cpp
[4.531s] -- Found rmw_implementation_cmake: 1.0.3 (/opt/ros/foxy/share/rmw_implementation_cmake/cmake)
[4.532s] -- Using RMW implementation 'rmw_fastrtps_cpp' as default
[4.533s] -- Looking for pthread.h
[4.644s] -- Looking for pthread.h - found
[4.644s] -- Performing Test CMAKE_HAVE_LIBC_PTHREAD
[4.753s] -- Performing Test CMAKE_HAVE_LIBC_PTHREAD - Failed
[4.753s] -- Looking for pthread_create in pthreads
[4.851s] -- Looking for pthread_create in pthreads - not found
[4.851s] -- Looking for pthread_create in pthread
[4.955s] -- Looking for pthread_create in pthread - found
[4.955s] -- Found Threads: TRUE  
[5.088s] -- Found rosidl_default_generators: 1.0.1 (/opt/ros/foxy/share/rosidl_default_generators/cmake)
[5.118s] -- Found PythonInterp: /usr/bin/python3 (found version "3.8.10") 
[5.262s] -- Found ament_cmake_ros: 0.9.2 (/opt/ros/foxy/share/ament_cmake_ros/cmake)
[7.934s] -- Using all available rosidl_typesupport_c: rosidl_typesupport_fastrtps_c;rosidl_typesupport_introspection_c
[7.943s] -- Using all available rosidl_typesupport_cpp: rosidl_typesupport_fastrtps_cpp;rosidl_typesupport_introspection_cpp
[7.967s] -- Found PythonInterp: /usr/bin/python3 (found suitable version "3.8.10", minimum required is "3.5") 
[7.969s] -- Found python_cmake_module: 0.8.1 (/opt/ros/foxy/share/python_cmake_module/cmake)
[8.225s] -- Found PythonLibs: /usr/lib/x86_64-linux-gnu/libpython3.8.so (found suitable version "3.8.10", minimum required is "3.5") 
[8.225s] -- Using PYTHON_EXECUTABLE: /usr/bin/python3
[8.225s] -- Using PYTHON_INCLUDE_DIRS: /usr/include/python3.8
[8.225s] -- Using PYTHON_LIBRARIES: /usr/lib/x86_64-linux-gnu/libpython3.8.so
[8.248s] -- Found PythonExtra: .so  
[8.311s] -- Configuring done
[8.336s] -- Generating done
[8.340s] -- Build files have been written to: /home/stefan/projectsLinux/BeerBot/ros2_code/build/custom_interfaces
