[0.028s] Invoking command in '/home/stefan/projectsLinux/BeerBot/ros2_code/build/custom_interfaces': CMAKE_PREFIX_PATH=${CMAKE_PREFIX_PATH}:/home/stefan/ws/install/opencv_tests:/opt/ros/foxy /usr/bin/cmake --build /home/stefan/projectsLinux/BeerBot/ros2_code/build/custom_interfaces -- -j8 -l8
[0.049s] -- Found ament_cmake: 0.9.9 (/opt/ros/foxy/share/ament_cmake/cmake)
[0.074s] -- Found PythonInterp: /usr/bin/python3 (found suitable version "3.8.10", minimum required is "3") 
[0.074s] -- Using PYTHON_EXECUTABLE: /usr/bin/python3
[0.242s] -- Found rclcpp: 2.4.1 (/opt/ros/foxy/share/rclcpp/cmake)
[0.342s] -- Using all available rosidl_typesupport_c: rosidl_typesupport_fastrtps_c;rosidl_typesupport_introspection_c
[0.344s] -- Found rosidl_adapter: 1.2.1 (/opt/ros/foxy/share/rosidl_adapter/cmake)
[2.035s] -- Using all available rosidl_typesupport_cpp: rosidl_typesupport_fastrtps_cpp;rosidl_typesupport_introspection_cpp
[2.076s] -- Found rmw_implementation_cmake: 1.0.3 (/opt/ros/foxy/share/rmw_implementation_cmake/cmake)
[2.077s] -- Using RMW implementation 'rmw_fastrtps_cpp' as default
[2.199s] -- Found rosidl_default_generators: 1.0.1 (/opt/ros/foxy/share/rosidl_default_generators/cmake)
[2.233s] -- Found PythonInterp: /usr/bin/python3 (found version "3.8.10") 
[2.382s] -- Found ament_cmake_ros: 0.9.2 (/opt/ros/foxy/share/ament_cmake_ros/cmake)
[4.890s] -- Using all available rosidl_typesupport_c: rosidl_typesupport_fastrtps_c;rosidl_typesupport_introspection_c
[4.897s] -- Using all available rosidl_typesupport_cpp: rosidl_typesupport_fastrtps_cpp;rosidl_typesupport_introspection_cpp
[4.921s] -- Found PythonInterp: /usr/bin/python3 (found suitable version "3.8.10", minimum required is "3.5") 
[4.922s] -- Found python_cmake_module: 0.8.1 (/opt/ros/foxy/share/python_cmake_module/cmake)
[4.946s] -- Using PYTHON_EXECUTABLE: /usr/bin/python3
[4.946s] -- Using PYTHON_INCLUDE_DIRS: /usr/include/python3.8
[4.946s] -- Using PYTHON_LIBRARIES: /usr/lib/x86_64-linux-gnu/libpython3.8.so
[4.967s] -- Configuring done
[4.994s] -- Generating done
[4.998s] -- Build files have been written to: /home/stefan/projectsLinux/BeerBot/ros2_code/build/custom_interfaces
[5.029s] [  3%] Built target custom_interfaces__cpp
[5.030s] [ 12%] Built target custom_interfaces__rosidl_generator_c
[5.049s] [ 45%] Built target custom_interfaces__rosidl_typesupport_introspection_cpp
[5.050s] [ 51%] Built target custom_interfaces__rosidl_typesupport_cpp
[5.050s] [ 51%] Built target custom_interfaces__rosidl_typesupport_c
[5.050s] [ 51%] Built target custom_interfaces__rosidl_typesupport_introspection_c
[5.053s] [ 61%] Built target custom_interfaces__rosidl_typesupport_fastrtps_cpp
[5.074s] [ 70%] Built target custom_interfaces__rosidl_typesupport_fastrtps_c
[5.091s] [ 70%] Built target custom_interfaces
[5.108s] [ 74%] Built target custom_interfaces__py
[5.129s] [ 80%] Built target custom_interfaces__python
[5.151s] [ 87%] Built target custom_interfaces__rosidl_typesupport_fastrtps_c__pyext
[5.151s] [ 93%] Built target custom_interfaces__rosidl_typesupport_introspection_c__pyext
[5.151s] [100%] Built target custom_interfaces__rosidl_typesupport_c__pyext
