[0.159s] DEBUG:colcon:Command line arguments: ['/usr/bin/colcon', 'build']
[0.159s] DEBUG:colcon:Parsed command line arguments: Namespace(allow_overriding=[], ament_cmake_args=None, base_paths=['.'], build_base='build', catkin_cmake_args=None, catkin_skip_building_tests=False, cmake_args=None, cmake_clean_cache=False, cmake_clean_first=False, cmake_force_configure=False, cmake_target=None, cmake_target_skip_unavailable=False, continue_on_error=False, event_handlers=None, executor='parallel', ignore_user_meta=False, install_base='install', log_base=None, log_level=None, main=<bound method BuildVerb.main of <colcon_core.verb.build.BuildVerb object at 0x7fcad39d0ca0>>, merge_install=False, metas=['./colcon.meta'], packages_above=None, packages_above_and_dependencies=None, packages_above_depth=None, packages_end=None, packages_ignore=None, packages_ignore_regex=None, packages_select=None, packages_select_build_failed=False, packages_select_by_dep=None, packages_select_regex=None, packages_select_test_failures=False, packages_skip=None, packages_skip_build_finished=False, packages_skip_by_dep=None, packages_skip_regex=None, packages_skip_test_passed=False, packages_skip_up_to=None, packages_start=None, packages_up_to=None, packages_up_to_regex=None, parallel_workers=8, paths=None, symlink_install=False, test_result_base=None, verb_extension=<colcon_core.verb.build.BuildVerb object at 0x7fcad39d0ca0>, verb_name='build', verb_parser=<colcon_defaults.argument_parser.defaults.DefaultArgumentsDecorator object at 0x7fcad39da250>)
[0.178s] Level 1:colcon.colcon_core.package_discovery:discover_packages(colcon_meta) check parameters
[0.178s] Level 1:colcon.colcon_core.package_discovery:discover_packages(recursive) check parameters
[0.178s] Level 1:colcon.colcon_core.package_discovery:discover_packages(ignore) check parameters
[0.178s] Level 1:colcon.colcon_core.package_discovery:discover_packages(path) check parameters
[0.178s] Level 1:colcon.colcon_core.package_discovery:discover_packages(colcon_meta) discover
[0.178s] Level 1:colcon.colcon_core.package_discovery:discover_packages(recursive) discover
[0.178s] INFO:colcon.colcon_core.package_discovery:Crawling recursively for packages in '/home/stefan/projectsLinux/BeerBot/ros2_code'
[0.179s] Level 1:colcon.colcon_core.package_identification:_identify(.) by extensions ['ignore', 'ignore_ament_install']
[0.179s] Level 1:colcon.colcon_core.package_identification:_identify(.) by extension 'ignore'
[0.179s] Level 1:colcon.colcon_core.package_identification:_identify(.) by extension 'ignore_ament_install'
[0.179s] Level 1:colcon.colcon_core.package_identification:_identify(.) by extensions ['colcon_pkg']
[0.179s] Level 1:colcon.colcon_core.package_identification:_identify(.) by extension 'colcon_pkg'
[0.179s] Level 1:colcon.colcon_core.package_identification:_identify(.) by extensions ['colcon_meta']
[0.179s] Level 1:colcon.colcon_core.package_identification:_identify(.) by extension 'colcon_meta'
[0.179s] Level 1:colcon.colcon_core.package_identification:_identify(.) by extensions ['ros']
[0.179s] Level 1:colcon.colcon_core.package_identification:_identify(.) by extension 'ros'
[0.232s] Level 1:colcon.colcon_core.package_identification:_identify(.) by extensions ['cmake', 'python']
[0.232s] Level 1:colcon.colcon_core.package_identification:_identify(.) by extension 'cmake'
[0.232s] Level 1:colcon.colcon_core.package_identification:_identify(.) by extension 'python'
[0.232s] Level 1:colcon.colcon_core.package_identification:_identify(.) by extensions ['python_setup_py']
[0.232s] Level 1:colcon.colcon_core.package_identification:_identify(.) by extension 'python_setup_py'
[0.232s] Level 1:colcon.colcon_core.package_identification:_identify(build) by extensions ['ignore', 'ignore_ament_install']
[0.232s] Level 1:colcon.colcon_core.package_identification:_identify(build) by extension 'ignore'
[0.232s] Level 1:colcon.colcon_core.package_identification:_identify(build) ignored
[0.233s] Level 1:colcon.colcon_core.package_identification:_identify(install) by extensions ['ignore', 'ignore_ament_install']
[0.233s] Level 1:colcon.colcon_core.package_identification:_identify(install) by extension 'ignore'
[0.233s] Level 1:colcon.colcon_core.package_identification:_identify(install) ignored
[0.233s] Level 1:colcon.colcon_core.package_identification:_identify(log) by extensions ['ignore', 'ignore_ament_install']
[0.233s] Level 1:colcon.colcon_core.package_identification:_identify(log) by extension 'ignore'
[0.233s] Level 1:colcon.colcon_core.package_identification:_identify(log) ignored
[0.233s] Level 1:colcon.colcon_core.package_identification:_identify(src) by extensions ['ignore', 'ignore_ament_install']
[0.233s] Level 1:colcon.colcon_core.package_identification:_identify(src) by extension 'ignore'
[0.234s] Level 1:colcon.colcon_core.package_identification:_identify(src) by extension 'ignore_ament_install'
[0.234s] Level 1:colcon.colcon_core.package_identification:_identify(src) by extensions ['colcon_pkg']
[0.234s] Level 1:colcon.colcon_core.package_identification:_identify(src) by extension 'colcon_pkg'
[0.234s] Level 1:colcon.colcon_core.package_identification:_identify(src) by extensions ['colcon_meta']
[0.234s] Level 1:colcon.colcon_core.package_identification:_identify(src) by extension 'colcon_meta'
[0.234s] Level 1:colcon.colcon_core.package_identification:_identify(src) by extensions ['ros']
[0.234s] Level 1:colcon.colcon_core.package_identification:_identify(src) by extension 'ros'
[0.234s] Level 1:colcon.colcon_core.package_identification:_identify(src) by extensions ['cmake', 'python']
[0.234s] Level 1:colcon.colcon_core.package_identification:_identify(src) by extension 'cmake'
[0.234s] Level 1:colcon.colcon_core.package_identification:_identify(src) by extension 'python'
[0.234s] Level 1:colcon.colcon_core.package_identification:_identify(src) by extensions ['python_setup_py']
[0.234s] Level 1:colcon.colcon_core.package_identification:_identify(src) by extension 'python_setup_py'
[0.234s] Level 1:colcon.colcon_core.package_identification:_identify(src/custom_interfaces) by extensions ['ignore', 'ignore_ament_install']
[0.234s] Level 1:colcon.colcon_core.package_identification:_identify(src/custom_interfaces) by extension 'ignore'
[0.234s] Level 1:colcon.colcon_core.package_identification:_identify(src/custom_interfaces) by extension 'ignore_ament_install'
[0.235s] Level 1:colcon.colcon_core.package_identification:_identify(src/custom_interfaces) by extensions ['colcon_pkg']
[0.235s] Level 1:colcon.colcon_core.package_identification:_identify(src/custom_interfaces) by extension 'colcon_pkg'
[0.235s] Level 1:colcon.colcon_core.package_identification:_identify(src/custom_interfaces) by extensions ['colcon_meta']
[0.235s] Level 1:colcon.colcon_core.package_identification:_identify(src/custom_interfaces) by extension 'colcon_meta'
[0.235s] Level 1:colcon.colcon_core.package_identification:_identify(src/custom_interfaces) by extensions ['ros']
[0.235s] Level 1:colcon.colcon_core.package_identification:_identify(src/custom_interfaces) by extension 'ros'
[0.237s] DEBUG:colcon.colcon_core.package_identification:Package 'src/custom_interfaces' with type 'ros.ament_cmake' and name 'custom_interfaces'
[0.237s] Level 1:colcon.colcon_core.package_identification:_identify(src/template_code) by extensions ['ignore', 'ignore_ament_install']
[0.237s] Level 1:colcon.colcon_core.package_identification:_identify(src/template_code) by extension 'ignore'
[0.237s] Level 1:colcon.colcon_core.package_identification:_identify(src/template_code) by extension 'ignore_ament_install'
[0.237s] Level 1:colcon.colcon_core.package_identification:_identify(src/template_code) by extensions ['colcon_pkg']
[0.237s] Level 1:colcon.colcon_core.package_identification:_identify(src/template_code) by extension 'colcon_pkg'
[0.237s] Level 1:colcon.colcon_core.package_identification:_identify(src/template_code) by extensions ['colcon_meta']
[0.238s] Level 1:colcon.colcon_core.package_identification:_identify(src/template_code) by extension 'colcon_meta'
[0.238s] Level 1:colcon.colcon_core.package_identification:_identify(src/template_code) by extensions ['ros']
[0.238s] Level 1:colcon.colcon_core.package_identification:_identify(src/template_code) by extension 'ros'
[0.238s] DEBUG:colcon.colcon_core.package_identification:Package 'src/template_code' with type 'ros.ament_cmake' and name 'template_code'
[0.238s] Level 1:colcon.colcon_core.package_discovery:discover_packages(recursive) using defaults
[0.238s] Level 1:colcon.colcon_core.package_discovery:discover_packages(ignore) discover
[0.239s] Level 1:colcon.colcon_core.package_discovery:discover_packages(ignore) using defaults
[0.239s] Level 1:colcon.colcon_core.package_discovery:discover_packages(path) discover
[0.239s] Level 1:colcon.colcon_core.package_discovery:discover_packages(path) using defaults
[0.254s] Level 1:colcon.colcon_core.package_discovery:discover_packages(prefix_path) check parameters
[0.254s] Level 1:colcon.colcon_core.package_discovery:discover_packages(prefix_path) discover
[0.255s] WARNING:colcon.colcon_ros.prefix_path.ament:The path '/home/stefan/projectsLinux/ROS_start/install/turtlesim' in the environment variable AMENT_PREFIX_PATH doesn't exist
[0.256s] WARNING:colcon.colcon_ros.prefix_path.catkin:The path '/home/stefan/projectsLinux/ROS_start/install/turtlesim' in the environment variable CMAKE_PREFIX_PATH doesn't exist
[0.257s] DEBUG:colcon.colcon_installed_package_information.package_discovery:Found 2 installed packages in /home/stefan/projectsLinux/BeerBot/install
[0.258s] DEBUG:colcon.colcon_installed_package_information.package_discovery:Found 1 installed packages in /home/stefan/projectsLinux/ROS_start/install
[0.259s] DEBUG:colcon.colcon_installed_package_information.package_discovery:Found 11 installed packages in /home/stefan/ws/install
[0.261s] DEBUG:colcon.colcon_installed_package_information.package_discovery:Found 244 installed packages in /opt/ros/foxy
[0.262s] Level 1:colcon.colcon_core.package_discovery:discover_packages(prefix_path) using defaults
[0.315s] Level 5:colcon.colcon_core.verb:set package 'custom_interfaces' build argument 'cmake_args' from command line to 'None'
[0.315s] Level 5:colcon.colcon_core.verb:set package 'custom_interfaces' build argument 'cmake_target' from command line to 'None'
[0.315s] Level 5:colcon.colcon_core.verb:set package 'custom_interfaces' build argument 'cmake_target_skip_unavailable' from command line to 'False'
[0.315s] Level 5:colcon.colcon_core.verb:set package 'custom_interfaces' build argument 'cmake_clean_cache' from command line to 'False'
[0.315s] Level 5:colcon.colcon_core.verb:set package 'custom_interfaces' build argument 'cmake_clean_first' from command line to 'False'
[0.315s] Level 5:colcon.colcon_core.verb:set package 'custom_interfaces' build argument 'cmake_force_configure' from command line to 'False'
[0.315s] Level 5:colcon.colcon_core.verb:set package 'custom_interfaces' build argument 'ament_cmake_args' from command line to 'None'
[0.315s] Level 5:colcon.colcon_core.verb:set package 'custom_interfaces' build argument 'catkin_cmake_args' from command line to 'None'
[0.315s] Level 5:colcon.colcon_core.verb:set package 'custom_interfaces' build argument 'catkin_skip_building_tests' from command line to 'False'
[0.316s] DEBUG:colcon.colcon_core.verb:Building package 'custom_interfaces' with the following arguments: {'ament_cmake_args': None, 'build_base': '/home/stefan/projectsLinux/BeerBot/ros2_code/build/custom_interfaces', 'catkin_cmake_args': None, 'catkin_skip_building_tests': False, 'cmake_args': None, 'cmake_clean_cache': False, 'cmake_clean_first': False, 'cmake_force_configure': False, 'cmake_target': None, 'cmake_target_skip_unavailable': False, 'install_base': '/home/stefan/projectsLinux/BeerBot/ros2_code/install/custom_interfaces', 'merge_install': False, 'path': '/home/stefan/projectsLinux/BeerBot/ros2_code/src/custom_interfaces', 'symlink_install': False, 'test_result_base': None}
[0.317s] Level 5:colcon.colcon_core.verb:set package 'template_code' build argument 'cmake_args' from command line to 'None'
[0.317s] Level 5:colcon.colcon_core.verb:set package 'template_code' build argument 'cmake_target' from command line to 'None'
[0.317s] Level 5:colcon.colcon_core.verb:set package 'template_code' build argument 'cmake_target_skip_unavailable' from command line to 'False'
[0.317s] Level 5:colcon.colcon_core.verb:set package 'template_code' build argument 'cmake_clean_cache' from command line to 'False'
[0.317s] Level 5:colcon.colcon_core.verb:set package 'template_code' build argument 'cmake_clean_first' from command line to 'False'
[0.317s] Level 5:colcon.colcon_core.verb:set package 'template_code' build argument 'cmake_force_configure' from command line to 'False'
[0.317s] Level 5:colcon.colcon_core.verb:set package 'template_code' build argument 'ament_cmake_args' from command line to 'None'
[0.317s] Level 5:colcon.colcon_core.verb:set package 'template_code' build argument 'catkin_cmake_args' from command line to 'None'
[0.317s] Level 5:colcon.colcon_core.verb:set package 'template_code' build argument 'catkin_skip_building_tests' from command line to 'False'
[0.317s] DEBUG:colcon.colcon_core.verb:Building package 'template_code' with the following arguments: {'ament_cmake_args': None, 'build_base': '/home/stefan/projectsLinux/BeerBot/ros2_code/build/template_code', 'catkin_cmake_args': None, 'catkin_skip_building_tests': False, 'cmake_args': None, 'cmake_clean_cache': False, 'cmake_clean_first': False, 'cmake_force_configure': False, 'cmake_target': None, 'cmake_target_skip_unavailable': False, 'install_base': '/home/stefan/projectsLinux/BeerBot/ros2_code/install/template_code', 'merge_install': False, 'path': '/home/stefan/projectsLinux/BeerBot/ros2_code/src/template_code', 'symlink_install': False, 'test_result_base': None}
[0.318s] INFO:colcon.colcon_core.executor:Executing jobs using 'parallel' executor
[0.322s] DEBUG:colcon.colcon_parallel_executor.executor.parallel:run_until_complete
[0.322s] INFO:colcon.colcon_ros.task.ament_cmake.build:Building ROS package in '/home/stefan/projectsLinux/BeerBot/ros2_code/src/custom_interfaces' with build type 'ament_cmake'
[0.323s] INFO:colcon.colcon_cmake.task.cmake.build:Building CMake package in '/home/stefan/projectsLinux/BeerBot/ros2_code/src/custom_interfaces'
[0.329s] INFO:colcon.colcon_core.plugin_system:Skipping extension 'colcon_core.shell.bat': Not used on non-Windows systems
[0.329s] INFO:colcon.colcon_core.shell:Skip shell extension 'powershell' for command environment: Not usable outside of PowerShell
[0.329s] DEBUG:colcon.colcon_core.shell:Skip shell extension 'dsv' for command environment
[0.335s] INFO:colcon.colcon_ros.task.ament_cmake.build:Building ROS package in '/home/stefan/projectsLinux/BeerBot/ros2_code/src/template_code' with build type 'ament_cmake'
[0.336s] INFO:colcon.colcon_cmake.task.cmake.build:Building CMake package in '/home/stefan/projectsLinux/BeerBot/ros2_code/src/template_code'
[0.337s] INFO:colcon.colcon_core.shell:Skip shell extension 'powershell' for command environment: Not usable outside of PowerShell
[0.337s] DEBUG:colcon.colcon_core.shell:Skip shell extension 'dsv' for command environment
[0.354s] DEBUG:colcon.colcon_core.event_handler.log_command:Invoking command in '/home/stefan/projectsLinux/BeerBot/ros2_code/build/custom_interfaces': CMAKE_PREFIX_PATH=${CMAKE_PREFIX_PATH}:/home/stefan/ws/install/opencv_tests:/opt/ros/foxy /usr/bin/cmake /home/stefan/projectsLinux/BeerBot/ros2_code/src/custom_interfaces -DCMAKE_INSTALL_PREFIX=/home/stefan/projectsLinux/BeerBot/ros2_code/install/custom_interfaces
[0.365s] DEBUG:colcon.colcon_core.event_handler.log_command:Invoking command in '/home/stefan/projectsLinux/BeerBot/ros2_code/build/template_code': CMAKE_PREFIX_PATH=${CMAKE_PREFIX_PATH}:/home/stefan/ws/install/opencv_tests:/opt/ros/foxy /usr/bin/cmake --build /home/stefan/projectsLinux/BeerBot/ros2_code/build/template_code -- -j8 -l8
[4.091s] DEBUG:colcon.colcon_core.event_handler.log_command:Invoked command in '/home/stefan/projectsLinux/BeerBot/ros2_code/build/template_code' returned '2': CMAKE_PREFIX_PATH=${CMAKE_PREFIX_PATH}:/home/stefan/ws/install/opencv_tests:/opt/ros/foxy /usr/bin/cmake --build /home/stefan/projectsLinux/BeerBot/ros2_code/build/template_code -- -j8 -l8
[4.142s] Level 1:colcon.colcon_core.environment:create_environment_scripts_only(template_code)
[4.149s] Level 1:colcon.colcon_core.environment:checking '/home/stefan/projectsLinux/BeerBot/ros2_code/install/template_code' for CMake module files
[4.149s] Level 1:colcon.colcon_core.environment:checking '/home/stefan/projectsLinux/BeerBot/ros2_code/install/template_code' for CMake config files
[4.150s] Level 1:colcon.colcon_core.environment:checking '/home/stefan/projectsLinux/BeerBot/ros2_code/install/template_code/bin'
[4.150s] Level 1:colcon.colcon_core.environment:checking '/home/stefan/projectsLinux/BeerBot/ros2_code/install/template_code/lib/pkgconfig/template_code.pc'
[4.151s] Level 1:colcon.colcon_core.environment:checking '/home/stefan/projectsLinux/BeerBot/ros2_code/install/template_code/lib/python3.8/site-packages'
[4.151s] Level 1:colcon.colcon_core.environment:checking '/home/stefan/projectsLinux/BeerBot/ros2_code/install/template_code/bin'
[4.153s] INFO:colcon.colcon_core.shell:Creating package script '/home/stefan/projectsLinux/BeerBot/ros2_code/install/template_code/share/template_code/package.ps1'
[4.154s] INFO:colcon.colcon_core.shell:Creating package descriptor '/home/stefan/projectsLinux/BeerBot/ros2_code/install/template_code/share/template_code/package.dsv'
[4.155s] INFO:colcon.colcon_core.shell:Creating package script '/home/stefan/projectsLinux/BeerBot/ros2_code/install/template_code/share/template_code/package.sh'
[4.156s] INFO:colcon.colcon_core.shell:Creating package script '/home/stefan/projectsLinux/BeerBot/ros2_code/install/template_code/share/template_code/package.bash'
[4.157s] INFO:colcon.colcon_core.shell:Creating package script '/home/stefan/projectsLinux/BeerBot/ros2_code/install/template_code/share/template_code/package.zsh'
[4.157s] Level 1:colcon.colcon_core.environment:create_file_with_runtime_dependencies(/home/stefan/projectsLinux/BeerBot/ros2_code/install/template_code/share/colcon-core/packages/template_code)
[8.684s] DEBUG:colcon.colcon_parallel_executor.executor.parallel:closing loop
[8.685s] DEBUG:colcon.colcon_parallel_executor.executor.parallel:loop closed
[8.685s] DEBUG:colcon.colcon_parallel_executor.executor.parallel:run_until_complete finished with '2'
[8.685s] DEBUG:colcon.colcon_core.event_reactor:joining thread
[8.721s] INFO:colcon.colcon_core.plugin_system:Skipping extension 'colcon_notification.desktop_notification.notify_send': Could not find 'notify-send'
[8.721s] INFO:colcon.colcon_core.plugin_system:Skipping extension 'colcon_notification.desktop_notification.terminal_notifier': Not used on non-Darwin systems
[8.722s] INFO:colcon.colcon_core.plugin_system:Skipping extension 'colcon_notification.desktop_notification.win32': Not used on non-Windows systems
[8.722s] INFO:colcon.colcon_notification.desktop_notification:Sending desktop notification using 'notify2'
[8.728s] DEBUG:colcon.colcon_notification.desktop_notification.notify2:Failed to initialize notify2: org.freedesktop.DBus.Error.ServiceUnknown: The name org.freedesktop.Notifications was not provided by any .service files
[8.729s] DEBUG:colcon.colcon_core.event_reactor:joined thread
[8.730s] INFO:colcon.colcon_core.shell:Creating prefix script '/home/stefan/projectsLinux/BeerBot/ros2_code/install/local_setup.ps1'
[8.731s] INFO:colcon.colcon_core.shell:Creating prefix util module '/home/stefan/projectsLinux/BeerBot/ros2_code/install/_local_setup_util_ps1.py'
[8.733s] INFO:colcon.colcon_core.shell:Creating prefix chain script '/home/stefan/projectsLinux/BeerBot/ros2_code/install/setup.ps1'
[8.734s] INFO:colcon.colcon_core.shell:Creating prefix script '/home/stefan/projectsLinux/BeerBot/ros2_code/install/local_setup.sh'
[8.735s] INFO:colcon.colcon_core.shell:Creating prefix util module '/home/stefan/projectsLinux/BeerBot/ros2_code/install/_local_setup_util_sh.py'
[8.735s] INFO:colcon.colcon_core.shell:Creating prefix chain script '/home/stefan/projectsLinux/BeerBot/ros2_code/install/setup.sh'
[8.737s] INFO:colcon.colcon_core.shell:Creating prefix script '/home/stefan/projectsLinux/BeerBot/ros2_code/install/local_setup.bash'
[8.738s] INFO:colcon.colcon_core.shell:Creating prefix chain script '/home/stefan/projectsLinux/BeerBot/ros2_code/install/setup.bash'
[8.739s] INFO:colcon.colcon_core.shell:Creating prefix script '/home/stefan/projectsLinux/BeerBot/ros2_code/install/local_setup.zsh'
[8.740s] INFO:colcon.colcon_core.shell:Creating prefix chain script '/home/stefan/projectsLinux/BeerBot/ros2_code/install/setup.zsh'
