[0.026s] Invoking command in '/home/stefan/projectsLinux/BeerBot/ros2_code/build/cpp_pubsub': CMAKE_PREFIX_PATH=${CMAKE_PREFIX_PATH}:/home/stefan/ws/install/opencv_tests:/opt/ros/foxy /usr/bin/cmake /home/stefan/projectsLinux/BeerBot/ros2_code/src/TEMPLATE_CODE -DCMAKE_INSTALL_PREFIX=/home/stefan/projectsLinux/BeerBot/ros2_code/install/cpp_pubsub
[0.134s] -- The C compiler identification is GNU 9.4.0
[0.274s] -- The CXX compiler identification is GNU 9.4.0
[0.339s] -- Check for working C compiler: /usr/bin/cc
[0.446s] -- Check for working C compiler: /usr/bin/cc -- works
[0.446s] -- Detecting C compiler ABI info
[0.550s] -- Detecting C compiler ABI info - done
[0.560s] -- Detecting C compile features
[0.560s] -- Detecting C compile features - done
[0.561s] -- Check for working CXX compiler: /usr/bin/c++
[0.677s] -- Check for working CXX compiler: /usr/bin/c++ -- works
[0.678s] -- Detecting CXX compiler ABI info
[0.785s] -- Detecting CXX compiler ABI info - done
[0.794s] -- Detecting CXX compile features
[0.795s] -- Detecting CXX compile features - done
[0.797s] -- Found ament_cmake: 0.9.9 (/opt/ros/foxy/share/ament_cmake/cmake)
[0.821s] -- Found PythonInterp: /usr/bin/python3 (found suitable version "3.8.10", minimum required is "3") 
[0.822s] -- Using PYTHON_EXECUTABLE: /usr/bin/python3
[0.992s] -- Found rclcpp: 2.4.1 (/opt/ros/foxy/share/rclcpp/cmake)
[1.107s] -- Using all available rosidl_typesupport_c: rosidl_typesupport_fastrtps_c;rosidl_typesupport_introspection_c
[1.113s] -- Found rosidl_adapter: 1.2.1 (/opt/ros/foxy/share/rosidl_adapter/cmake)
[1.772s] -- Found OpenSSL: /usr/lib/x86_64-linux-gnu/libcrypto.so (found version "1.1.1f")  
[2.373s] -- Found FastRTPS: /opt/ros/foxy/include  
[3.488s] -- Using all available rosidl_typesupport_cpp: rosidl_typesupport_fastrtps_cpp;rosidl_typesupport_introspection_cpp
[3.535s] -- Found rmw_implementation_cmake: 1.0.3 (/opt/ros/foxy/share/rmw_implementation_cmake/cmake)
[3.536s] -- Using RMW implementation 'rmw_fastrtps_cpp' as default
[3.537s] -- Looking for pthread.h
[3.637s] -- Looking for pthread.h - found
[3.638s] -- Performing Test CMAKE_HAVE_LIBC_PTHREAD
[3.744s] -- Performing Test CMAKE_HAVE_LIBC_PTHREAD - Failed
[3.745s] -- Looking for pthread_create in pthreads
[3.838s] -- Looking for pthread_create in pthreads - not found
[3.838s] -- Looking for pthread_create in pthread
[3.938s] -- Looking for pthread_create in pthread - found
[3.939s] -- Found Threads: TRUE  
[4.069s] CMake Error at CMakeLists.txt:21 (install):
[4.069s]   install TARGETS given target "TemplateServo" which does not exist.
[4.070s] 
[4.070s] 
[4.160s] -- Configuring incomplete, errors occurred!
[4.161s] See also "/home/stefan/projectsLinux/BeerBot/ros2_code/build/cpp_pubsub/CMakeFiles/CMakeOutput.log".
[4.161s] See also "/home/stefan/projectsLinux/BeerBot/ros2_code/build/cpp_pubsub/CMakeFiles/CMakeError.log".
[4.169s] Invoked command in '/home/stefan/projectsLinux/BeerBot/ros2_code/build/cpp_pubsub' returned '1': CMAKE_PREFIX_PATH=${CMAKE_PREFIX_PATH}:/home/stefan/ws/install/opencv_tests:/opt/ros/foxy /usr/bin/cmake /home/stefan/projectsLinux/BeerBot/ros2_code/src/TEMPLATE_CODE -DCMAKE_INSTALL_PREFIX=/home/stefan/projectsLinux/BeerBot/ros2_code/install/cpp_pubsub
