-- Found ament_cmake: 0.9.9 (/opt/ros/foxy/share/ament_cmake/cmake)
-- Using PYTHON_EXECUTABLE: /usr/bin/python3
-- Found rclcpp: 2.4.1 (/opt/ros/foxy/share/rclcpp/cmake)
-- Using all available rosidl_typesupport_c: rosidl_typesupport_fastrtps_c;rosidl_typesupport_introspection_c
-- Found rosidl_adapter: 1.2.1 (/opt/ros/foxy/share/rosidl_adapter/cmake)
-- Using all available rosidl_typesupport_cpp: rosidl_typesupport_fastrtps_cpp;rosidl_typesupport_introspection_cpp
-- Found rmw_implementation_cmake: 1.0.3 (/opt/ros/foxy/share/rmw_implementation_cmake/cmake)
-- Using RMW implementation 'rmw_fastrtps_cpp' as default
-- Found custom_interfaces: 0.0.0 (/home/stefan/projectsLinux/BeerBot/ros2_code/install/custom_interfaces/share/custom_interfaces/cmake)
-- Configuring done
-- Generating done
-- Build files have been written to: /home/stefan/projectsLinux/BeerBot/ros2_code/build/template_code
[35m[1mScanning dependencies of target templateServo[0m
[ 50%] [32mBuilding CXX object CMakeFiles/templateServo.dir/src/TemplateServo.cpp.o[0m
[01m[K/home/stefan/projectsLinux/BeerBot/ros2_code/src/template_code/src/TemplateServo.cpp:[m[K In function ‘[01m[Kint main(int, char**)[m[K’:
[01m[K/home/stefan/projectsLinux/BeerBot/ros2_code/src/template_code/src/TemplateServo.cpp:32:14:[m[K [01;35m[Kwarning: [m[Kunused parameter ‘[01m[Kargc[m[K’ [[01;35m[K-Wunused-parameter[m[K]
   32 | int main([01;35m[Kint argc[m[K, char * argv[])
      |          [01;35m[K~~~~^~~~[m[K
[01m[K/home/stefan/projectsLinux/BeerBot/ros2_code/src/template_code/src/TemplateServo.cpp:32:27:[m[K [01;35m[Kwarning: [m[Kunused parameter ‘[01m[Kargv[m[K’ [[01;35m[K-Wunused-parameter[m[K]
   32 | int main(int argc, [01;35m[Kchar * argv[][m[K)
      |                    [01;35m[K~~~~~~~^~~~~~[m[K
[100%] [32m[1mLinking CXX executable templateServo[0m
[100%] Built target templateServo
-- Install configuration: ""
-- Installing: /home/stefan/projectsLinux/BeerBot/ros2_code/install/template_code/lib/template_code/templateServo
-- Set runtime path of "/home/stefan/projectsLinux/BeerBot/ros2_code/install/template_code/lib/template_code/templateServo" to ""
-- Up-to-date: /home/stefan/projectsLinux/BeerBot/ros2_code/install/template_code/share/ament_index/resource_index/package_run_dependencies/template_code
-- Installing: /home/stefan/projectsLinux/BeerBot/ros2_code/install/template_code/share/ament_index/resource_index/parent_prefix_path/template_code
-- Up-to-date: /home/stefan/projectsLinux/BeerBot/ros2_code/install/template_code/share/template_code/environment/ament_prefix_path.sh
-- Installing: /home/stefan/projectsLinux/BeerBot/ros2_code/install/template_code/share/template_code/environment/ament_prefix_path.dsv
-- Up-to-date: /home/stefan/projectsLinux/BeerBot/ros2_code/install/template_code/share/template_code/environment/path.sh
-- Installing: /home/stefan/projectsLinux/BeerBot/ros2_code/install/template_code/share/template_code/environment/path.dsv
-- Up-to-date: /home/stefan/projectsLinux/BeerBot/ros2_code/install/template_code/share/template_code/local_setup.bash
-- Up-to-date: /home/stefan/projectsLinux/BeerBot/ros2_code/install/template_code/share/template_code/local_setup.sh
-- Up-to-date: /home/stefan/projectsLinux/BeerBot/ros2_code/install/template_code/share/template_code/local_setup.zsh
-- Installing: /home/stefan/projectsLinux/BeerBot/ros2_code/install/template_code/share/template_code/local_setup.dsv
-- Installing: /home/stefan/projectsLinux/BeerBot/ros2_code/install/template_code/share/template_code/package.dsv
-- Up-to-date: /home/stefan/projectsLinux/BeerBot/ros2_code/install/template_code/share/ament_index/resource_index/packages/template_code
-- Up-to-date: /home/stefan/projectsLinux/BeerBot/ros2_code/install/template_code/share/template_code/cmake/template_codeConfig.cmake
-- Up-to-date: /home/stefan/projectsLinux/BeerBot/ros2_code/install/template_code/share/template_code/cmake/template_codeConfig-version.cmake
-- Up-to-date: /home/stefan/projectsLinux/BeerBot/ros2_code/install/template_code/share/template_code/package.xml
