[0.157s] DEBUG:colcon:Command line arguments: ['/usr/bin/colcon', 'build', '--packages-select', 'custom_interfaces']
[0.157s] DEBUG:colcon:Parsed command line arguments: Namespace(allow_overriding=[], ament_cmake_args=None, base_paths=['.'], build_base='build', catkin_cmake_args=None, catkin_skip_building_tests=False, cmake_args=None, cmake_clean_cache=False, cmake_clean_first=False, cmake_force_configure=False, cmake_target=None, cmake_target_skip_unavailable=False, continue_on_error=False, event_handlers=None, executor='parallel', ignore_user_meta=False, install_base='install', log_base=None, log_level=None, main=<bound method BuildVerb.main of <colcon_core.verb.build.BuildVerb object at 0x7f57cfc86df0>>, merge_install=False, metas=['./colcon.meta'], packages_above=None, packages_above_and_dependencies=None, packages_above_depth=None, packages_end=None, packages_ignore=None, packages_ignore_regex=None, packages_select=['custom_interfaces'], packages_select_build_failed=False, packages_select_by_dep=None, packages_select_regex=None, packages_select_test_failures=False, packages_skip=None, packages_skip_build_finished=False, packages_skip_by_dep=None, packages_skip_regex=None, packages_skip_test_passed=False, packages_skip_up_to=None, packages_start=None, packages_up_to=None, packages_up_to_regex=None, parallel_workers=8, paths=None, symlink_install=False, test_result_base=None, verb_extension=<colcon_core.verb.build.BuildVerb object at 0x7f57cfc86df0>, verb_name='build', verb_parser=<colcon_defaults.argument_parser.defaults.DefaultArgumentsDecorator object at 0x7f57cfc903a0>)
[0.176s] Level 1:colcon.colcon_core.package_discovery:discover_packages(colcon_meta) check parameters
[0.177s] Level 1:colcon.colcon_core.package_discovery:discover_packages(recursive) check parameters
[0.177s] Level 1:colcon.colcon_core.package_discovery:discover_packages(ignore) check parameters
[0.177s] Level 1:colcon.colcon_core.package_discovery:discover_packages(path) check parameters
[0.177s] Level 1:colcon.colcon_core.package_discovery:discover_packages(colcon_meta) discover
[0.177s] Level 1:colcon.colcon_core.package_discovery:discover_packages(recursive) discover
[0.177s] INFO:colcon.colcon_core.package_discovery:Crawling recursively for packages in '/home/stefan/projectsLinux/BeerBot/ros2_code'
[0.177s] Level 1:colcon.colcon_core.package_identification:_identify(.) by extensions ['ignore', 'ignore_ament_install']
[0.177s] Level 1:colcon.colcon_core.package_identification:_identify(.) by extension 'ignore'
[0.177s] Level 1:colcon.colcon_core.package_identification:_identify(.) by extension 'ignore_ament_install'
[0.177s] Level 1:colcon.colcon_core.package_identification:_identify(.) by extensions ['colcon_pkg']
[0.177s] Level 1:colcon.colcon_core.package_identification:_identify(.) by extension 'colcon_pkg'
[0.177s] Level 1:colcon.colcon_core.package_identification:_identify(.) by extensions ['colcon_meta']
[0.177s] Level 1:colcon.colcon_core.package_identification:_identify(.) by extension 'colcon_meta'
[0.177s] Level 1:colcon.colcon_core.package_identification:_identify(.) by extensions ['ros']
[0.177s] Level 1:colcon.colcon_core.package_identification:_identify(.) by extension 'ros'
[0.230s] Level 1:colcon.colcon_core.package_identification:_identify(.) by extensions ['cmake', 'python']
[0.230s] Level 1:colcon.colcon_core.package_identification:_identify(.) by extension 'cmake'
[0.230s] Level 1:colcon.colcon_core.package_identification:_identify(.) by extension 'python'
[0.230s] Level 1:colcon.colcon_core.package_identification:_identify(.) by extensions ['python_setup_py']
[0.230s] Level 1:colcon.colcon_core.package_identification:_identify(.) by extension 'python_setup_py'
[0.230s] Level 1:colcon.colcon_core.package_identification:_identify(build) by extensions ['ignore', 'ignore_ament_install']
[0.230s] Level 1:colcon.colcon_core.package_identification:_identify(build) by extension 'ignore'
[0.230s] Level 1:colcon.colcon_core.package_identification:_identify(build) ignored
[0.230s] Level 1:colcon.colcon_core.package_identification:_identify(install) by extensions ['ignore', 'ignore_ament_install']
[0.231s] Level 1:colcon.colcon_core.package_identification:_identify(install) by extension 'ignore'
[0.231s] Level 1:colcon.colcon_core.package_identification:_identify(install) ignored
[0.231s] Level 1:colcon.colcon_core.package_identification:_identify(log) by extensions ['ignore', 'ignore_ament_install']
[0.231s] Level 1:colcon.colcon_core.package_identification:_identify(log) by extension 'ignore'
[0.231s] Level 1:colcon.colcon_core.package_identification:_identify(log) ignored
[0.231s] Level 1:colcon.colcon_core.package_identification:_identify(src) by extensions ['ignore', 'ignore_ament_install']
[0.231s] Level 1:colcon.colcon_core.package_identification:_identify(src) by extension 'ignore'
[0.231s] Level 1:colcon.colcon_core.package_identification:_identify(src) by extension 'ignore_ament_install'
[0.231s] Level 1:colcon.colcon_core.package_identification:_identify(src) by extensions ['colcon_pkg']
[0.231s] Level 1:colcon.colcon_core.package_identification:_identify(src) by extension 'colcon_pkg'
[0.231s] Level 1:colcon.colcon_core.package_identification:_identify(src) by extensions ['colcon_meta']
[0.231s] Level 1:colcon.colcon_core.package_identification:_identify(src) by extension 'colcon_meta'
[0.232s] Level 1:colcon.colcon_core.package_identification:_identify(src) by extensions ['ros']
[0.232s] Level 1:colcon.colcon_core.package_identification:_identify(src) by extension 'ros'
[0.232s] Level 1:colcon.colcon_core.package_identification:_identify(src) by extensions ['cmake', 'python']
[0.232s] Level 1:colcon.colcon_core.package_identification:_identify(src) by extension 'cmake'
[0.232s] Level 1:colcon.colcon_core.package_identification:_identify(src) by extension 'python'
[0.232s] Level 1:colcon.colcon_core.package_identification:_identify(src) by extensions ['python_setup_py']
[0.232s] Level 1:colcon.colcon_core.package_identification:_identify(src) by extension 'python_setup_py'
[0.232s] Level 1:colcon.colcon_core.package_identification:_identify(src/custom_interfaces) by extensions ['ignore', 'ignore_ament_install']
[0.232s] Level 1:colcon.colcon_core.package_identification:_identify(src/custom_interfaces) by extension 'ignore'
[0.232s] Level 1:colcon.colcon_core.package_identification:_identify(src/custom_interfaces) by extension 'ignore_ament_install'
[0.232s] Level 1:colcon.colcon_core.package_identification:_identify(src/custom_interfaces) by extensions ['colcon_pkg']
[0.232s] Level 1:colcon.colcon_core.package_identification:_identify(src/custom_interfaces) by extension 'colcon_pkg'
[0.233s] Level 1:colcon.colcon_core.package_identification:_identify(src/custom_interfaces) by extensions ['colcon_meta']
[0.233s] Level 1:colcon.colcon_core.package_identification:_identify(src/custom_interfaces) by extension 'colcon_meta'
[0.233s] Level 1:colcon.colcon_core.package_identification:_identify(src/custom_interfaces) by extensions ['ros']
[0.233s] Level 1:colcon.colcon_core.package_identification:_identify(src/custom_interfaces) by extension 'ros'
[0.235s] DEBUG:colcon.colcon_core.package_identification:Package 'src/custom_interfaces' with type 'ros.ament_cmake' and name 'custom_interfaces'
[0.235s] Level 1:colcon.colcon_core.package_identification:_identify(src/template_code) by extensions ['ignore', 'ignore_ament_install']
[0.235s] Level 1:colcon.colcon_core.package_identification:_identify(src/template_code) by extension 'ignore'
[0.235s] Level 1:colcon.colcon_core.package_identification:_identify(src/template_code) by extension 'ignore_ament_install'
[0.235s] Level 1:colcon.colcon_core.package_identification:_identify(src/template_code) by extensions ['colcon_pkg']
[0.235s] Level 1:colcon.colcon_core.package_identification:_identify(src/template_code) by extension 'colcon_pkg'
[0.235s] Level 1:colcon.colcon_core.package_identification:_identify(src/template_code) by extensions ['colcon_meta']
[0.235s] Level 1:colcon.colcon_core.package_identification:_identify(src/template_code) by extension 'colcon_meta'
[0.235s] Level 1:colcon.colcon_core.package_identification:_identify(src/template_code) by extensions ['ros']
[0.235s] Level 1:colcon.colcon_core.package_identification:_identify(src/template_code) by extension 'ros'
[0.236s] DEBUG:colcon.colcon_core.package_identification:Package 'src/template_code' with type 'ros.ament_cmake' and name 'template_code'
[0.236s] Level 1:colcon.colcon_core.package_discovery:discover_packages(recursive) using defaults
[0.236s] Level 1:colcon.colcon_core.package_discovery:discover_packages(ignore) discover
[0.236s] Level 1:colcon.colcon_core.package_discovery:discover_packages(ignore) using defaults
[0.236s] Level 1:colcon.colcon_core.package_discovery:discover_packages(path) discover
[0.236s] Level 1:colcon.colcon_core.package_discovery:discover_packages(path) using defaults
[0.252s] INFO:colcon.colcon_core.package_selection:Skipping not selected package 'template_code' in 'src/template_code'
[0.252s] Level 1:colcon.colcon_core.package_discovery:discover_packages(prefix_path) check parameters
[0.252s] Level 1:colcon.colcon_core.package_discovery:discover_packages(prefix_path) discover
[0.253s] WARNING:colcon.colcon_ros.prefix_path.ament:The path '/home/stefan/projectsLinux/ROS_start/install/turtlesim' in the environment variable AMENT_PREFIX_PATH doesn't exist
[0.254s] WARNING:colcon.colcon_ros.prefix_path.catkin:The path '/home/stefan/projectsLinux/ROS_start/install/turtlesim' in the environment variable CMAKE_PREFIX_PATH doesn't exist
[0.255s] DEBUG:colcon.colcon_installed_package_information.package_discovery:Found 3 installed packages in /home/stefan/projectsLinux/BeerBot/ros2_code/install
[0.256s] DEBUG:colcon.colcon_installed_package_information.package_discovery:Found 2 installed packages in /home/stefan/projectsLinux/BeerBot/install
[0.257s] DEBUG:colcon.colcon_installed_package_information.package_discovery:Found 1 installed packages in /home/stefan/projectsLinux/ROS_start/install
[0.258s] DEBUG:colcon.colcon_installed_package_information.package_discovery:Found 11 installed packages in /home/stefan/ws/install
[0.259s] DEBUG:colcon.colcon_installed_package_information.package_discovery:Found 244 installed packages in /opt/ros/foxy
[0.261s] Level 1:colcon.colcon_core.package_discovery:discover_packages(prefix_path) using defaults
[0.306s] Level 5:colcon.colcon_core.verb:set package 'custom_interfaces' build argument 'cmake_args' from command line to 'None'
[0.306s] Level 5:colcon.colcon_core.verb:set package 'custom_interfaces' build argument 'cmake_target' from command line to 'None'
[0.306s] Level 5:colcon.colcon_core.verb:set package 'custom_interfaces' build argument 'cmake_target_skip_unavailable' from command line to 'False'
[0.306s] Level 5:colcon.colcon_core.verb:set package 'custom_interfaces' build argument 'cmake_clean_cache' from command line to 'False'
[0.306s] Level 5:colcon.colcon_core.verb:set package 'custom_interfaces' build argument 'cmake_clean_first' from command line to 'False'
[0.306s] Level 5:colcon.colcon_core.verb:set package 'custom_interfaces' build argument 'cmake_force_configure' from command line to 'False'
[0.306s] Level 5:colcon.colcon_core.verb:set package 'custom_interfaces' build argument 'ament_cmake_args' from command line to 'None'
[0.306s] Level 5:colcon.colcon_core.verb:set package 'custom_interfaces' build argument 'catkin_cmake_args' from command line to 'None'
[0.306s] Level 5:colcon.colcon_core.verb:set package 'custom_interfaces' build argument 'catkin_skip_building_tests' from command line to 'False'
[0.306s] DEBUG:colcon.colcon_core.verb:Building package 'custom_interfaces' with the following arguments: {'ament_cmake_args': None, 'build_base': '/home/stefan/projectsLinux/BeerBot/ros2_code/build/custom_interfaces', 'catkin_cmake_args': None, 'catkin_skip_building_tests': False, 'cmake_args': None, 'cmake_clean_cache': False, 'cmake_clean_first': False, 'cmake_force_configure': False, 'cmake_target': None, 'cmake_target_skip_unavailable': False, 'install_base': '/home/stefan/projectsLinux/BeerBot/ros2_code/install/custom_interfaces', 'merge_install': False, 'path': '/home/stefan/projectsLinux/BeerBot/ros2_code/src/custom_interfaces', 'symlink_install': False, 'test_result_base': None}
[0.307s] INFO:colcon.colcon_core.executor:Executing jobs using 'parallel' executor
[0.310s] DEBUG:colcon.colcon_parallel_executor.executor.parallel:run_until_complete
[0.311s] INFO:colcon.colcon_ros.task.ament_cmake.build:Building ROS package in '/home/stefan/projectsLinux/BeerBot/ros2_code/src/custom_interfaces' with build type 'ament_cmake'
[0.311s] INFO:colcon.colcon_cmake.task.cmake.build:Building CMake package in '/home/stefan/projectsLinux/BeerBot/ros2_code/src/custom_interfaces'
[0.318s] INFO:colcon.colcon_core.plugin_system:Skipping extension 'colcon_core.shell.bat': Not used on non-Windows systems
[0.318s] INFO:colcon.colcon_core.shell:Skip shell extension 'powershell' for command environment: Not usable outside of PowerShell
[0.318s] DEBUG:colcon.colcon_core.shell:Skip shell extension 'dsv' for command environment
[0.336s] DEBUG:colcon.colcon_core.event_handler.log_command:Invoking command in '/home/stefan/projectsLinux/BeerBot/ros2_code/build/custom_interfaces': CMAKE_PREFIX_PATH=${CMAKE_PREFIX_PATH}:/home/stefan/ws/install/opencv_tests:/opt/ros/foxy /usr/bin/cmake --build /home/stefan/projectsLinux/BeerBot/ros2_code/build/custom_interfaces -- -j8 -l8
[6.149s] DEBUG:colcon.colcon_core.event_handler.log_command:Invoked command in '/home/stefan/projectsLinux/BeerBot/ros2_code/build/custom_interfaces' returned '0': CMAKE_PREFIX_PATH=${CMAKE_PREFIX_PATH}:/home/stefan/ws/install/opencv_tests:/opt/ros/foxy /usr/bin/cmake --build /home/stefan/projectsLinux/BeerBot/ros2_code/build/custom_interfaces -- -j8 -l8
[6.210s] DEBUG:colcon.colcon_core.event_handler.log_command:Invoking command in '/home/stefan/projectsLinux/BeerBot/ros2_code/build/custom_interfaces': CMAKE_PREFIX_PATH=${CMAKE_PREFIX_PATH}:/home/stefan/ws/install/opencv_tests:/opt/ros/foxy /usr/bin/cmake --install /home/stefan/projectsLinux/BeerBot/ros2_code/build/custom_interfaces
[6.264s] Level 1:colcon.colcon_core.environment:create_environment_scripts_only(custom_interfaces)
[6.267s] DEBUG:colcon.colcon_core.event_handler.log_command:Invoked command in '/home/stefan/projectsLinux/BeerBot/ros2_code/build/custom_interfaces' returned '0': CMAKE_PREFIX_PATH=${CMAKE_PREFIX_PATH}:/home/stefan/ws/install/opencv_tests:/opt/ros/foxy /usr/bin/cmake --install /home/stefan/projectsLinux/BeerBot/ros2_code/build/custom_interfaces
[6.270s] Level 1:colcon.colcon_core.environment:checking '/home/stefan/projectsLinux/BeerBot/ros2_code/install/custom_interfaces' for CMake module files
[6.270s] Level 1:colcon.colcon_core.environment:checking '/home/stefan/projectsLinux/BeerBot/ros2_code/install/custom_interfaces' for CMake config files
[6.271s] Level 1:colcon.colcon_core.shell:create_environment_hook('custom_interfaces', 'cmake_prefix_path')
[6.272s] INFO:colcon.colcon_core.shell:Creating environment hook '/home/stefan/projectsLinux/BeerBot/ros2_code/install/custom_interfaces/share/custom_interfaces/hook/cmake_prefix_path.ps1'
[6.272s] INFO:colcon.colcon_core.shell:Creating environment descriptor '/home/stefan/projectsLinux/BeerBot/ros2_code/install/custom_interfaces/share/custom_interfaces/hook/cmake_prefix_path.dsv'
[6.273s] INFO:colcon.colcon_core.shell:Creating environment hook '/home/stefan/projectsLinux/BeerBot/ros2_code/install/custom_interfaces/share/custom_interfaces/hook/cmake_prefix_path.sh'
[6.274s] Level 1:colcon.colcon_core.environment:checking '/home/stefan/projectsLinux/BeerBot/ros2_code/install/custom_interfaces/lib'
[6.274s] Level 1:colcon.colcon_core.shell:create_environment_hook('custom_interfaces', 'ld_library_path_lib')
[6.275s] INFO:colcon.colcon_core.shell:Creating environment hook '/home/stefan/projectsLinux/BeerBot/ros2_code/install/custom_interfaces/share/custom_interfaces/hook/ld_library_path_lib.ps1'
[6.276s] INFO:colcon.colcon_core.shell:Creating environment descriptor '/home/stefan/projectsLinux/BeerBot/ros2_code/install/custom_interfaces/share/custom_interfaces/hook/ld_library_path_lib.dsv'
[6.276s] INFO:colcon.colcon_core.shell:Creating environment hook '/home/stefan/projectsLinux/BeerBot/ros2_code/install/custom_interfaces/share/custom_interfaces/hook/ld_library_path_lib.sh'
[6.276s] Level 1:colcon.colcon_core.environment:checking '/home/stefan/projectsLinux/BeerBot/ros2_code/install/custom_interfaces/bin'
[6.276s] Level 1:colcon.colcon_core.environment:checking '/home/stefan/projectsLinux/BeerBot/ros2_code/install/custom_interfaces/lib/pkgconfig/custom_interfaces.pc'
[6.277s] Level 1:colcon.colcon_core.environment:checking '/home/stefan/projectsLinux/BeerBot/ros2_code/install/custom_interfaces/lib/python3.8/site-packages'
[6.277s] Level 1:colcon.colcon_core.shell:create_environment_hook('custom_interfaces', 'pythonpath')
[6.278s] INFO:colcon.colcon_core.shell:Creating environment hook '/home/stefan/projectsLinux/BeerBot/ros2_code/install/custom_interfaces/share/custom_interfaces/hook/pythonpath.ps1'
[6.278s] INFO:colcon.colcon_core.shell:Creating environment descriptor '/home/stefan/projectsLinux/BeerBot/ros2_code/install/custom_interfaces/share/custom_interfaces/hook/pythonpath.dsv'
[6.279s] INFO:colcon.colcon_core.shell:Creating environment hook '/home/stefan/projectsLinux/BeerBot/ros2_code/install/custom_interfaces/share/custom_interfaces/hook/pythonpath.sh'
[6.279s] Level 1:colcon.colcon_core.environment:checking '/home/stefan/projectsLinux/BeerBot/ros2_code/install/custom_interfaces/bin'
[6.281s] INFO:colcon.colcon_core.shell:Creating package script '/home/stefan/projectsLinux/BeerBot/ros2_code/install/custom_interfaces/share/custom_interfaces/package.ps1'
[6.281s] INFO:colcon.colcon_core.shell:Creating package descriptor '/home/stefan/projectsLinux/BeerBot/ros2_code/install/custom_interfaces/share/custom_interfaces/package.dsv'
[6.282s] INFO:colcon.colcon_core.shell:Creating package script '/home/stefan/projectsLinux/BeerBot/ros2_code/install/custom_interfaces/share/custom_interfaces/package.sh'
[6.283s] INFO:colcon.colcon_core.shell:Creating package script '/home/stefan/projectsLinux/BeerBot/ros2_code/install/custom_interfaces/share/custom_interfaces/package.bash'
[6.283s] INFO:colcon.colcon_core.shell:Creating package script '/home/stefan/projectsLinux/BeerBot/ros2_code/install/custom_interfaces/share/custom_interfaces/package.zsh'
[6.284s] Level 1:colcon.colcon_core.environment:create_file_with_runtime_dependencies(/home/stefan/projectsLinux/BeerBot/ros2_code/install/custom_interfaces/share/colcon-core/packages/custom_interfaces)
[6.335s] Level 1:colcon.colcon_core.environment:create_environment_scripts_only(custom_interfaces)
[6.336s] Level 1:colcon.colcon_core.environment:checking '/home/stefan/projectsLinux/BeerBot/ros2_code/install/custom_interfaces' for CMake module files
[6.337s] Level 1:colcon.colcon_core.environment:checking '/home/stefan/projectsLinux/BeerBot/ros2_code/install/custom_interfaces' for CMake config files
[6.338s] Level 1:colcon.colcon_core.shell:create_environment_hook('custom_interfaces', 'cmake_prefix_path')
[6.339s] INFO:colcon.colcon_core.shell:Creating environment hook '/home/stefan/projectsLinux/BeerBot/ros2_code/install/custom_interfaces/share/custom_interfaces/hook/cmake_prefix_path.ps1'
[6.340s] INFO:colcon.colcon_core.shell:Creating environment descriptor '/home/stefan/projectsLinux/BeerBot/ros2_code/install/custom_interfaces/share/custom_interfaces/hook/cmake_prefix_path.dsv'
[6.340s] INFO:colcon.colcon_core.shell:Creating environment hook '/home/stefan/projectsLinux/BeerBot/ros2_code/install/custom_interfaces/share/custom_interfaces/hook/cmake_prefix_path.sh'
[6.341s] Level 1:colcon.colcon_core.environment:checking '/home/stefan/projectsLinux/BeerBot/ros2_code/install/custom_interfaces/lib'
[6.341s] Level 1:colcon.colcon_core.shell:create_environment_hook('custom_interfaces', 'ld_library_path_lib')
[6.342s] INFO:colcon.colcon_core.shell:Creating environment hook '/home/stefan/projectsLinux/BeerBot/ros2_code/install/custom_interfaces/share/custom_interfaces/hook/ld_library_path_lib.ps1'
[6.343s] INFO:colcon.colcon_core.shell:Creating environment descriptor '/home/stefan/projectsLinux/BeerBot/ros2_code/install/custom_interfaces/share/custom_interfaces/hook/ld_library_path_lib.dsv'
[6.344s] INFO:colcon.colcon_core.shell:Creating environment hook '/home/stefan/projectsLinux/BeerBot/ros2_code/install/custom_interfaces/share/custom_interfaces/hook/ld_library_path_lib.sh'
[6.344s] Level 1:colcon.colcon_core.environment:checking '/home/stefan/projectsLinux/BeerBot/ros2_code/install/custom_interfaces/bin'
[6.344s] Level 1:colcon.colcon_core.environment:checking '/home/stefan/projectsLinux/BeerBot/ros2_code/install/custom_interfaces/lib/pkgconfig/custom_interfaces.pc'
[6.345s] Level 1:colcon.colcon_core.environment:checking '/home/stefan/projectsLinux/BeerBot/ros2_code/install/custom_interfaces/lib/python3.8/site-packages'
[6.345s] Level 1:colcon.colcon_core.shell:create_environment_hook('custom_interfaces', 'pythonpath')
[6.347s] INFO:colcon.colcon_core.shell:Creating environment hook '/home/stefan/projectsLinux/BeerBot/ros2_code/install/custom_interfaces/share/custom_interfaces/hook/pythonpath.ps1'
[6.348s] INFO:colcon.colcon_core.shell:Creating environment descriptor '/home/stefan/projectsLinux/BeerBot/ros2_code/install/custom_interfaces/share/custom_interfaces/hook/pythonpath.dsv'
[6.349s] INFO:colcon.colcon_core.shell:Creating environment hook '/home/stefan/projectsLinux/BeerBot/ros2_code/install/custom_interfaces/share/custom_interfaces/hook/pythonpath.sh'
[6.349s] Level 1:colcon.colcon_core.environment:checking '/home/stefan/projectsLinux/BeerBot/ros2_code/install/custom_interfaces/bin'
[6.351s] INFO:colcon.colcon_core.shell:Creating package script '/home/stefan/projectsLinux/BeerBot/ros2_code/install/custom_interfaces/share/custom_interfaces/package.ps1'
[6.351s] INFO:colcon.colcon_core.shell:Creating package descriptor '/home/stefan/projectsLinux/BeerBot/ros2_code/install/custom_interfaces/share/custom_interfaces/package.dsv'
[6.352s] INFO:colcon.colcon_core.shell:Creating package script '/home/stefan/projectsLinux/BeerBot/ros2_code/install/custom_interfaces/share/custom_interfaces/package.sh'
[6.353s] INFO:colcon.colcon_core.shell:Creating package script '/home/stefan/projectsLinux/BeerBot/ros2_code/install/custom_interfaces/share/custom_interfaces/package.bash'
[6.353s] INFO:colcon.colcon_core.shell:Creating package script '/home/stefan/projectsLinux/BeerBot/ros2_code/install/custom_interfaces/share/custom_interfaces/package.zsh'
[6.353s] Level 1:colcon.colcon_core.environment:create_file_with_runtime_dependencies(/home/stefan/projectsLinux/BeerBot/ros2_code/install/custom_interfaces/share/colcon-core/packages/custom_interfaces)
[6.354s] DEBUG:colcon.colcon_parallel_executor.executor.parallel:closing loop
[6.355s] DEBUG:colcon.colcon_parallel_executor.executor.parallel:loop closed
[6.355s] DEBUG:colcon.colcon_parallel_executor.executor.parallel:run_until_complete finished with '0'
[6.355s] DEBUG:colcon.colcon_core.event_reactor:joining thread
[6.388s] INFO:colcon.colcon_core.plugin_system:Skipping extension 'colcon_notification.desktop_notification.notify_send': Could not find 'notify-send'
[6.389s] INFO:colcon.colcon_core.plugin_system:Skipping extension 'colcon_notification.desktop_notification.terminal_notifier': Not used on non-Darwin systems
[6.389s] INFO:colcon.colcon_core.plugin_system:Skipping extension 'colcon_notification.desktop_notification.win32': Not used on non-Windows systems
[6.389s] INFO:colcon.colcon_notification.desktop_notification:Sending desktop notification using 'notify2'
[6.393s] DEBUG:colcon.colcon_notification.desktop_notification.notify2:Failed to initialize notify2: org.freedesktop.DBus.Error.ServiceUnknown: The name org.freedesktop.Notifications was not provided by any .service files
[6.394s] DEBUG:colcon.colcon_core.event_reactor:joined thread
[6.395s] INFO:colcon.colcon_core.shell:Creating prefix script '/home/stefan/projectsLinux/BeerBot/ros2_code/install/local_setup.ps1'
[6.396s] INFO:colcon.colcon_core.shell:Creating prefix util module '/home/stefan/projectsLinux/BeerBot/ros2_code/install/_local_setup_util_ps1.py'
[6.397s] INFO:colcon.colcon_core.shell:Creating prefix chain script '/home/stefan/projectsLinux/BeerBot/ros2_code/install/setup.ps1'
[6.399s] INFO:colcon.colcon_core.shell:Creating prefix script '/home/stefan/projectsLinux/BeerBot/ros2_code/install/local_setup.sh'
[6.400s] INFO:colcon.colcon_core.shell:Creating prefix util module '/home/stefan/projectsLinux/BeerBot/ros2_code/install/_local_setup_util_sh.py'
[6.400s] INFO:colcon.colcon_core.shell:Creating prefix chain script '/home/stefan/projectsLinux/BeerBot/ros2_code/install/setup.sh'
[6.402s] INFO:colcon.colcon_core.shell:Creating prefix script '/home/stefan/projectsLinux/BeerBot/ros2_code/install/local_setup.bash'
[6.402s] INFO:colcon.colcon_core.shell:Creating prefix chain script '/home/stefan/projectsLinux/BeerBot/ros2_code/install/setup.bash'
[6.404s] INFO:colcon.colcon_core.shell:Creating prefix script '/home/stefan/projectsLinux/BeerBot/ros2_code/install/local_setup.zsh'
[6.405s] INFO:colcon.colcon_core.shell:Creating prefix chain script '/home/stefan/projectsLinux/BeerBot/ros2_code/install/setup.zsh'
