[0.172s] DEBUG:colcon:Command line arguments: ['/usr/bin/colcon', 'build', '--packages-select', 'custom_interfaces']
[0.172s] DEBUG:colcon:Parsed command line arguments: Namespace(allow_overriding=[], ament_cmake_args=None, base_paths=['.'], build_base='build', catkin_cmake_args=None, catkin_skip_building_tests=False, cmake_args=None, cmake_clean_cache=False, cmake_clean_first=False, cmake_force_configure=False, cmake_target=None, cmake_target_skip_unavailable=False, continue_on_error=False, event_handlers=None, executor='parallel', ignore_user_meta=False, install_base='install', log_base=None, log_level=None, main=<bound method BuildVerb.main of <colcon_core.verb.build.BuildVerb object at 0x7f1d2b95ceb0>>, merge_install=False, metas=['./colcon.meta'], packages_above=None, packages_above_and_dependencies=None, packages_above_depth=None, packages_end=None, packages_ignore=None, packages_ignore_regex=None, packages_select=['custom_interfaces'], packages_select_build_failed=False, packages_select_by_dep=None, packages_select_regex=None, packages_select_test_failures=False, packages_skip=None, packages_skip_build_finished=False, packages_skip_by_dep=None, packages_skip_regex=None, packages_skip_test_passed=False, packages_skip_up_to=None, packages_start=None, packages_up_to=None, packages_up_to_regex=None, parallel_workers=8, paths=None, symlink_install=False, test_result_base=None, verb_extension=<colcon_core.verb.build.BuildVerb object at 0x7f1d2b95ceb0>, verb_name='build', verb_parser=<colcon_defaults.argument_parser.defaults.DefaultArgumentsDecorator object at 0x7f1d2b976460>)
[0.190s] Level 1:colcon.colcon_core.package_discovery:discover_packages(colcon_meta) check parameters
[0.190s] Level 1:colcon.colcon_core.package_discovery:discover_packages(recursive) check parameters
[0.190s] Level 1:colcon.colcon_core.package_discovery:discover_packages(ignore) check parameters
[0.190s] Level 1:colcon.colcon_core.package_discovery:discover_packages(path) check parameters
[0.190s] Level 1:colcon.colcon_core.package_discovery:discover_packages(colcon_meta) discover
[0.190s] Level 1:colcon.colcon_core.package_discovery:discover_packages(recursive) discover
[0.191s] INFO:colcon.colcon_core.package_discovery:Crawling recursively for packages in '/home/stefan/projectsLinux/BeerBot/ros2_code'
[0.191s] Level 1:colcon.colcon_core.package_identification:_identify(.) by extensions ['ignore', 'ignore_ament_install']
[0.191s] Level 1:colcon.colcon_core.package_identification:_identify(.) by extension 'ignore'
[0.191s] Level 1:colcon.colcon_core.package_identification:_identify(.) by extension 'ignore_ament_install'
[0.191s] Level 1:colcon.colcon_core.package_identification:_identify(.) by extensions ['colcon_pkg']
[0.191s] Level 1:colcon.colcon_core.package_identification:_identify(.) by extension 'colcon_pkg'
[0.191s] Level 1:colcon.colcon_core.package_identification:_identify(.) by extensions ['colcon_meta']
[0.191s] Level 1:colcon.colcon_core.package_identification:_identify(.) by extension 'colcon_meta'
[0.191s] Level 1:colcon.colcon_core.package_identification:_identify(.) by extensions ['ros']
[0.191s] Level 1:colcon.colcon_core.package_identification:_identify(.) by extension 'ros'
[0.243s] Level 1:colcon.colcon_core.package_identification:_identify(.) by extensions ['cmake', 'python']
[0.243s] Level 1:colcon.colcon_core.package_identification:_identify(.) by extension 'cmake'
[0.243s] Level 1:colcon.colcon_core.package_identification:_identify(.) by extension 'python'
[0.243s] Level 1:colcon.colcon_core.package_identification:_identify(.) by extensions ['python_setup_py']
[0.243s] Level 1:colcon.colcon_core.package_identification:_identify(.) by extension 'python_setup_py'
[0.243s] Level 1:colcon.colcon_core.package_identification:_identify(build) by extensions ['ignore', 'ignore_ament_install']
[0.243s] Level 1:colcon.colcon_core.package_identification:_identify(build) by extension 'ignore'
[0.243s] Level 1:colcon.colcon_core.package_identification:_identify(build) ignored
[0.243s] Level 1:colcon.colcon_core.package_identification:_identify(install) by extensions ['ignore', 'ignore_ament_install']
[0.243s] Level 1:colcon.colcon_core.package_identification:_identify(install) by extension 'ignore'
[0.243s] Level 1:colcon.colcon_core.package_identification:_identify(install) ignored
[0.243s] Level 1:colcon.colcon_core.package_identification:_identify(log) by extensions ['ignore', 'ignore_ament_install']
[0.243s] Level 1:colcon.colcon_core.package_identification:_identify(log) by extension 'ignore'
[0.243s] Level 1:colcon.colcon_core.package_identification:_identify(log) ignored
[0.243s] Level 1:colcon.colcon_core.package_identification:_identify(src) by extensions ['ignore', 'ignore_ament_install']
[0.243s] Level 1:colcon.colcon_core.package_identification:_identify(src) by extension 'ignore'
[0.243s] Level 1:colcon.colcon_core.package_identification:_identify(src) by extension 'ignore_ament_install'
[0.244s] Level 1:colcon.colcon_core.package_identification:_identify(src) by extensions ['colcon_pkg']
[0.244s] Level 1:colcon.colcon_core.package_identification:_identify(src) by extension 'colcon_pkg'
[0.244s] Level 1:colcon.colcon_core.package_identification:_identify(src) by extensions ['colcon_meta']
[0.244s] Level 1:colcon.colcon_core.package_identification:_identify(src) by extension 'colcon_meta'
[0.244s] Level 1:colcon.colcon_core.package_identification:_identify(src) by extensions ['ros']
[0.244s] Level 1:colcon.colcon_core.package_identification:_identify(src) by extension 'ros'
[0.244s] Level 1:colcon.colcon_core.package_identification:_identify(src) by extensions ['cmake', 'python']
[0.244s] Level 1:colcon.colcon_core.package_identification:_identify(src) by extension 'cmake'
[0.244s] Level 1:colcon.colcon_core.package_identification:_identify(src) by extension 'python'
[0.244s] Level 1:colcon.colcon_core.package_identification:_identify(src) by extensions ['python_setup_py']
[0.244s] Level 1:colcon.colcon_core.package_identification:_identify(src) by extension 'python_setup_py'
[0.244s] Level 1:colcon.colcon_core.package_identification:_identify(src/custom_interfaces) by extensions ['ignore', 'ignore_ament_install']
[0.244s] Level 1:colcon.colcon_core.package_identification:_identify(src/custom_interfaces) by extension 'ignore'
[0.244s] Level 1:colcon.colcon_core.package_identification:_identify(src/custom_interfaces) by extension 'ignore_ament_install'
[0.244s] Level 1:colcon.colcon_core.package_identification:_identify(src/custom_interfaces) by extensions ['colcon_pkg']
[0.244s] Level 1:colcon.colcon_core.package_identification:_identify(src/custom_interfaces) by extension 'colcon_pkg'
[0.244s] Level 1:colcon.colcon_core.package_identification:_identify(src/custom_interfaces) by extensions ['colcon_meta']
[0.244s] Level 1:colcon.colcon_core.package_identification:_identify(src/custom_interfaces) by extension 'colcon_meta'
[0.244s] Level 1:colcon.colcon_core.package_identification:_identify(src/custom_interfaces) by extensions ['ros']
[0.244s] Level 1:colcon.colcon_core.package_identification:_identify(src/custom_interfaces) by extension 'ros'
[0.246s] DEBUG:colcon.colcon_core.package_identification:Package 'src/custom_interfaces' with type 'ros.ament_cmake' and name 'custom_interfaces'
[0.246s] Level 1:colcon.colcon_core.package_identification:_identify(src/template_code) by extensions ['ignore', 'ignore_ament_install']
[0.246s] Level 1:colcon.colcon_core.package_identification:_identify(src/template_code) by extension 'ignore'
[0.246s] Level 1:colcon.colcon_core.package_identification:_identify(src/template_code) by extension 'ignore_ament_install'
[0.246s] Level 1:colcon.colcon_core.package_identification:_identify(src/template_code) by extensions ['colcon_pkg']
[0.246s] Level 1:colcon.colcon_core.package_identification:_identify(src/template_code) by extension 'colcon_pkg'
[0.246s] Level 1:colcon.colcon_core.package_identification:_identify(src/template_code) by extensions ['colcon_meta']
[0.246s] Level 1:colcon.colcon_core.package_identification:_identify(src/template_code) by extension 'colcon_meta'
[0.246s] Level 1:colcon.colcon_core.package_identification:_identify(src/template_code) by extensions ['ros']
[0.246s] Level 1:colcon.colcon_core.package_identification:_identify(src/template_code) by extension 'ros'
[0.247s] DEBUG:colcon.colcon_core.package_identification:Package 'src/template_code' with type 'ros.ament_cmake' and name 'template_code'
[0.247s] Level 1:colcon.colcon_core.package_discovery:discover_packages(recursive) using defaults
[0.247s] Level 1:colcon.colcon_core.package_discovery:discover_packages(ignore) discover
[0.247s] Level 1:colcon.colcon_core.package_discovery:discover_packages(ignore) using defaults
[0.247s] Level 1:colcon.colcon_core.package_discovery:discover_packages(path) discover
[0.247s] Level 1:colcon.colcon_core.package_discovery:discover_packages(path) using defaults
[0.261s] INFO:colcon.colcon_core.package_selection:Skipping not selected package 'template_code' in 'src/template_code'
[0.262s] Level 1:colcon.colcon_core.package_discovery:discover_packages(prefix_path) check parameters
[0.262s] Level 1:colcon.colcon_core.package_discovery:discover_packages(prefix_path) discover
[0.264s] DEBUG:colcon.colcon_installed_package_information.package_discovery:Found 244 installed packages in /opt/ros/foxy
[0.265s] Level 1:colcon.colcon_core.package_discovery:discover_packages(prefix_path) using defaults
[0.307s] Level 5:colcon.colcon_core.verb:set package 'custom_interfaces' build argument 'cmake_args' from command line to 'None'
[0.307s] Level 5:colcon.colcon_core.verb:set package 'custom_interfaces' build argument 'cmake_target' from command line to 'None'
[0.307s] Level 5:colcon.colcon_core.verb:set package 'custom_interfaces' build argument 'cmake_target_skip_unavailable' from command line to 'False'
[0.307s] Level 5:colcon.colcon_core.verb:set package 'custom_interfaces' build argument 'cmake_clean_cache' from command line to 'False'
[0.307s] Level 5:colcon.colcon_core.verb:set package 'custom_interfaces' build argument 'cmake_clean_first' from command line to 'False'
[0.307s] Level 5:colcon.colcon_core.verb:set package 'custom_interfaces' build argument 'cmake_force_configure' from command line to 'False'
[0.307s] Level 5:colcon.colcon_core.verb:set package 'custom_interfaces' build argument 'ament_cmake_args' from command line to 'None'
[0.307s] Level 5:colcon.colcon_core.verb:set package 'custom_interfaces' build argument 'catkin_cmake_args' from command line to 'None'
[0.307s] Level 5:colcon.colcon_core.verb:set package 'custom_interfaces' build argument 'catkin_skip_building_tests' from command line to 'False'
[0.307s] DEBUG:colcon.colcon_core.verb:Building package 'custom_interfaces' with the following arguments: {'ament_cmake_args': None, 'build_base': '/home/stefan/projectsLinux/BeerBot/ros2_code/build/custom_interfaces', 'catkin_cmake_args': None, 'catkin_skip_building_tests': False, 'cmake_args': None, 'cmake_clean_cache': False, 'cmake_clean_first': False, 'cmake_force_configure': False, 'cmake_target': None, 'cmake_target_skip_unavailable': False, 'install_base': '/home/stefan/projectsLinux/BeerBot/ros2_code/install/custom_interfaces', 'merge_install': False, 'path': '/home/stefan/projectsLinux/BeerBot/ros2_code/src/custom_interfaces', 'symlink_install': False, 'test_result_base': None}
[0.308s] INFO:colcon.colcon_core.executor:Executing jobs using 'parallel' executor
[0.311s] DEBUG:colcon.colcon_parallel_executor.executor.parallel:run_until_complete
[0.312s] INFO:colcon.colcon_ros.task.ament_cmake.build:Building ROS package in '/home/stefan/projectsLinux/BeerBot/ros2_code/src/custom_interfaces' with build type 'ament_cmake'
[0.312s] INFO:colcon.colcon_cmake.task.cmake.build:Building CMake package in '/home/stefan/projectsLinux/BeerBot/ros2_code/src/custom_interfaces'
[0.316s] INFO:colcon.colcon_core.plugin_system:Skipping extension 'colcon_core.shell.bat': Not used on non-Windows systems
[0.316s] INFO:colcon.colcon_core.shell:Skip shell extension 'powershell' for command environment: Not usable outside of PowerShell
[0.316s] DEBUG:colcon.colcon_core.shell:Skip shell extension 'dsv' for command environment
[0.327s] DEBUG:colcon.colcon_core.event_handler.log_command:Invoking command in '/home/stefan/projectsLinux/BeerBot/ros2_code/build/custom_interfaces': CMAKE_PREFIX_PATH=/opt/ros/foxy /usr/bin/cmake --build /home/stefan/projectsLinux/BeerBot/ros2_code/build/custom_interfaces -- -j8 -l8
[7.286s] DEBUG:colcon.colcon_core.event_handler.log_command:Invoked command in '/home/stefan/projectsLinux/BeerBot/ros2_code/build/custom_interfaces' returned '0': CMAKE_PREFIX_PATH=/opt/ros/foxy /usr/bin/cmake --build /home/stefan/projectsLinux/BeerBot/ros2_code/build/custom_interfaces -- -j8 -l8
[7.336s] DEBUG:colcon.colcon_core.event_handler.log_command:Invoking command in '/home/stefan/projectsLinux/BeerBot/ros2_code/build/custom_interfaces': CMAKE_PREFIX_PATH=/opt/ros/foxy /usr/bin/cmake --install /home/stefan/projectsLinux/BeerBot/ros2_code/build/custom_interfaces
[7.379s] Level 1:colcon.colcon_core.environment:create_environment_scripts_only(custom_interfaces)
[7.380s] DEBUG:colcon.colcon_core.event_handler.log_command:Invoked command in '/home/stefan/projectsLinux/BeerBot/ros2_code/build/custom_interfaces' returned '0': CMAKE_PREFIX_PATH=/opt/ros/foxy /usr/bin/cmake --install /home/stefan/projectsLinux/BeerBot/ros2_code/build/custom_interfaces
[7.384s] Level 1:colcon.colcon_core.environment:checking '/home/stefan/projectsLinux/BeerBot/ros2_code/install/custom_interfaces' for CMake module files
[7.385s] Level 1:colcon.colcon_core.environment:checking '/home/stefan/projectsLinux/BeerBot/ros2_code/install/custom_interfaces' for CMake config files
[7.385s] Level 1:colcon.colcon_core.shell:create_environment_hook('custom_interfaces', 'cmake_prefix_path')
[7.386s] INFO:colcon.colcon_core.shell:Creating environment hook '/home/stefan/projectsLinux/BeerBot/ros2_code/install/custom_interfaces/share/custom_interfaces/hook/cmake_prefix_path.ps1'
[7.386s] INFO:colcon.colcon_core.shell:Creating environment descriptor '/home/stefan/projectsLinux/BeerBot/ros2_code/install/custom_interfaces/share/custom_interfaces/hook/cmake_prefix_path.dsv'
[7.387s] INFO:colcon.colcon_core.shell:Creating environment hook '/home/stefan/projectsLinux/BeerBot/ros2_code/install/custom_interfaces/share/custom_interfaces/hook/cmake_prefix_path.sh'
[7.387s] Level 1:colcon.colcon_core.environment:checking '/home/stefan/projectsLinux/BeerBot/ros2_code/install/custom_interfaces/lib'
[7.387s] Level 1:colcon.colcon_core.shell:create_environment_hook('custom_interfaces', 'ld_library_path_lib')
[7.389s] INFO:colcon.colcon_core.shell:Creating environment hook '/home/stefan/projectsLinux/BeerBot/ros2_code/install/custom_interfaces/share/custom_interfaces/hook/ld_library_path_lib.ps1'
[7.389s] INFO:colcon.colcon_core.shell:Creating environment descriptor '/home/stefan/projectsLinux/BeerBot/ros2_code/install/custom_interfaces/share/custom_interfaces/hook/ld_library_path_lib.dsv'
[7.389s] INFO:colcon.colcon_core.shell:Creating environment hook '/home/stefan/projectsLinux/BeerBot/ros2_code/install/custom_interfaces/share/custom_interfaces/hook/ld_library_path_lib.sh'
[7.389s] Level 1:colcon.colcon_core.environment:checking '/home/stefan/projectsLinux/BeerBot/ros2_code/install/custom_interfaces/bin'
[7.389s] Level 1:colcon.colcon_core.environment:checking '/home/stefan/projectsLinux/BeerBot/ros2_code/install/custom_interfaces/lib/pkgconfig/custom_interfaces.pc'
[7.390s] Level 1:colcon.colcon_core.environment:checking '/home/stefan/projectsLinux/BeerBot/ros2_code/install/custom_interfaces/lib/python3.8/site-packages'
[7.390s] Level 1:colcon.colcon_core.shell:create_environment_hook('custom_interfaces', 'pythonpath')
[7.391s] INFO:colcon.colcon_core.shell:Creating environment hook '/home/stefan/projectsLinux/BeerBot/ros2_code/install/custom_interfaces/share/custom_interfaces/hook/pythonpath.ps1'
[7.391s] INFO:colcon.colcon_core.shell:Creating environment descriptor '/home/stefan/projectsLinux/BeerBot/ros2_code/install/custom_interfaces/share/custom_interfaces/hook/pythonpath.dsv'
[7.391s] INFO:colcon.colcon_core.shell:Creating environment hook '/home/stefan/projectsLinux/BeerBot/ros2_code/install/custom_interfaces/share/custom_interfaces/hook/pythonpath.sh'
[7.392s] Level 1:colcon.colcon_core.environment:checking '/home/stefan/projectsLinux/BeerBot/ros2_code/install/custom_interfaces/bin'
[7.393s] INFO:colcon.colcon_core.shell:Creating package script '/home/stefan/projectsLinux/BeerBot/ros2_code/install/custom_interfaces/share/custom_interfaces/package.ps1'
[7.394s] INFO:colcon.colcon_core.shell:Creating package descriptor '/home/stefan/projectsLinux/BeerBot/ros2_code/install/custom_interfaces/share/custom_interfaces/package.dsv'
[7.394s] INFO:colcon.colcon_core.shell:Creating package script '/home/stefan/projectsLinux/BeerBot/ros2_code/install/custom_interfaces/share/custom_interfaces/package.sh'
[7.394s] INFO:colcon.colcon_core.shell:Creating package script '/home/stefan/projectsLinux/BeerBot/ros2_code/install/custom_interfaces/share/custom_interfaces/package.bash'
[7.395s] INFO:colcon.colcon_core.shell:Creating package script '/home/stefan/projectsLinux/BeerBot/ros2_code/install/custom_interfaces/share/custom_interfaces/package.zsh'
[7.395s] Level 1:colcon.colcon_core.environment:create_file_with_runtime_dependencies(/home/stefan/projectsLinux/BeerBot/ros2_code/install/custom_interfaces/share/colcon-core/packages/custom_interfaces)
[7.437s] Level 1:colcon.colcon_core.environment:create_environment_scripts_only(custom_interfaces)
[7.439s] Level 1:colcon.colcon_core.environment:checking '/home/stefan/projectsLinux/BeerBot/ros2_code/install/custom_interfaces' for CMake module files
[7.440s] Level 1:colcon.colcon_core.environment:checking '/home/stefan/projectsLinux/BeerBot/ros2_code/install/custom_interfaces' for CMake config files
[7.440s] Level 1:colcon.colcon_core.shell:create_environment_hook('custom_interfaces', 'cmake_prefix_path')
[7.441s] INFO:colcon.colcon_core.shell:Creating environment hook '/home/stefan/projectsLinux/BeerBot/ros2_code/install/custom_interfaces/share/custom_interfaces/hook/cmake_prefix_path.ps1'
[7.442s] INFO:colcon.colcon_core.shell:Creating environment descriptor '/home/stefan/projectsLinux/BeerBot/ros2_code/install/custom_interfaces/share/custom_interfaces/hook/cmake_prefix_path.dsv'
[7.442s] INFO:colcon.colcon_core.shell:Creating environment hook '/home/stefan/projectsLinux/BeerBot/ros2_code/install/custom_interfaces/share/custom_interfaces/hook/cmake_prefix_path.sh'
[7.442s] Level 1:colcon.colcon_core.environment:checking '/home/stefan/projectsLinux/BeerBot/ros2_code/install/custom_interfaces/lib'
[7.442s] Level 1:colcon.colcon_core.shell:create_environment_hook('custom_interfaces', 'ld_library_path_lib')
[7.443s] INFO:colcon.colcon_core.shell:Creating environment hook '/home/stefan/projectsLinux/BeerBot/ros2_code/install/custom_interfaces/share/custom_interfaces/hook/ld_library_path_lib.ps1'
[7.444s] INFO:colcon.colcon_core.shell:Creating environment descriptor '/home/stefan/projectsLinux/BeerBot/ros2_code/install/custom_interfaces/share/custom_interfaces/hook/ld_library_path_lib.dsv'
[7.444s] INFO:colcon.colcon_core.shell:Creating environment hook '/home/stefan/projectsLinux/BeerBot/ros2_code/install/custom_interfaces/share/custom_interfaces/hook/ld_library_path_lib.sh'
[7.444s] Level 1:colcon.colcon_core.environment:checking '/home/stefan/projectsLinux/BeerBot/ros2_code/install/custom_interfaces/bin'
[7.444s] Level 1:colcon.colcon_core.environment:checking '/home/stefan/projectsLinux/BeerBot/ros2_code/install/custom_interfaces/lib/pkgconfig/custom_interfaces.pc'
[7.444s] Level 1:colcon.colcon_core.environment:checking '/home/stefan/projectsLinux/BeerBot/ros2_code/install/custom_interfaces/lib/python3.8/site-packages'
[7.444s] Level 1:colcon.colcon_core.shell:create_environment_hook('custom_interfaces', 'pythonpath')
[7.445s] INFO:colcon.colcon_core.shell:Creating environment hook '/home/stefan/projectsLinux/BeerBot/ros2_code/install/custom_interfaces/share/custom_interfaces/hook/pythonpath.ps1'
[7.446s] INFO:colcon.colcon_core.shell:Creating environment descriptor '/home/stefan/projectsLinux/BeerBot/ros2_code/install/custom_interfaces/share/custom_interfaces/hook/pythonpath.dsv'
[7.446s] INFO:colcon.colcon_core.shell:Creating environment hook '/home/stefan/projectsLinux/BeerBot/ros2_code/install/custom_interfaces/share/custom_interfaces/hook/pythonpath.sh'
[7.446s] Level 1:colcon.colcon_core.environment:checking '/home/stefan/projectsLinux/BeerBot/ros2_code/install/custom_interfaces/bin'
[7.447s] INFO:colcon.colcon_core.shell:Creating package script '/home/stefan/projectsLinux/BeerBot/ros2_code/install/custom_interfaces/share/custom_interfaces/package.ps1'
[7.448s] INFO:colcon.colcon_core.shell:Creating package descriptor '/home/stefan/projectsLinux/BeerBot/ros2_code/install/custom_interfaces/share/custom_interfaces/package.dsv'
[7.448s] INFO:colcon.colcon_core.shell:Creating package script '/home/stefan/projectsLinux/BeerBot/ros2_code/install/custom_interfaces/share/custom_interfaces/package.sh'
[7.449s] INFO:colcon.colcon_core.shell:Creating package script '/home/stefan/projectsLinux/BeerBot/ros2_code/install/custom_interfaces/share/custom_interfaces/package.bash'
[7.449s] INFO:colcon.colcon_core.shell:Creating package script '/home/stefan/projectsLinux/BeerBot/ros2_code/install/custom_interfaces/share/custom_interfaces/package.zsh'
[7.449s] Level 1:colcon.colcon_core.environment:create_file_with_runtime_dependencies(/home/stefan/projectsLinux/BeerBot/ros2_code/install/custom_interfaces/share/colcon-core/packages/custom_interfaces)
[7.449s] DEBUG:colcon.colcon_parallel_executor.executor.parallel:closing loop
[7.449s] DEBUG:colcon.colcon_parallel_executor.executor.parallel:loop closed
[7.449s] DEBUG:colcon.colcon_parallel_executor.executor.parallel:run_until_complete finished with '0'
[7.449s] DEBUG:colcon.colcon_core.event_reactor:joining thread
[7.486s] INFO:colcon.colcon_core.plugin_system:Skipping extension 'colcon_notification.desktop_notification.notify_send': Could not find 'notify-send'
[7.486s] INFO:colcon.colcon_core.plugin_system:Skipping extension 'colcon_notification.desktop_notification.terminal_notifier': Not used on non-Darwin systems
[7.487s] INFO:colcon.colcon_core.plugin_system:Skipping extension 'colcon_notification.desktop_notification.win32': Not used on non-Windows systems
[7.487s] INFO:colcon.colcon_notification.desktop_notification:Sending desktop notification using 'notify2'
[7.492s] DEBUG:colcon.colcon_notification.desktop_notification.notify2:Failed to initialize notify2: org.freedesktop.DBus.Error.ServiceUnknown: The name org.freedesktop.Notifications was not provided by any .service files
[7.493s] DEBUG:colcon.colcon_core.event_reactor:joined thread
[7.495s] INFO:colcon.colcon_core.shell:Creating prefix script '/home/stefan/projectsLinux/BeerBot/ros2_code/install/local_setup.ps1'
[7.496s] INFO:colcon.colcon_core.shell:Creating prefix util module '/home/stefan/projectsLinux/BeerBot/ros2_code/install/_local_setup_util_ps1.py'
[7.497s] INFO:colcon.colcon_core.shell:Creating prefix chain script '/home/stefan/projectsLinux/BeerBot/ros2_code/install/setup.ps1'
[7.498s] INFO:colcon.colcon_core.shell:Creating prefix script '/home/stefan/projectsLinux/BeerBot/ros2_code/install/local_setup.sh'
[7.498s] INFO:colcon.colcon_core.shell:Creating prefix util module '/home/stefan/projectsLinux/BeerBot/ros2_code/install/_local_setup_util_sh.py'
[7.498s] INFO:colcon.colcon_core.shell:Creating prefix chain script '/home/stefan/projectsLinux/BeerBot/ros2_code/install/setup.sh'
[7.499s] INFO:colcon.colcon_core.shell:Creating prefix script '/home/stefan/projectsLinux/BeerBot/ros2_code/install/local_setup.bash'
[7.500s] INFO:colcon.colcon_core.shell:Creating prefix chain script '/home/stefan/projectsLinux/BeerBot/ros2_code/install/setup.bash'
[7.501s] INFO:colcon.colcon_core.shell:Creating prefix script '/home/stefan/projectsLinux/BeerBot/ros2_code/install/local_setup.zsh'
[7.501s] INFO:colcon.colcon_core.shell:Creating prefix chain script '/home/stefan/projectsLinux/BeerBot/ros2_code/install/setup.zsh'
