-- Found ament_cmake: 0.9.9 (/opt/ros/foxy/share/ament_cmake/cmake)
-- Found PythonInterp: /usr/bin/python3 (found suitable version "3.8.10", minimum required is "3") 
-- Using PYTHON_EXECUTABLE: /usr/bin/python3
-- Found rclcpp: 2.4.1 (/opt/ros/foxy/share/rclcpp/cmake)
-- Using all available rosidl_typesupport_c: rosidl_typesupport_fastrtps_c;rosidl_typesupport_introspection_c
-- Found rosidl_adapter: 1.2.1 (/opt/ros/foxy/share/rosidl_adapter/cmake)
-- Using all available rosidl_typesupport_cpp: rosidl_typesupport_fastrtps_cpp;rosidl_typesupport_introspection_cpp
-- Found rmw_implementation_cmake: 1.0.3 (/opt/ros/foxy/share/rmw_implementation_cmake/cmake)
-- Using RMW implementation 'rmw_fastrtps_cpp' as default
-- Found rosidl_default_generators: 1.0.1 (/opt/ros/foxy/share/rosidl_default_generators/cmake)
-- Found PythonInterp: /usr/bin/python3 (found version "3.8.10") 
-- Found ament_cmake_ros: 0.9.2 (/opt/ros/foxy/share/ament_cmake_ros/cmake)
-- Using all available rosidl_typesupport_c: rosidl_typesupport_fastrtps_c;rosidl_typesupport_introspection_c
-- Using all available rosidl_typesupport_cpp: rosidl_typesupport_fastrtps_cpp;rosidl_typesupport_introspection_cpp
-- Found PythonInterp: /usr/bin/python3 (found suitable version "3.8.10", minimum required is "3.5") 
-- Found python_cmake_module: 0.8.1 (/opt/ros/foxy/share/python_cmake_module/cmake)
-- Using PYTHON_EXECUTABLE: /usr/bin/python3
-- Using PYTHON_INCLUDE_DIRS: /usr/include/python3.8
-- Using PYTHON_LIBRARIES: /usr/lib/x86_64-linux-gnu/libpython3.8.so
-- Configuring done
-- Generating done
-- Build files have been written to: /home/stefan/projectsLinux/BeerBot/ros2_code/build/custom_interfaces
[  3%] Built target custom_interfaces__cpp
[ 12%] Built target custom_interfaces__rosidl_generator_c
[ 38%] Built target custom_interfaces__rosidl_typesupport_c
[ 38%] Built target custom_interfaces__rosidl_typesupport_introspection_c
[ 41%] Built target custom_interfaces__rosidl_typesupport_introspection_cpp
[ 51%] Built target custom_interfaces__rosidl_typesupport_cpp
[ 61%] Built target custom_interfaces__rosidl_typesupport_fastrtps_cpp
[ 70%] Built target custom_interfaces__rosidl_typesupport_fastrtps_c
[ 70%] Built target custom_interfaces
[ 74%] Built target custom_interfaces__py
[ 80%] Built target custom_interfaces__python
[ 93%] Built target custom_interfaces__rosidl_typesupport_introspection_c__pyext
[ 93%] Built target custom_interfaces__rosidl_typesupport_c__pyext
[100%] Built target custom_interfaces__rosidl_typesupport_fastrtps_c__pyext
-- Install configuration: ""
-- Up-to-date: /home/stefan/projectsLinux/BeerBot/ros2_code/install/custom_interfaces/share/ament_index/resource_index/rosidl_interfaces/custom_interfaces
-- Up-to-date: /home/stefan/projectsLinux/BeerBot/ros2_code/install/custom_interfaces/include/custom_interfaces
-- Up-to-date: /home/stefan/projectsLinux/BeerBot/ros2_code/install/custom_interfaces/include/custom_interfaces/msg
-- Up-to-date: /home/stefan/projectsLinux/BeerBot/ros2_code/install/custom_interfaces/include/custom_interfaces/msg/servo_data.h
-- Up-to-date: /home/stefan/projectsLinux/BeerBot/ros2_code/install/custom_interfaces/include/custom_interfaces/msg/rosidl_generator_c__visibility_control.h
-- Up-to-date: /home/stefan/projectsLinux/BeerBot/ros2_code/install/custom_interfaces/include/custom_interfaces/msg/detail
-- Up-to-date: /home/stefan/projectsLinux/BeerBot/ros2_code/install/custom_interfaces/include/custom_interfaces/msg/detail/servo_data__functions.c
-- Up-to-date: /home/stefan/projectsLinux/BeerBot/ros2_code/install/custom_interfaces/include/custom_interfaces/msg/detail/servo_data__functions.h
-- Up-to-date: /home/stefan/projectsLinux/BeerBot/ros2_code/install/custom_interfaces/include/custom_interfaces/msg/detail/servo_data__type_support.h
-- Up-to-date: /home/stefan/projectsLinux/BeerBot/ros2_code/install/custom_interfaces/include/custom_interfaces/msg/detail/servo_data__struct.h
-- Up-to-date: /home/stefan/projectsLinux/BeerBot/ros2_code/install/custom_interfaces/share/custom_interfaces/environment/library_path.sh
-- Installing: /home/stefan/projectsLinux/BeerBot/ros2_code/install/custom_interfaces/share/custom_interfaces/environment/library_path.dsv
-- Up-to-date: /home/stefan/projectsLinux/BeerBot/ros2_code/install/custom_interfaces/lib/libcustom_interfaces__rosidl_generator_c.so
-- Up-to-date: /home/stefan/projectsLinux/BeerBot/ros2_code/install/custom_interfaces/include/custom_interfaces
-- Up-to-date: /home/stefan/projectsLinux/BeerBot/ros2_code/install/custom_interfaces/include/custom_interfaces/msg
-- Up-to-date: /home/stefan/projectsLinux/BeerBot/ros2_code/install/custom_interfaces/include/custom_interfaces/msg/rosidl_typesupport_fastrtps_c__visibility_control.h
-- Up-to-date: /home/stefan/projectsLinux/BeerBot/ros2_code/install/custom_interfaces/include/custom_interfaces/msg/detail
-- Up-to-date: /home/stefan/projectsLinux/BeerBot/ros2_code/install/custom_interfaces/include/custom_interfaces/msg/detail/servo_data__rosidl_typesupport_fastrtps_c.h
-- Up-to-date: /home/stefan/projectsLinux/BeerBot/ros2_code/install/custom_interfaces/lib/libcustom_interfaces__rosidl_typesupport_fastrtps_c.so
-- Up-to-date: /home/stefan/projectsLinux/BeerBot/ros2_code/install/custom_interfaces/include/custom_interfaces
-- Up-to-date: /home/stefan/projectsLinux/BeerBot/ros2_code/install/custom_interfaces/include/custom_interfaces/msg
-- Up-to-date: /home/stefan/projectsLinux/BeerBot/ros2_code/install/custom_interfaces/include/custom_interfaces/msg/rosidl_typesupport_fastrtps_cpp__visibility_control.h
-- Up-to-date: /home/stefan/projectsLinux/BeerBot/ros2_code/install/custom_interfaces/include/custom_interfaces/msg/detail
-- Up-to-date: /home/stefan/projectsLinux/BeerBot/ros2_code/install/custom_interfaces/include/custom_interfaces/msg/detail/servo_data__rosidl_typesupport_fastrtps_cpp.hpp
-- Up-to-date: /home/stefan/projectsLinux/BeerBot/ros2_code/install/custom_interfaces/include/custom_interfaces/msg/detail/dds_fastrtps
-- Up-to-date: /home/stefan/projectsLinux/BeerBot/ros2_code/install/custom_interfaces/lib/libcustom_interfaces__rosidl_typesupport_fastrtps_cpp.so
-- Up-to-date: /home/stefan/projectsLinux/BeerBot/ros2_code/install/custom_interfaces/include/custom_interfaces
-- Up-to-date: /home/stefan/projectsLinux/BeerBot/ros2_code/install/custom_interfaces/include/custom_interfaces/msg
-- Up-to-date: /home/stefan/projectsLinux/BeerBot/ros2_code/install/custom_interfaces/include/custom_interfaces/msg/rosidl_typesupport_introspection_c__visibility_control.h
-- Up-to-date: /home/stefan/projectsLinux/BeerBot/ros2_code/install/custom_interfaces/include/custom_interfaces/msg/detail
-- Up-to-date: /home/stefan/projectsLinux/BeerBot/ros2_code/install/custom_interfaces/include/custom_interfaces/msg/detail/servo_data__rosidl_typesupport_introspection_c.h
-- Up-to-date: /home/stefan/projectsLinux/BeerBot/ros2_code/install/custom_interfaces/include/custom_interfaces/msg/detail/servo_data__type_support.c
-- Up-to-date: /home/stefan/projectsLinux/BeerBot/ros2_code/install/custom_interfaces/lib/libcustom_interfaces__rosidl_typesupport_introspection_c.so
-- Up-to-date: /home/stefan/projectsLinux/BeerBot/ros2_code/install/custom_interfaces/lib/libcustom_interfaces__rosidl_typesupport_c.so
-- Up-to-date: /home/stefan/projectsLinux/BeerBot/ros2_code/install/custom_interfaces/include/custom_interfaces
-- Up-to-date: /home/stefan/projectsLinux/BeerBot/ros2_code/install/custom_interfaces/include/custom_interfaces/msg
-- Up-to-date: /home/stefan/projectsLinux/BeerBot/ros2_code/install/custom_interfaces/include/custom_interfaces/msg/servo_data.hpp
-- Up-to-date: /home/stefan/projectsLinux/BeerBot/ros2_code/install/custom_interfaces/include/custom_interfaces/msg/detail
-- Up-to-date: /home/stefan/projectsLinux/BeerBot/ros2_code/install/custom_interfaces/include/custom_interfaces/msg/detail/servo_data__traits.hpp
-- Up-to-date: /home/stefan/projectsLinux/BeerBot/ros2_code/install/custom_interfaces/include/custom_interfaces/msg/detail/servo_data__struct.hpp
-- Up-to-date: /home/stefan/projectsLinux/BeerBot/ros2_code/install/custom_interfaces/include/custom_interfaces/msg/detail/servo_data__builder.hpp
-- Up-to-date: /home/stefan/projectsLinux/BeerBot/ros2_code/install/custom_interfaces/include/custom_interfaces
-- Up-to-date: /home/stefan/projectsLinux/BeerBot/ros2_code/install/custom_interfaces/include/custom_interfaces/msg
-- Up-to-date: /home/stefan/projectsLinux/BeerBot/ros2_code/install/custom_interfaces/include/custom_interfaces/msg/detail
-- Up-to-date: /home/stefan/projectsLinux/BeerBot/ros2_code/install/custom_interfaces/include/custom_interfaces/msg/detail/servo_data__type_support.cpp
-- Up-to-date: /home/stefan/projectsLinux/BeerBot/ros2_code/install/custom_interfaces/include/custom_interfaces/msg/detail/servo_data__rosidl_typesupport_introspection_cpp.hpp
-- Up-to-date: /home/stefan/projectsLinux/BeerBot/ros2_code/install/custom_interfaces/lib/libcustom_interfaces__rosidl_typesupport_introspection_cpp.so
-- Up-to-date: /home/stefan/projectsLinux/BeerBot/ros2_code/install/custom_interfaces/lib/libcustom_interfaces__rosidl_typesupport_cpp.so
-- Up-to-date: /home/stefan/projectsLinux/BeerBot/ros2_code/install/custom_interfaces/share/custom_interfaces/environment/pythonpath.sh
-- Installing: /home/stefan/projectsLinux/BeerBot/ros2_code/install/custom_interfaces/share/custom_interfaces/environment/pythonpath.dsv
-- Installing: /home/stefan/projectsLinux/BeerBot/ros2_code/install/custom_interfaces/lib/python3.8/site-packages/custom_interfaces/__init__.py
Compiling '/home/stefan/projectsLinux/BeerBot/ros2_code/install/custom_interfaces/lib/python3.8/site-packages/custom_interfaces/__init__.py'...
-- Up-to-date: /home/stefan/projectsLinux/BeerBot/ros2_code/install/custom_interfaces/lib/python3.8/site-packages/custom_interfaces/msg
-- Up-to-date: /home/stefan/projectsLinux/BeerBot/ros2_code/install/custom_interfaces/lib/python3.8/site-packages/custom_interfaces/msg/_servo_data_s.c
-- Up-to-date: /home/stefan/projectsLinux/BeerBot/ros2_code/install/custom_interfaces/lib/python3.8/site-packages/custom_interfaces/msg/__init__.py
-- Up-to-date: /home/stefan/projectsLinux/BeerBot/ros2_code/install/custom_interfaces/lib/python3.8/site-packages/custom_interfaces/msg/_servo_data.py
-- Up-to-date: /home/stefan/projectsLinux/BeerBot/ros2_code/install/custom_interfaces/lib/python3.8/site-packages/custom_interfaces/custom_interfaces_s__rosidl_typesupport_fastrtps_c.cpython-38-x86_64-linux-gnu.so
-- Up-to-date: /home/stefan/projectsLinux/BeerBot/ros2_code/install/custom_interfaces/lib/python3.8/site-packages/custom_interfaces/custom_interfaces_s__rosidl_typesupport_introspection_c.cpython-38-x86_64-linux-gnu.so
-- Up-to-date: /home/stefan/projectsLinux/BeerBot/ros2_code/install/custom_interfaces/lib/python3.8/site-packages/custom_interfaces/custom_interfaces_s__rosidl_typesupport_c.cpython-38-x86_64-linux-gnu.so
-- Up-to-date: /home/stefan/projectsLinux/BeerBot/ros2_code/install/custom_interfaces/lib/libcustom_interfaces__python.so
-- Up-to-date: /home/stefan/projectsLinux/BeerBot/ros2_code/install/custom_interfaces/share/custom_interfaces/msg/ServoData.idl
-- Up-to-date: /home/stefan/projectsLinux/BeerBot/ros2_code/install/custom_interfaces/share/custom_interfaces/msg/ServoData.msg
