[0.025s] Invoking command in '/home/stefan/projectsLinux/BeerBot/ros2_code/build/template_code': CMAKE_PREFIX_PATH=${CMAKE_PREFIX_PATH}:/home/stefan/ws/install/opencv_tests:/opt/ros/foxy /usr/bin/cmake --build /home/stefan/projectsLinux/BeerBot/ros2_code/build/template_code -- -j8 -l8
[0.043s] -- Found ament_cmake: 0.9.9 (/opt/ros/foxy/share/ament_cmake/cmake)
[0.068s] -- Using PYTHON_EXECUTABLE: /usr/bin/python3
[0.234s] -- Found rclcpp: 2.4.1 (/opt/ros/foxy/share/rclcpp/cmake)
[0.330s] -- Using all available rosidl_typesupport_c: rosidl_typesupport_fastrtps_c;rosidl_typesupport_introspection_c
[0.332s] -- Found rosidl_adapter: 1.2.1 (/opt/ros/foxy/share/rosidl_adapter/cmake)
[2.023s] -- Using all available rosidl_typesupport_cpp: rosidl_typesupport_fastrtps_cpp;rosidl_typesupport_introspection_cpp
[2.062s] -- Found rmw_implementation_cmake: 1.0.3 (/opt/ros/foxy/share/rmw_implementation_cmake/cmake)
[2.064s] -- Using RMW implementation 'rmw_fastrtps_cpp' as default
[2.185s] -- Found rosidl_default_generators: 1.0.1 (/opt/ros/foxy/share/rosidl_default_generators/cmake)
[2.194s] CMake Error at /opt/ros/foxy/share/rosidl_cmake/cmake/rosidl_generate_interfaces.cmake:93 (message):
[2.194s]   rosidl_generate_interfaces() the passed file 'msg/ServoData.msg' doesn't
[2.195s]   exist relative to the CMAKE_CURRENT_SOURCE_DIR
[2.195s]   '/home/stefan/projectsLinux/BeerBot/ros2_code/src/template_code'
[2.195s] Call Stack (most recent call first):
[2.195s]   CMakeLists.txt:22 (rosidl_generate_interfaces)
[2.195s] 
[2.195s] 
[2.195s] -- Configuring incomplete, errors occurred!
[2.195s] See also "/home/stefan/projectsLinux/BeerBot/ros2_code/build/template_code/CMakeFiles/CMakeOutput.log".
[2.195s] See also "/home/stefan/projectsLinux/BeerBot/ros2_code/build/template_code/CMakeFiles/CMakeError.log".
[2.202s] make: *** [Makefile:792: cmake_check_build_system] Error 1
[2.205s] Invoked command in '/home/stefan/projectsLinux/BeerBot/ros2_code/build/template_code' returned '2': CMAKE_PREFIX_PATH=${CMAKE_PREFIX_PATH}:/home/stefan/ws/install/opencv_tests:/opt/ros/foxy /usr/bin/cmake --build /home/stefan/projectsLinux/BeerBot/ros2_code/build/template_code -- -j8 -l8
