[0.025s] Invoking command in '/home/stefan/projectsLinux/BeerBot/ros2_code/build/template_code': CMAKE_PREFIX_PATH=${CMAKE_PREFIX_PATH}:/opt/ros/foxy /usr/bin/cmake --build /home/stefan/projectsLinux/BeerBot/ros2_code/build/template_code -- -j8 -l8
[0.045s] -- Found ament_cmake: 0.9.9 (/opt/ros/foxy/share/ament_cmake/cmake)
[0.068s] -- Using PYTHON_EXECUTABLE: /usr/bin/python3
[0.261s] -- Found rclcpp: 2.4.1 (/opt/ros/foxy/share/rclcpp/cmake)
[0.399s] -- Using all available rosidl_typesupport_c: rosidl_typesupport_fastrtps_c;rosidl_typesupport_introspection_c
[0.401s] -- Found rosidl_adapter: 1.2.1 (/opt/ros/foxy/share/rosidl_adapter/cmake)
[2.916s] -- Using all available rosidl_typesupport_cpp: rosidl_typesupport_fastrtps_cpp;rosidl_typesupport_introspection_cpp
[2.956s] -- Found rmw_implementation_cmake: 1.0.3 (/opt/ros/foxy/share/rmw_implementation_cmake/cmake)
[2.958s] -- Using RMW implementation 'rmw_fastrtps_cpp' as default
[3.075s] -- Found rosidl_default_generators: 1.0.1 (/opt/ros/foxy/share/rosidl_default_generators/cmake)
[3.083s] CMake Error at /opt/ros/foxy/share/rosidl_cmake/cmake/rosidl_generate_interfaces.cmake:93 (message):
[3.083s]   rosidl_generate_interfaces() the passed file 'msg/ServoData.msg' doesn't
[3.084s]   exist relative to the CMAKE_CURRENT_SOURCE_DIR
[3.084s]   '/home/stefan/projectsLinux/BeerBot/ros2_code/src/template_code'
[3.084s] Call Stack (most recent call first):
[3.084s]   CMakeLists.txt:22 (rosidl_generate_interfaces)
[3.084s] 
[3.084s] 
[3.085s] -- Configuring incomplete, errors occurred!
[3.085s] See also "/home/stefan/projectsLinux/BeerBot/ros2_code/build/template_code/CMakeFiles/CMakeOutput.log".
[3.085s] See also "/home/stefan/projectsLinux/BeerBot/ros2_code/build/template_code/CMakeFiles/CMakeError.log".
[3.089s] make: *** [Makefile:792: cmake_check_build_system] Error 1
[3.091s] Invoked command in '/home/stefan/projectsLinux/BeerBot/ros2_code/build/template_code' returned '2': CMAKE_PREFIX_PATH=${CMAKE_PREFIX_PATH}:/opt/ros/foxy /usr/bin/cmake --build /home/stefan/projectsLinux/BeerBot/ros2_code/build/template_code -- -j8 -l8
